nohup: ignoring input
使用 4 个GPU工作节点和1个参数服务器进行训练
[Gloo] Rank 3 is connected to 4 peer ranks. Expected number of connected peer ranks is : 4
[Gloo] Rank 4 is connected to 4 peer ranks. Expected number of connected peer ranks is : 4
[Gloo] Rank 0 is connected to 4 peer ranks. Expected number of connected peer ranks is : 4
[Gloo] Rank 2 is connected to 4 peer ranks. Expected number of connected peer ranks is : 4
[Gloo] Rank 1 is connected to 4 peer ranks. Expected number of connected peer ranks is : 4
工作节点 4 已启动
工作节点 4: Epoch 1/3 开始
工作节点 3 已启动
工作节点 3: Epoch 1/3 开始
工作节点 2 已启动
工作节点 2: Epoch 1/3 开始
工作节点 1 已启动
工作节点 1: Epoch 1/3 开始
Process Process-1:
Process Process-2:
Traceback (most recent call last):
Traceback (most recent call last):
  File "/usr/lib/python3.12/multiprocessing/process.py", line 314, in _bootstrap
    self.run()
  File "/usr/lib/python3.12/multiprocessing/process.py", line 108, in run
    self._target(*self._args, **self._kwargs)
  File "/inspire/ssd/project/wuliqifa/weilongxuan-253108120168/resnet50/train_ps.py", line 61, in parameter_server
    dist.recv(tensor=grad_tensor, src=worker_rank)
  File "/usr/local/lib/python3.12/dist-packages/torch/distributed/c10d_logger.py", line 81, in wrapper
    return func(*args, **kwargs)
           ^^^^^^^^^^^^^^^^^^^^^
  File "/usr/local/lib/python3.12/dist-packages/torch/distributed/distributed_c10d.py", line 2476, in recv
    work.wait()
RuntimeError: [/opt/pytorch/pytorch/third_party/gloo/gloo/transport/tcp/pair.cc:539] Connection closed by peer [10.244.187.126]:32160
  File "/usr/lib/python3.12/multiprocessing/process.py", line 314, in _bootstrap
    self.run()
  File "/usr/lib/python3.12/multiprocessing/process.py", line 108, in run
    self._target(*self._args, **self._kwargs)
  File "/inspire/ssd/project/wuliqifa/weilongxuan-253108120168/resnet50/train_ps.py", line 220, in worker
    dist.send(tensor=param.grad.data, dst=0)
  File "/usr/local/lib/python3.12/dist-packages/torch/distributed/c10d_logger.py", line 81, in wrapper
    return func(*args, **kwargs)
           ^^^^^^^^^^^^^^^^^^^^^
  File "/usr/local/lib/python3.12/dist-packages/torch/distributed/distributed_c10d.py", line 2441, in send
    work = isend(tensor, group=group, tag=tag, group_dst=group_dst)
           ^^^^^^^^^^^^^^^^^^^^^^^^^^^^^^^^^^^^^^^^^^^^^^^^^^^^^^^^
  File "/usr/local/lib/python3.12/dist-packages/torch/distributed/distributed_c10d.py", line 2366, in isend
    return group.send([tensor], group_dst, tag)
           ^^^^^^^^^^^^^^^^^^^^^^^^^^^^^^^^^^^^
RuntimeError: [/opt/pytorch/pytorch/third_party/gloo/gloo/transport/tcp/pair.cc:336] writev [10.244.187.126]:1737: Bad address
参数服务器已启动，等待工作节点连接...
参数服务器: Epoch 1/3 开始
Process Process-5:
Process Process-4:
Process Process-3:
Traceback (most recent call last):
  File "/usr/lib/python3.12/multiprocessing/process.py", line 314, in _bootstrap
    self.run()
  File "/usr/lib/python3.12/multiprocessing/process.py", line 108, in run
    self._target(*self._args, **self._kwargs)
  File "/inspire/ssd/project/wuliqifa/weilongxuan-253108120168/resnet50/train_ps.py", line 220, in worker
    dist.send(tensor=param.grad.data, dst=0)
  File "/usr/local/lib/python3.12/dist-packages/torch/distributed/c10d_logger.py", line 81, in wrapper
    return func(*args, **kwargs)
           ^^^^^^^^^^^^^^^^^^^^^
  File "/usr/local/lib/python3.12/dist-packages/torch/distributed/distributed_c10d.py", line 2443, in send
    work.wait()
RuntimeError: [/opt/pytorch/pytorch/third_party/gloo/gloo/transport/tcp/pair.cc:539] Connection closed by peer [10.244.187.126]:40325
Traceback (most recent call last):
Traceback (most recent call last):
  File "/usr/lib/python3.12/multiprocessing/process.py", line 314, in _bootstrap
    self.run()
  File "/usr/lib/python3.12/multiprocessing/process.py", line 108, in run
    self._target(*self._args, **self._kwargs)
  File "/usr/lib/python3.12/multiprocessing/process.py", line 314, in _bootstrap
    self.run()
  File "/inspire/ssd/project/wuliqifa/weilongxuan-253108120168/resnet50/train_ps.py", line 220, in worker
    dist.send(tensor=param.grad.data, dst=0)
  File "/usr/lib/python3.12/multiprocessing/process.py", line 108, in run
    self._target(*self._args, **self._kwargs)
  File "/usr/local/lib/python3.12/dist-packages/torch/distributed/c10d_logger.py", line 81, in wrapper
    return func(*args, **kwargs)
           ^^^^^^^^^^^^^^^^^^^^^
  File "/inspire/ssd/project/wuliqifa/weilongxuan-253108120168/resnet50/train_ps.py", line 220, in worker
    dist.send(tensor=param.grad.data, dst=0)
  File "/usr/local/lib/python3.12/dist-packages/torch/distributed/distributed_c10d.py", line 2443, in send
    work.wait()
  File "/usr/local/lib/python3.12/dist-packages/torch/distributed/c10d_logger.py", line 81, in wrapper
    return func(*args, **kwargs)
           ^^^^^^^^^^^^^^^^^^^^^
  File "/usr/local/lib/python3.12/dist-packages/torch/distributed/distributed_c10d.py", line 2443, in send
    work.wait()
RuntimeError: [/opt/pytorch/pytorch/third_party/gloo/gloo/transport/tcp/pair.cc:539] Connection closed by peer [10.244.187.126]:53438
RuntimeError: [/opt/pytorch/pytorch/third_party/gloo/gloo/transport/tcp/pair.cc:539] Connection closed by peer [10.244.187.126]:40325
工作节点 1 - Train Epoch: 1 [0/1281167 (0%)]	Loss: 7.1507
工作节点 1 - Train Epoch: 1 [1280/1281167 (0%)]	Loss: 7.1443
工作节点 1 - Train Epoch: 1 [2560/1281167 (1%)]	Loss: 7.0602
工作节点 1 - Train Epoch: 1 [3840/1281167 (1%)]	Loss: 7.1246
工作节点 1 - Train Epoch: 1 [5120/1281167 (2%)]	Loss: 7.1262
工作节点 1 - Train Epoch: 1 [6400/1281167 (2%)]	Loss: 7.1777
工作节点 1 - Train Epoch: 1 [7680/1281167 (2%)]	Loss: 7.1015
工作节点 1 - Train Epoch: 1 [8960/1281167 (3%)]	Loss: 7.0190
工作节点 1 - Train Epoch: 1 [10240/1281167 (3%)]	Loss: 7.0653
工作节点 1 - Train Epoch: 1 [11520/1281167 (4%)]	Loss: 7.0623
工作节点 1 - Train Epoch: 1 [12800/1281167 (4%)]	Loss: 7.0577
工作节点 1 - Train Epoch: 1 [14080/1281167 (4%)]	Loss: 7.0836
工作节点 1 - Train Epoch: 1 [15360/1281167 (5%)]	Loss: 7.0778
工作节点 1 - Train Epoch: 1 [16640/1281167 (5%)]	Loss: 7.0671
工作节点 1 - Train Epoch: 1 [17920/1281167 (6%)]	Loss: 7.1608
工作节点 1 - Train Epoch: 1 [19200/1281167 (6%)]	Loss: 7.1638
工作节点 1 - Train Epoch: 1 [20480/1281167 (6%)]	Loss: 7.0635
工作节点 1 - Train Epoch: 1 [21760/1281167 (7%)]	Loss: 7.0935
工作节点 1 - Train Epoch: 1 [23040/1281167 (7%)]	Loss: 7.0791
工作节点 1 - Train Epoch: 1 [24320/1281167 (8%)]	Loss: 7.0964
工作节点 1 - Train Epoch: 1 [25600/1281167 (8%)]	Loss: 7.0863
工作节点 1 - Train Epoch: 1 [26880/1281167 (8%)]	Loss: 7.1235
工作节点 1 - Train Epoch: 1 [28160/1281167 (9%)]	Loss: 7.1111
工作节点 1 - Train Epoch: 1 [29440/1281167 (9%)]	Loss: 7.1162
工作节点 1 - Train Epoch: 1 [30720/1281167 (10%)]	Loss: 7.0570
工作节点 1 - Train Epoch: 1 [32000/1281167 (10%)]	Loss: 7.1184
工作节点 1 - Train Epoch: 1 [33280/1281167 (10%)]	Loss: 7.1200
工作节点 1 - Train Epoch: 1 [34560/1281167 (11%)]	Loss: 7.1700
工作节点 1 - Train Epoch: 1 [35840/1281167 (11%)]	Loss: 7.1408
工作节点 1 - Train Epoch: 1 [37120/1281167 (12%)]	Loss: 7.0338
工作节点 1 - Train Epoch: 1 [38400/1281167 (12%)]	Loss: 7.1054
工作节点 1 - Train Epoch: 1 [39680/1281167 (12%)]	Loss: 7.0971
工作节点 1 - Train Epoch: 1 [40960/1281167 (13%)]	Loss: 7.1211
工作节点 1 - Train Epoch: 1 [42240/1281167 (13%)]	Loss: 7.0781
工作节点 1 - Train Epoch: 1 [43520/1281167 (14%)]	Loss: 7.1711
工作节点 1 - Train Epoch: 1 [44800/1281167 (14%)]	Loss: 7.1026
工作节点 1 - Train Epoch: 1 [46080/1281167 (14%)]	Loss: 7.1118
工作节点 1 - Train Epoch: 1 [47360/1281167 (15%)]	Loss: 7.0920
工作节点 1 - Train Epoch: 1 [48640/1281167 (15%)]	Loss: 7.1131
工作节点 1 - Train Epoch: 1 [49920/1281167 (16%)]	Loss: 7.0470
工作节点 1 - Train Epoch: 1 [51200/1281167 (16%)]	Loss: 6.9881
工作节点 1 - Train Epoch: 1 [52480/1281167 (16%)]	Loss: 7.0768
工作节点 1 - Train Epoch: 1 [53760/1281167 (17%)]	Loss: 7.1730
工作节点 1 - Train Epoch: 1 [55040/1281167 (17%)]	Loss: 7.0677
工作节点 1 - Train Epoch: 1 [56320/1281167 (18%)]	Loss: 7.0921
工作节点 1 - Train Epoch: 1 [57600/1281167 (18%)]	Loss: 7.0575
工作节点 1 - Train Epoch: 1 [58880/1281167 (18%)]	Loss: 7.1438
工作节点 1 - Train Epoch: 1 [60160/1281167 (19%)]	Loss: 7.1248
工作节点 1 - Train Epoch: 1 [61440/1281167 (19%)]	Loss: 7.1274
工作节点 1 - Train Epoch: 1 [62720/1281167 (20%)]	Loss: 7.1145
工作节点 1 - Train Epoch: 1 [64000/1281167 (20%)]	Loss: 7.0540
工作节点 1 - Train Epoch: 1 [65280/1281167 (20%)]	Loss: 7.0356
工作节点 1 - Train Epoch: 1 [66560/1281167 (21%)]	Loss: 7.0860
工作节点 1 - Train Epoch: 1 [67840/1281167 (21%)]	Loss: 7.1136
工作节点 1 - Train Epoch: 1 [69120/1281167 (22%)]	Loss: 7.0792
工作节点 1 - Train Epoch: 1 [70400/1281167 (22%)]	Loss: 7.1472
工作节点 1 - Train Epoch: 1 [71680/1281167 (22%)]	Loss: 7.0690
工作节点 1 - Train Epoch: 1 [72960/1281167 (23%)]	Loss: 7.0700
工作节点 1 - Train Epoch: 1 [74240/1281167 (23%)]	Loss: 7.0830
工作节点 1 - Train Epoch: 1 [75520/1281167 (24%)]	Loss: 7.0851
工作节点 1 - Train Epoch: 1 [76800/1281167 (24%)]	Loss: 7.0805
工作节点 1 - Train Epoch: 1 [78080/1281167 (24%)]	Loss: 7.0914
工作节点 1 - Train Epoch: 1 [79360/1281167 (25%)]	Loss: 7.0950
工作节点 1 - Train Epoch: 1 [80640/1281167 (25%)]	Loss: 7.0074
工作节点 1 - Train Epoch: 1 [81920/1281167 (26%)]	Loss: 7.1377
工作节点 1 - Train Epoch: 1 [83200/1281167 (26%)]	Loss: 7.1331
工作节点 1 - Train Epoch: 1 [84480/1281167 (26%)]	Loss: 7.0004
工作节点 1 - Train Epoch: 1 [85760/1281167 (27%)]	Loss: 7.0701
工作节点 1 - Train Epoch: 1 [87040/1281167 (27%)]	Loss: 7.0085
工作节点 1 - Train Epoch: 1 [88320/1281167 (28%)]	Loss: 7.1691
工作节点 1 - Train Epoch: 1 [89600/1281167 (28%)]	Loss: 7.1174
工作节点 1 - Train Epoch: 1 [90880/1281167 (28%)]	Loss: 7.1654
工作节点 1 - Train Epoch: 1 [92160/1281167 (29%)]	Loss: 7.1792
工作节点 1 - Train Epoch: 1 [93440/1281167 (29%)]	Loss: 7.0545
工作节点 1 - Train Epoch: 1 [94720/1281167 (30%)]	Loss: 7.0409
工作节点 1 - Train Epoch: 1 [96000/1281167 (30%)]	Loss: 7.0531
工作节点 1 - Train Epoch: 1 [97280/1281167 (30%)]	Loss: 7.1550
工作节点 1 - Train Epoch: 1 [98560/1281167 (31%)]	Loss: 7.0918
工作节点 1 - Train Epoch: 1 [99840/1281167 (31%)]	Loss: 7.1580
工作节点 1 - Train Epoch: 1 [101120/1281167 (32%)]	Loss: 7.0964
工作节点 1 - Train Epoch: 1 [102400/1281167 (32%)]	Loss: 7.0285
工作节点 1 - Train Epoch: 1 [103680/1281167 (32%)]	Loss: 7.0584
工作节点 1 - Train Epoch: 1 [104960/1281167 (33%)]	Loss: 7.0798
工作节点 1 - Train Epoch: 1 [106240/1281167 (33%)]	Loss: 7.0582
工作节点 1 - Train Epoch: 1 [107520/1281167 (34%)]	Loss: 7.1080
工作节点 1 - Train Epoch: 1 [108800/1281167 (34%)]	Loss: 7.0520
工作节点 1 - Train Epoch: 1 [110080/1281167 (34%)]	Loss: 7.1055
工作节点 1 - Train Epoch: 1 [111360/1281167 (35%)]	Loss: 7.1177
工作节点 1 - Train Epoch: 1 [112640/1281167 (35%)]	Loss: 7.0859
工作节点 1 - Train Epoch: 1 [113920/1281167 (36%)]	Loss: 7.0337
工作节点 1 - Train Epoch: 1 [115200/1281167 (36%)]	Loss: 7.0863
工作节点 1 - Train Epoch: 1 [116480/1281167 (36%)]	Loss: 7.0872
工作节点 1 - Train Epoch: 1 [117760/1281167 (37%)]	Loss: 7.1530
工作节点 1 - Train Epoch: 1 [119040/1281167 (37%)]	Loss: 7.1212
工作节点 1 - Train Epoch: 1 [120320/1281167 (38%)]	Loss: 7.1404
工作节点 1 - Train Epoch: 1 [121600/1281167 (38%)]	Loss: 7.0553
工作节点 1 - Train Epoch: 1 [122880/1281167 (38%)]	Loss: 7.0246
工作节点 1 - Train Epoch: 1 [124160/1281167 (39%)]	Loss: 7.1113
工作节点 1 - Train Epoch: 1 [125440/1281167 (39%)]	Loss: 7.1806
工作节点 1 - Train Epoch: 1 [126720/1281167 (40%)]	Loss: 7.0808
工作节点 1 - Train Epoch: 1 [128000/1281167 (40%)]	Loss: 7.1491
工作节点 1 - Train Epoch: 1 [129280/1281167 (40%)]	Loss: 7.0681
工作节点 1 - Train Epoch: 1 [130560/1281167 (41%)]	Loss: 7.1628
工作节点 1 - Train Epoch: 1 [131840/1281167 (41%)]	Loss: 7.1432
工作节点 1 - Train Epoch: 1 [133120/1281167 (42%)]	Loss: 7.0122
工作节点 1 - Train Epoch: 1 [134400/1281167 (42%)]	Loss: 7.0357
工作节点 1 - Train Epoch: 1 [135680/1281167 (42%)]	Loss: 7.0299
工作节点 1 - Train Epoch: 1 [136960/1281167 (43%)]	Loss: 7.1334
工作节点 1 - Train Epoch: 1 [138240/1281167 (43%)]	Loss: 6.9681
工作节点 1 - Train Epoch: 1 [139520/1281167 (44%)]	Loss: 7.1209
工作节点 1 - Train Epoch: 1 [140800/1281167 (44%)]	Loss: 7.0745
工作节点 1 - Train Epoch: 1 [142080/1281167 (44%)]	Loss: 7.2529
工作节点 1 - Train Epoch: 1 [143360/1281167 (45%)]	Loss: 7.1607
工作节点 1 - Train Epoch: 1 [144640/1281167 (45%)]	Loss: 7.0617
工作节点 1 - Train Epoch: 1 [145920/1281167 (46%)]	Loss: 7.1522
工作节点 1 - Train Epoch: 1 [147200/1281167 (46%)]	Loss: 7.0932
工作节点 1 - Train Epoch: 1 [148480/1281167 (46%)]	Loss: 7.1080
工作节点 1 - Train Epoch: 1 [149760/1281167 (47%)]	Loss: 7.1141
工作节点 1 - Train Epoch: 1 [151040/1281167 (47%)]	Loss: 7.1293
工作节点 1 - Train Epoch: 1 [152320/1281167 (48%)]	Loss: 7.1439
工作节点 1 - Train Epoch: 1 [153600/1281167 (48%)]	Loss: 7.1957
工作节点 1 - Train Epoch: 1 [154880/1281167 (48%)]	Loss: 7.1308
工作节点 1 - Train Epoch: 1 [156160/1281167 (49%)]	Loss: 6.9920
工作节点 1 - Train Epoch: 1 [157440/1281167 (49%)]	Loss: 7.0801
工作节点 1 - Train Epoch: 1 [158720/1281167 (50%)]	Loss: 7.0586
工作节点 1 - Train Epoch: 1 [160000/1281167 (50%)]	Loss: 7.0923
工作节点 1 - Train Epoch: 1 [161280/1281167 (50%)]	Loss: 7.0392
工作节点 1 - Train Epoch: 1 [162560/1281167 (51%)]	Loss: 7.1626
工作节点 1 - Train Epoch: 1 [163840/1281167 (51%)]	Loss: 7.0445
工作节点 1 - Train Epoch: 1 [165120/1281167 (52%)]	Loss: 7.0773
工作节点 1 - Train Epoch: 1 [166400/1281167 (52%)]	Loss: 7.0946
工作节点 1 - Train Epoch: 1 [167680/1281167 (52%)]	Loss: 7.0895
工作节点 1 - Train Epoch: 1 [168960/1281167 (53%)]	Loss: 7.0738
工作节点 1 - Train Epoch: 1 [170240/1281167 (53%)]	Loss: 7.0194
工作节点 1 - Train Epoch: 1 [171520/1281167 (54%)]	Loss: 7.1387
工作节点 1 - Train Epoch: 1 [172800/1281167 (54%)]	Loss: 6.9786
工作节点 1 - Train Epoch: 1 [174080/1281167 (54%)]	Loss: 7.1792
工作节点 1 - Train Epoch: 1 [175360/1281167 (55%)]	Loss: 7.1726
工作节点 1 - Train Epoch: 1 [176640/1281167 (55%)]	Loss: 7.1364
工作节点 1 - Train Epoch: 1 [177920/1281167 (56%)]	Loss: 7.1325
工作节点 1 - Train Epoch: 1 [179200/1281167 (56%)]	Loss: 7.0229
工作节点 1 - Train Epoch: 1 [180480/1281167 (56%)]	Loss: 7.0645
工作节点 1 - Train Epoch: 1 [181760/1281167 (57%)]	Loss: 7.1526
工作节点 1 - Train Epoch: 1 [183040/1281167 (57%)]	Loss: 7.1009
工作节点 1 - Train Epoch: 1 [184320/1281167 (58%)]	Loss: 7.1186
工作节点 1 - Train Epoch: 1 [185600/1281167 (58%)]	Loss: 7.0340
工作节点 1 - Train Epoch: 1 [186880/1281167 (58%)]	Loss: 7.0887
工作节点 1 - Train Epoch: 1 [188160/1281167 (59%)]	Loss: 7.1042
工作节点 1 - Train Epoch: 1 [189440/1281167 (59%)]	Loss: 7.1284
工作节点 1 - Train Epoch: 1 [190720/1281167 (60%)]	Loss: 7.0562
工作节点 1 - Train Epoch: 1 [192000/1281167 (60%)]	Loss: 7.1611
工作节点 1 - Train Epoch: 1 [193280/1281167 (60%)]	Loss: 7.1154
工作节点 1 - Train Epoch: 1 [194560/1281167 (61%)]	Loss: 7.1626
工作节点 1 - Train Epoch: 1 [195840/1281167 (61%)]	Loss: 7.0293
工作节点 1 - Train Epoch: 1 [197120/1281167 (62%)]	Loss: 7.0546
工作节点 1 - Train Epoch: 1 [198400/1281167 (62%)]	Loss: 7.0467
工作节点 1 - Train Epoch: 1 [199680/1281167 (62%)]	Loss: 7.1236
工作节点 1 - Train Epoch: 1 [200960/1281167 (63%)]	Loss: 7.1254
工作节点 1 - Train Epoch: 1 [202240/1281167 (63%)]	Loss: 7.1034
工作节点 1 - Train Epoch: 1 [203520/1281167 (64%)]	Loss: 7.0406
工作节点 1 - Train Epoch: 1 [204800/1281167 (64%)]	Loss: 7.0059
工作节点 1 - Train Epoch: 1 [206080/1281167 (64%)]	Loss: 7.0111
工作节点 1 - Train Epoch: 1 [207360/1281167 (65%)]	Loss: 7.0321
工作节点 1 - Train Epoch: 1 [208640/1281167 (65%)]	Loss: 7.1794
工作节点 1 - Train Epoch: 1 [209920/1281167 (66%)]	Loss: 7.0819
工作节点 1 - Train Epoch: 1 [211200/1281167 (66%)]	Loss: 7.0999
工作节点 1 - Train Epoch: 1 [212480/1281167 (66%)]	Loss: 7.1297
工作节点 1 - Train Epoch: 1 [213760/1281167 (67%)]	Loss: 7.1391
工作节点 1 - Train Epoch: 1 [215040/1281167 (67%)]	Loss: 7.0712
工作节点 1 - Train Epoch: 1 [216320/1281167 (68%)]	Loss: 7.0999
工作节点 1 - Train Epoch: 1 [217600/1281167 (68%)]	Loss: 6.9921
工作节点 1 - Train Epoch: 1 [218880/1281167 (68%)]	Loss: 7.0968
工作节点 1 - Train Epoch: 1 [220160/1281167 (69%)]	Loss: 7.1187
工作节点 1 - Train Epoch: 1 [221440/1281167 (69%)]	Loss: 7.1807
工作节点 1 - Train Epoch: 1 [222720/1281167 (70%)]	Loss: 7.0168
工作节点 1 - Train Epoch: 1 [224000/1281167 (70%)]	Loss: 7.1559
工作节点 1 - Train Epoch: 1 [225280/1281167 (70%)]	Loss: 7.1108
工作节点 1 - Train Epoch: 1 [226560/1281167 (71%)]	Loss: 7.1263
工作节点 1 - Train Epoch: 1 [227840/1281167 (71%)]	Loss: 7.1355
工作节点 1 - Train Epoch: 1 [229120/1281167 (72%)]	Loss: 7.1189
工作节点 1 - Train Epoch: 1 [230400/1281167 (72%)]	Loss: 7.0587
工作节点 1 - Train Epoch: 1 [231680/1281167 (72%)]	Loss: 7.1263
工作节点 1 - Train Epoch: 1 [232960/1281167 (73%)]	Loss: 7.0786
工作节点 1 - Train Epoch: 1 [234240/1281167 (73%)]	Loss: 7.1266
工作节点 1 - Train Epoch: 1 [235520/1281167 (74%)]	Loss: 7.0900
工作节点 1 - Train Epoch: 1 [236800/1281167 (74%)]	Loss: 7.0785
工作节点 1 - Train Epoch: 1 [238080/1281167 (74%)]	Loss: 7.0875
工作节点 1 - Train Epoch: 1 [239360/1281167 (75%)]	Loss: 7.1637
工作节点 1 - Train Epoch: 1 [240640/1281167 (75%)]	Loss: 7.0377
工作节点 1 - Train Epoch: 1 [241920/1281167 (76%)]	Loss: 7.0721
工作节点 1 - Train Epoch: 1 [243200/1281167 (76%)]	Loss: 7.1734
工作节点 1 - Train Epoch: 1 [244480/1281167 (76%)]	Loss: 7.1079
工作节点 1 - Train Epoch: 1 [245760/1281167 (77%)]	Loss: 7.1228
工作节点 1 - Train Epoch: 1 [247040/1281167 (77%)]	Loss: 7.0666
工作节点 1 - Train Epoch: 1 [248320/1281167 (78%)]	Loss: 7.1485
工作节点 1 - Train Epoch: 1 [249600/1281167 (78%)]	Loss: 7.1164
工作节点 1 - Train Epoch: 1 [250880/1281167 (78%)]	Loss: 7.0371
工作节点 1 - Train Epoch: 1 [252160/1281167 (79%)]	Loss: 7.1386
工作节点 1 - Train Epoch: 1 [253440/1281167 (79%)]	Loss: 7.0471
工作节点 1 - Train Epoch: 1 [254720/1281167 (80%)]	Loss: 7.0754
工作节点 1 - Train Epoch: 1 [256000/1281167 (80%)]	Loss: 7.1567
工作节点 1 - Train Epoch: 1 [257280/1281167 (80%)]	Loss: 7.0897
工作节点 1 - Train Epoch: 1 [258560/1281167 (81%)]	Loss: 7.2025
工作节点 1 - Train Epoch: 1 [259840/1281167 (81%)]	Loss: 7.0912
工作节点 1 - Train Epoch: 1 [261120/1281167 (82%)]	Loss: 7.1714
工作节点 1 - Train Epoch: 1 [262400/1281167 (82%)]	Loss: 7.0869
工作节点 1 - Train Epoch: 1 [263680/1281167 (82%)]	Loss: 7.0508
工作节点 1 - Train Epoch: 1 [264960/1281167 (83%)]	Loss: 7.0837
工作节点 1 - Train Epoch: 1 [266240/1281167 (83%)]	Loss: 7.1505
工作节点 1 - Train Epoch: 1 [267520/1281167 (83%)]	Loss: 7.0713
工作节点 1 - Train Epoch: 1 [268800/1281167 (84%)]	Loss: 7.0145
工作节点 1 - Train Epoch: 1 [270080/1281167 (84%)]	Loss: 7.1489
工作节点 1 - Train Epoch: 1 [271360/1281167 (85%)]	Loss: 7.0832
工作节点 1 - Train Epoch: 1 [272640/1281167 (85%)]	Loss: 7.1172
工作节点 1 - Train Epoch: 1 [273920/1281167 (85%)]	Loss: 7.1294
工作节点 1 - Train Epoch: 1 [275200/1281167 (86%)]	Loss: 7.0362
工作节点 1 - Train Epoch: 1 [276480/1281167 (86%)]	Loss: 7.1238
工作节点 1 - Train Epoch: 1 [277760/1281167 (87%)]	Loss: 7.0949
工作节点 1 - Train Epoch: 1 [279040/1281167 (87%)]	Loss: 7.1653
工作节点 1 - Train Epoch: 1 [280320/1281167 (87%)]	Loss: 7.0532
工作节点 1 - Train Epoch: 1 [281600/1281167 (88%)]	Loss: 7.2182
工作节点 1 - Train Epoch: 1 [282880/1281167 (88%)]	Loss: 7.0712
工作节点 1 - Train Epoch: 1 [284160/1281167 (89%)]	Loss: 7.1441
工作节点 1 - Train Epoch: 1 [285440/1281167 (89%)]	Loss: 7.0770
工作节点 1 - Train Epoch: 1 [286720/1281167 (89%)]	Loss: 7.0878
工作节点 1 - Train Epoch: 1 [288000/1281167 (90%)]	Loss: 7.1140
工作节点 1 - Train Epoch: 1 [289280/1281167 (90%)]	Loss: 7.1145
工作节点 1 - Train Epoch: 1 [290560/1281167 (91%)]	Loss: 7.1414
工作节点 1 - Train Epoch: 1 [291840/1281167 (91%)]	Loss: 7.0602
工作节点 1 - Train Epoch: 1 [293120/1281167 (91%)]	Loss: 7.0959
工作节点 1 - Train Epoch: 1 [294400/1281167 (92%)]	Loss: 7.0597
工作节点 1 - Train Epoch: 1 [295680/1281167 (92%)]	Loss: 7.0830
工作节点 1 - Train Epoch: 1 [296960/1281167 (93%)]	Loss: 7.1079
工作节点 1 - Train Epoch: 1 [298240/1281167 (93%)]	Loss: 7.1118
工作节点 1 - Train Epoch: 1 [299520/1281167 (93%)]	Loss: 7.0793
工作节点 1 - Train Epoch: 1 [300800/1281167 (94%)]	Loss: 7.1103
工作节点 1 - Train Epoch: 1 [302080/1281167 (94%)]	Loss: 7.0821
工作节点 1 - Train Epoch: 1 [303360/1281167 (95%)]	Loss: 7.1749
工作节点 1 - Train Epoch: 1 [304640/1281167 (95%)]	Loss: 7.0863
工作节点 1 - Train Epoch: 1 [305920/1281167 (95%)]	Loss: 7.0944
工作节点 1 - Train Epoch: 1 [307200/1281167 (96%)]	Loss: 7.1703
工作节点 1 - Train Epoch: 1 [308480/1281167 (96%)]	Loss: 7.1083
工作节点 1 - Train Epoch: 1 [309760/1281167 (97%)]	Loss: 7.0362
工作节点 1 - Train Epoch: 1 [311040/1281167 (97%)]	Loss: 7.1132
工作节点 1 - Train Epoch: 1 [312320/1281167 (97%)]	Loss: 7.0405
工作节点 1 - Train Epoch: 1 [313600/1281167 (98%)]	Loss: 7.1394
工作节点 1 - Train Epoch: 1 [314880/1281167 (98%)]	Loss: 7.0481
工作节点 1 - Train Epoch: 1 [316160/1281167 (99%)]	Loss: 7.1033
工作节点 1 - Train Epoch: 1 [317440/1281167 (99%)]	Loss: 7.0894
工作节点 1 - Train Epoch: 1 [318720/1281167 (99%)]	Loss: 7.0716
工作节点 1 - Train Epoch: 1 [320000/1281167 (100%)]	Loss: 7.0629
工作节点 4 - Train Epoch: 1 [0/1281167 (0%)]	Loss: 7.1194
工作节点 4 - Train Epoch: 1 [1280/1281167 (0%)]	Loss: 6.9891
工作节点 4 - Train Epoch: 1 [2560/1281167 (1%)]	Loss: 7.1645
工作节点 4 - Train Epoch: 1 [3840/1281167 (1%)]	Loss: 7.0903
工作节点 4 - Train Epoch: 1 [5120/1281167 (2%)]	Loss: 7.1374
工作节点 4 - Train Epoch: 1 [6400/1281167 (2%)]	Loss: 7.0477
工作节点 4 - Train Epoch: 1 [7680/1281167 (2%)]	Loss: 7.0317
工作节点 4 - Train Epoch: 1 [8960/1281167 (3%)]	Loss: 7.1356
工作节点 4 - Train Epoch: 1 [10240/1281167 (3%)]	Loss: 7.1191
工作节点 4 - Train Epoch: 1 [11520/1281167 (4%)]	Loss: 7.0320
工作节点 4 - Train Epoch: 1 [12800/1281167 (4%)]	Loss: 7.0276
工作节点 4 - Train Epoch: 1 [14080/1281167 (4%)]	Loss: 7.1191
工作节点 4 - Train Epoch: 1 [15360/1281167 (5%)]	Loss: 7.1214
工作节点 4 - Train Epoch: 1 [16640/1281167 (5%)]	Loss: 7.2525
工作节点 4 - Train Epoch: 1 [17920/1281167 (6%)]	Loss: 7.0705
工作节点 4 - Train Epoch: 1 [19200/1281167 (6%)]	Loss: 7.0803
工作节点 4 - Train Epoch: 1 [20480/1281167 (6%)]	Loss: 7.1049
工作节点 4 - Train Epoch: 1 [21760/1281167 (7%)]	Loss: 7.0796
工作节点 4 - Train Epoch: 1 [23040/1281167 (7%)]	Loss: 7.1673
工作节点 4 - Train Epoch: 1 [24320/1281167 (8%)]	Loss: 7.0290
工作节点 4 - Train Epoch: 1 [25600/1281167 (8%)]	Loss: 7.1227
工作节点 4 - Train Epoch: 1 [26880/1281167 (8%)]	Loss: 7.1498
工作节点 4 - Train Epoch: 1 [28160/1281167 (9%)]	Loss: 7.0658
工作节点 4 - Train Epoch: 1 [29440/1281167 (9%)]	Loss: 7.1831
工作节点 4 - Train Epoch: 1 [30720/1281167 (10%)]	Loss: 7.0767
工作节点 4 - Train Epoch: 1 [32000/1281167 (10%)]	Loss: 7.0461
工作节点 4 - Train Epoch: 1 [33280/1281167 (10%)]	Loss: 7.1652
工作节点 4 - Train Epoch: 1 [34560/1281167 (11%)]	Loss: 7.1256
工作节点 4 - Train Epoch: 1 [35840/1281167 (11%)]	Loss: 7.0701
工作节点 4 - Train Epoch: 1 [37120/1281167 (12%)]	Loss: 7.1809
工作节点 4 - Train Epoch: 1 [38400/1281167 (12%)]	Loss: 7.1454
工作节点 4 - Train Epoch: 1 [39680/1281167 (12%)]	Loss: 7.2134
工作节点 4 - Train Epoch: 1 [40960/1281167 (13%)]	Loss: 7.1488
工作节点 4 - Train Epoch: 1 [42240/1281167 (13%)]	Loss: 7.1217
工作节点 4 - Train Epoch: 1 [43520/1281167 (14%)]	Loss: 7.2450
工作节点 4 - Train Epoch: 1 [44800/1281167 (14%)]	Loss: 7.0272
工作节点 4 - Train Epoch: 1 [46080/1281167 (14%)]	Loss: 7.1216
工作节点 4 - Train Epoch: 1 [47360/1281167 (15%)]	Loss: 7.1466
工作节点 4 - Train Epoch: 1 [48640/1281167 (15%)]	Loss: 7.0677
工作节点 4 - Train Epoch: 1 [49920/1281167 (16%)]	Loss: 6.9800
工作节点 4 - Train Epoch: 1 [51200/1281167 (16%)]	Loss: 7.0600
工作节点 4 - Train Epoch: 1 [52480/1281167 (16%)]	Loss: 7.0639
工作节点 4 - Train Epoch: 1 [53760/1281167 (17%)]	Loss: 7.1317
工作节点 4 - Train Epoch: 1 [55040/1281167 (17%)]	Loss: 7.1590
工作节点 4 - Train Epoch: 1 [56320/1281167 (18%)]	Loss: 7.0332
工作节点 4 - Train Epoch: 1 [57600/1281167 (18%)]	Loss: 7.0795
工作节点 4 - Train Epoch: 1 [58880/1281167 (18%)]	Loss: 7.0125
工作节点 4 - Train Epoch: 1 [60160/1281167 (19%)]	Loss: 7.0635
工作节点 4 - Train Epoch: 1 [61440/1281167 (19%)]	Loss: 7.0860
工作节点 4 - Train Epoch: 1 [62720/1281167 (20%)]	Loss: 7.1118
工作节点 4 - Train Epoch: 1 [64000/1281167 (20%)]	Loss: 6.9739
工作节点 4 - Train Epoch: 1 [65280/1281167 (20%)]	Loss: 7.0540
工作节点 4 - Train Epoch: 1 [66560/1281167 (21%)]	Loss: 7.0277
工作节点 4 - Train Epoch: 1 [67840/1281167 (21%)]	Loss: 7.1221
工作节点 4 - Train Epoch: 1 [69120/1281167 (22%)]	Loss: 7.1008
工作节点 4 - Train Epoch: 1 [70400/1281167 (22%)]	Loss: 7.1186
工作节点 4 - Train Epoch: 1 [71680/1281167 (22%)]	Loss: 7.0110
工作节点 4 - Train Epoch: 1 [72960/1281167 (23%)]	Loss: 7.1382
工作节点 4 - Train Epoch: 1 [74240/1281167 (23%)]	Loss: 7.0082
工作节点 4 - Train Epoch: 1 [75520/1281167 (24%)]	Loss: 7.0861
工作节点 4 - Train Epoch: 1 [76800/1281167 (24%)]	Loss: 7.0339
工作节点 4 - Train Epoch: 1 [78080/1281167 (24%)]	Loss: 7.0663
工作节点 4 - Train Epoch: 1 [79360/1281167 (25%)]	Loss: 7.0995
工作节点 4 - Train Epoch: 1 [80640/1281167 (25%)]	Loss: 7.0104
工作节点 4 - Train Epoch: 1 [81920/1281167 (26%)]	Loss: 7.0987
工作节点 4 - Train Epoch: 1 [83200/1281167 (26%)]	Loss: 7.0719
工作节点 4 - Train Epoch: 1 [84480/1281167 (26%)]	Loss: 7.1332
工作节点 4 - Train Epoch: 1 [85760/1281167 (27%)]	Loss: 7.0608
工作节点 4 - Train Epoch: 1 [87040/1281167 (27%)]	Loss: 7.0621
工作节点 4 - Train Epoch: 1 [88320/1281167 (28%)]	Loss: 7.0780
工作节点 4 - Train Epoch: 1 [89600/1281167 (28%)]	Loss: 7.0766
工作节点 4 - Train Epoch: 1 [90880/1281167 (28%)]	Loss: 7.1070
工作节点 4 - Train Epoch: 1 [92160/1281167 (29%)]	Loss: 7.1205
工作节点 4 - Train Epoch: 1 [93440/1281167 (29%)]	Loss: 7.0939
工作节点 4 - Train Epoch: 1 [94720/1281167 (30%)]	Loss: 7.0520
工作节点 4 - Train Epoch: 1 [96000/1281167 (30%)]	Loss: 6.9653
工作节点 4 - Train Epoch: 1 [97280/1281167 (30%)]	Loss: 6.9750
工作节点 4 - Train Epoch: 1 [98560/1281167 (31%)]	Loss: 7.0951
工作节点 4 - Train Epoch: 1 [99840/1281167 (31%)]	Loss: 7.1307
工作节点 4 - Train Epoch: 1 [101120/1281167 (32%)]	Loss: 7.1033
工作节点 4 - Train Epoch: 1 [102400/1281167 (32%)]	Loss: 7.1708
工作节点 4 - Train Epoch: 1 [103680/1281167 (32%)]	Loss: 7.0885
工作节点 4 - Train Epoch: 1 [104960/1281167 (33%)]	Loss: 7.1237
工作节点 4 - Train Epoch: 1 [106240/1281167 (33%)]	Loss: 7.1123
工作节点 4 - Train Epoch: 1 [107520/1281167 (34%)]	Loss: 6.9890
工作节点 4 - Train Epoch: 1 [108800/1281167 (34%)]	Loss: 7.0480
工作节点 4 - Train Epoch: 1 [110080/1281167 (34%)]	Loss: 7.2065
工作节点 4 - Train Epoch: 1 [111360/1281167 (35%)]	Loss: 7.0201
工作节点 4 - Train Epoch: 1 [112640/1281167 (35%)]	Loss: 6.9645
工作节点 4 - Train Epoch: 1 [113920/1281167 (36%)]	Loss: 7.0992
工作节点 4 - Train Epoch: 1 [115200/1281167 (36%)]	Loss: 7.1363
工作节点 4 - Train Epoch: 1 [116480/1281167 (36%)]	Loss: 7.0826
工作节点 4 - Train Epoch: 1 [117760/1281167 (37%)]	Loss: 7.0193
工作节点 4 - Train Epoch: 1 [119040/1281167 (37%)]	Loss: 7.1087
工作节点 4 - Train Epoch: 1 [120320/1281167 (38%)]	Loss: 7.1506
工作节点 4 - Train Epoch: 1 [121600/1281167 (38%)]	Loss: 7.0269
工作节点 4 - Train Epoch: 1 [122880/1281167 (38%)]	Loss: 7.1502
工作节点 4 - Train Epoch: 1 [124160/1281167 (39%)]	Loss: 7.0647
工作节点 4 - Train Epoch: 1 [125440/1281167 (39%)]	Loss: 7.0580
工作节点 4 - Train Epoch: 1 [126720/1281167 (40%)]	Loss: 7.1694
工作节点 4 - Train Epoch: 1 [128000/1281167 (40%)]	Loss: 7.1038
工作节点 4 - Train Epoch: 1 [129280/1281167 (40%)]	Loss: 7.1532
工作节点 4 - Train Epoch: 1 [130560/1281167 (41%)]	Loss: 7.0990
工作节点 4 - Train Epoch: 1 [131840/1281167 (41%)]	Loss: 7.1424
工作节点 4 - Train Epoch: 1 [133120/1281167 (42%)]	Loss: 7.1184
工作节点 4 - Train Epoch: 1 [134400/1281167 (42%)]	Loss: 7.0384
工作节点 4 - Train Epoch: 1 [135680/1281167 (42%)]	Loss: 7.0280
工作节点 4 - Train Epoch: 1 [136960/1281167 (43%)]	Loss: 7.0974
工作节点 4 - Train Epoch: 1 [138240/1281167 (43%)]	Loss: 7.1655
工作节点 4 - Train Epoch: 1 [139520/1281167 (44%)]	Loss: 7.1217
工作节点 4 - Train Epoch: 1 [140800/1281167 (44%)]	Loss: 7.1134
工作节点 4 - Train Epoch: 1 [142080/1281167 (44%)]	Loss: 6.9943
工作节点 4 - Train Epoch: 1 [143360/1281167 (45%)]	Loss: 7.0411
工作节点 4 - Train Epoch: 1 [144640/1281167 (45%)]	Loss: 7.1485
工作节点 4 - Train Epoch: 1 [145920/1281167 (46%)]	Loss: 7.0471
工作节点 4 - Train Epoch: 1 [147200/1281167 (46%)]	Loss: 7.1303
工作节点 4 - Train Epoch: 1 [148480/1281167 (46%)]	Loss: 7.0826
工作节点 4 - Train Epoch: 1 [149760/1281167 (47%)]	Loss: 7.0635
工作节点 4 - Train Epoch: 1 [151040/1281167 (47%)]	Loss: 7.0970
工作节点 4 - Train Epoch: 1 [152320/1281167 (48%)]	Loss: 7.0677
工作节点 4 - Train Epoch: 1 [153600/1281167 (48%)]	Loss: 7.1198
工作节点 4 - Train Epoch: 1 [154880/1281167 (48%)]	Loss: 7.1435
工作节点 4 - Train Epoch: 1 [156160/1281167 (49%)]	Loss: 7.0491
工作节点 4 - Train Epoch: 1 [157440/1281167 (49%)]	Loss: 7.1364
工作节点 4 - Train Epoch: 1 [158720/1281167 (50%)]	Loss: 6.9991
工作节点 4 - Train Epoch: 1 [160000/1281167 (50%)]	Loss: 6.9370
工作节点 4 - Train Epoch: 1 [161280/1281167 (50%)]	Loss: 7.1200
工作节点 4 - Train Epoch: 1 [162560/1281167 (51%)]	Loss: 7.0718
工作节点 4 - Train Epoch: 1 [163840/1281167 (51%)]	Loss: 7.1157
工作节点 4 - Train Epoch: 1 [165120/1281167 (52%)]	Loss: 7.1150
工作节点 4 - Train Epoch: 1 [166400/1281167 (52%)]	Loss: 7.1454
工作节点 4 - Train Epoch: 1 [167680/1281167 (52%)]	Loss: 7.0277
工作节点 4 - Train Epoch: 1 [168960/1281167 (53%)]	Loss: 7.1118
工作节点 4 - Train Epoch: 1 [170240/1281167 (53%)]	Loss: 7.1016
工作节点 4 - Train Epoch: 1 [171520/1281167 (54%)]	Loss: 7.1053
工作节点 4 - Train Epoch: 1 [172800/1281167 (54%)]	Loss: 7.1218
工作节点 4 - Train Epoch: 1 [174080/1281167 (54%)]	Loss: 7.1666
工作节点 4 - Train Epoch: 1 [175360/1281167 (55%)]	Loss: 7.0541
工作节点 4 - Train Epoch: 1 [176640/1281167 (55%)]	Loss: 7.0625
工作节点 4 - Train Epoch: 1 [177920/1281167 (56%)]	Loss: 7.0841
工作节点 4 - Train Epoch: 1 [179200/1281167 (56%)]	Loss: 7.0996
工作节点 4 - Train Epoch: 1 [180480/1281167 (56%)]	Loss: 7.0849
工作节点 4 - Train Epoch: 1 [181760/1281167 (57%)]	Loss: 7.0727
工作节点 4 - Train Epoch: 1 [183040/1281167 (57%)]	Loss: 7.1214
工作节点 4 - Train Epoch: 1 [184320/1281167 (58%)]	Loss: 7.0392
工作节点 4 - Train Epoch: 1 [185600/1281167 (58%)]	Loss: 7.0934
工作节点 4 - Train Epoch: 1 [186880/1281167 (58%)]	Loss: 6.9905
工作节点 4 - Train Epoch: 1 [188160/1281167 (59%)]	Loss: 7.0592
工作节点 4 - Train Epoch: 1 [189440/1281167 (59%)]	Loss: 7.1215
工作节点 4 - Train Epoch: 1 [190720/1281167 (60%)]	Loss: 7.0902
工作节点 4 - Train Epoch: 1 [192000/1281167 (60%)]	Loss: 7.0889
工作节点 4 - Train Epoch: 1 [193280/1281167 (60%)]	Loss: 7.0820
工作节点 4 - Train Epoch: 1 [194560/1281167 (61%)]	Loss: 7.0636
工作节点 4 - Train Epoch: 1 [195840/1281167 (61%)]	Loss: 7.0387
工作节点 4 - Train Epoch: 1 [197120/1281167 (62%)]	Loss: 7.1005
工作节点 4 - Train Epoch: 1 [198400/1281167 (62%)]	Loss: 7.1420
工作节点 4 - Train Epoch: 1 [199680/1281167 (62%)]	Loss: 7.1191
工作节点 4 - Train Epoch: 1 [200960/1281167 (63%)]	Loss: 7.0480
工作节点 4 - Train Epoch: 1 [202240/1281167 (63%)]	Loss: 7.0717
工作节点 4 - Train Epoch: 1 [203520/1281167 (64%)]	Loss: 7.1238
工作节点 4 - Train Epoch: 1 [204800/1281167 (64%)]	Loss: 7.1187
工作节点 4 - Train Epoch: 1 [206080/1281167 (64%)]	Loss: 7.0979
工作节点 4 - Train Epoch: 1 [207360/1281167 (65%)]	Loss: 7.0416
工作节点 4 - Train Epoch: 1 [208640/1281167 (65%)]	Loss: 7.0986
工作节点 4 - Train Epoch: 1 [209920/1281167 (66%)]	Loss: 7.1299
工作节点 4 - Train Epoch: 1 [211200/1281167 (66%)]	Loss: 7.1054
工作节点 4 - Train Epoch: 1 [212480/1281167 (66%)]	Loss: 7.0828
工作节点 4 - Train Epoch: 1 [213760/1281167 (67%)]	Loss: 7.0912
工作节点 4 - Train Epoch: 1 [215040/1281167 (67%)]	Loss: 7.0801
工作节点 4 - Train Epoch: 1 [216320/1281167 (68%)]	Loss: 6.9886
工作节点 4 - Train Epoch: 1 [217600/1281167 (68%)]	Loss: 7.0005
工作节点 4 - Train Epoch: 1 [218880/1281167 (68%)]	Loss: 7.0863
工作节点 4 - Train Epoch: 1 [220160/1281167 (69%)]	Loss: 7.1564
工作节点 4 - Train Epoch: 1 [221440/1281167 (69%)]	Loss: 7.0603
工作节点 4 - Train Epoch: 1 [222720/1281167 (70%)]	Loss: 7.0769
工作节点 4 - Train Epoch: 1 [224000/1281167 (70%)]	Loss: 7.0846
工作节点 4 - Train Epoch: 1 [225280/1281167 (70%)]	Loss: 7.0861
工作节点 4 - Train Epoch: 1 [226560/1281167 (71%)]	Loss: 7.0535
工作节点 4 - Train Epoch: 1 [227840/1281167 (71%)]	Loss: 7.1312
工作节点 4 - Train Epoch: 1 [229120/1281167 (72%)]	Loss: 7.0644
工作节点 4 - Train Epoch: 1 [230400/1281167 (72%)]	Loss: 7.1177
工作节点 4 - Train Epoch: 1 [231680/1281167 (72%)]	Loss: 7.0807
工作节点 4 - Train Epoch: 1 [232960/1281167 (73%)]	Loss: 7.2496
工作节点 4 - Train Epoch: 1 [234240/1281167 (73%)]	Loss: 7.0589
工作节点 4 - Train Epoch: 1 [235520/1281167 (74%)]	Loss: 7.0643
工作节点 4 - Train Epoch: 1 [236800/1281167 (74%)]	Loss: 6.9541
工作节点 4 - Train Epoch: 1 [238080/1281167 (74%)]	Loss: 7.0976
工作节点 4 - Train Epoch: 1 [239360/1281167 (75%)]	Loss: 7.1085
工作节点 4 - Train Epoch: 1 [240640/1281167 (75%)]	Loss: 6.9619
工作节点 4 - Train Epoch: 1 [241920/1281167 (76%)]	Loss: 7.1107
工作节点 4 - Train Epoch: 1 [243200/1281167 (76%)]	Loss: 7.0371
工作节点 4 - Train Epoch: 1 [244480/1281167 (76%)]	Loss: 7.0062
工作节点 4 - Train Epoch: 1 [245760/1281167 (77%)]	Loss: 7.0788
工作节点 4 - Train Epoch: 1 [247040/1281167 (77%)]	Loss: 7.0723
工作节点 4 - Train Epoch: 1 [248320/1281167 (78%)]	Loss: 7.0382
工作节点 4 - Train Epoch: 1 [249600/1281167 (78%)]	Loss: 7.1811
工作节点 4 - Train Epoch: 1 [250880/1281167 (78%)]	Loss: 7.1139
工作节点 4 - Train Epoch: 1 [252160/1281167 (79%)]	Loss: 7.0885
工作节点 4 - Train Epoch: 1 [253440/1281167 (79%)]	Loss: 6.9712
工作节点 4 - Train Epoch: 1 [254720/1281167 (80%)]	Loss: 7.0500
工作节点 4 - Train Epoch: 1 [256000/1281167 (80%)]	Loss: 7.0525
工作节点 4 - Train Epoch: 1 [257280/1281167 (80%)]	Loss: 7.0324
工作节点 4 - Train Epoch: 1 [258560/1281167 (81%)]	Loss: 7.0042
工作节点 4 - Train Epoch: 1 [259840/1281167 (81%)]	Loss: 7.0603
工作节点 4 - Train Epoch: 1 [261120/1281167 (82%)]	Loss: 7.1326
工作节点 4 - Train Epoch: 1 [262400/1281167 (82%)]	Loss: 6.9887
工作节点 4 - Train Epoch: 1 [263680/1281167 (82%)]	Loss: 7.0843
工作节点 4 - Train Epoch: 1 [264960/1281167 (83%)]	Loss: 7.0417
工作节点 4 - Train Epoch: 1 [266240/1281167 (83%)]	Loss: 7.1508
工作节点 4 - Train Epoch: 1 [267520/1281167 (83%)]	Loss: 7.0050
工作节点 4 - Train Epoch: 1 [268800/1281167 (84%)]	Loss: 7.0927
工作节点 4 - Train Epoch: 1 [270080/1281167 (84%)]	Loss: 6.9979
工作节点 4 - Train Epoch: 1 [271360/1281167 (85%)]	Loss: 7.0287
工作节点 4 - Train Epoch: 1 [272640/1281167 (85%)]	Loss: 7.0243
工作节点 4 - Train Epoch: 1 [273920/1281167 (85%)]	Loss: 7.1308
工作节点 4 - Train Epoch: 1 [275200/1281167 (86%)]	Loss: 7.1310
工作节点 4 - Train Epoch: 1 [276480/1281167 (86%)]	Loss: 7.0793
工作节点 4 - Train Epoch: 1 [277760/1281167 (87%)]	Loss: 7.1072
工作节点 4 - Train Epoch: 1 [279040/1281167 (87%)]	Loss: 7.1175
工作节点 4 - Train Epoch: 1 [280320/1281167 (87%)]	Loss: 7.0510
工作节点 4 - Train Epoch: 1 [281600/1281167 (88%)]	Loss: 7.0493
工作节点 4 - Train Epoch: 1 [282880/1281167 (88%)]	Loss: 7.0919
工作节点 4 - Train Epoch: 1 [284160/1281167 (89%)]	Loss: 7.0165
工作节点 4 - Train Epoch: 1 [285440/1281167 (89%)]	Loss: 7.0514
工作节点 4 - Train Epoch: 1 [286720/1281167 (89%)]	Loss: 7.1684
工作节点 4 - Train Epoch: 1 [288000/1281167 (90%)]	Loss: 7.0221
工作节点 4 - Train Epoch: 1 [289280/1281167 (90%)]	Loss: 7.1201
工作节点 4 - Train Epoch: 1 [290560/1281167 (91%)]	Loss: 7.0490
工作节点 4 - Train Epoch: 1 [291840/1281167 (91%)]	Loss: 7.1417
工作节点 4 - Train Epoch: 1 [293120/1281167 (91%)]	Loss: 7.0653
工作节点 4 - Train Epoch: 1 [294400/1281167 (92%)]	Loss: 7.1166
工作节点 4 - Train Epoch: 1 [295680/1281167 (92%)]	Loss: 7.1584
工作节点 4 - Train Epoch: 1 [296960/1281167 (93%)]	Loss: 7.1450
工作节点 4 - Train Epoch: 1 [298240/1281167 (93%)]	Loss: 7.0271
工作节点 4 - Train Epoch: 1 [299520/1281167 (93%)]	Loss: 7.1319
工作节点 4 - Train Epoch: 1 [300800/1281167 (94%)]	Loss: 7.0846
工作节点 4 - Train Epoch: 1 [302080/1281167 (94%)]	Loss: 7.0959
工作节点 4 - Train Epoch: 1 [303360/1281167 (95%)]	Loss: 7.0991
工作节点 4 - Train Epoch: 1 [304640/1281167 (95%)]	Loss: 7.1627
工作节点 4 - Train Epoch: 1 [305920/1281167 (95%)]	Loss: 7.0728
工作节点 4 - Train Epoch: 1 [307200/1281167 (96%)]	Loss: 7.1143
工作节点 4 - Train Epoch: 1 [308480/1281167 (96%)]	Loss: 7.1011
工作节点 4 - Train Epoch: 1 [309760/1281167 (97%)]	Loss: 7.0622
工作节点 4 - Train Epoch: 1 [311040/1281167 (97%)]	Loss: 7.0080
工作节点 4 - Train Epoch: 1 [312320/1281167 (97%)]	Loss: 7.1092
工作节点 4 - Train Epoch: 1 [313600/1281167 (98%)]	Loss: 7.1393
工作节点 4 - Train Epoch: 1 [314880/1281167 (98%)]	Loss: 7.0846
工作节点 4 - Train Epoch: 1 [316160/1281167 (99%)]	Loss: 7.1585
工作节点 4 - Train Epoch: 1 [317440/1281167 (99%)]	Loss: 7.1115
工作节点 4 - Train Epoch: 1 [318720/1281167 (99%)]	Loss: 7.0610
工作节点 4 - Train Epoch: 1 [320000/1281167 (100%)]	Loss: 7.2023
工作节点 2 - Train Epoch: 1 [0/1281167 (0%)]	Loss: 7.0477
工作节点 2 - Train Epoch: 1 [1280/1281167 (0%)]	Loss: 7.1280
工作节点 2 - Train Epoch: 1 [2560/1281167 (1%)]	Loss: 7.0815
工作节点 2 - Train Epoch: 1 [3840/1281167 (1%)]	Loss: 7.1665
工作节点 2 - Train Epoch: 1 [5120/1281167 (2%)]	Loss: 7.1304
工作节点 2 - Train Epoch: 1 [6400/1281167 (2%)]	Loss: 7.1247
工作节点 2 - Train Epoch: 1 [7680/1281167 (2%)]	Loss: 7.0116
工作节点 2 - Train Epoch: 1 [8960/1281167 (3%)]	Loss: 7.0236
工作节点 2 - Train Epoch: 1 [10240/1281167 (3%)]	Loss: 7.0554
工作节点 2 - Train Epoch: 1 [11520/1281167 (4%)]	Loss: 7.1728
工作节点 2 - Train Epoch: 1 [12800/1281167 (4%)]	Loss: 7.0532
工作节点 2 - Train Epoch: 1 [14080/1281167 (4%)]	Loss: 7.2077
工作节点 2 - Train Epoch: 1 [15360/1281167 (5%)]	Loss: 6.9916
工作节点 2 - Train Epoch: 1 [16640/1281167 (5%)]	Loss: 7.0496
工作节点 2 - Train Epoch: 1 [17920/1281167 (6%)]	Loss: 7.1585
工作节点 2 - Train Epoch: 1 [19200/1281167 (6%)]	Loss: 6.9781
工作节点 2 - Train Epoch: 1 [20480/1281167 (6%)]	Loss: 7.0324
工作节点 2 - Train Epoch: 1 [21760/1281167 (7%)]	Loss: 7.0314
工作节点 2 - Train Epoch: 1 [23040/1281167 (7%)]	Loss: 7.1002
工作节点 2 - Train Epoch: 1 [24320/1281167 (8%)]	Loss: 7.1822
工作节点 2 - Train Epoch: 1 [25600/1281167 (8%)]	Loss: 7.1510
工作节点 2 - Train Epoch: 1 [26880/1281167 (8%)]	Loss: 7.0905
工作节点 2 - Train Epoch: 1 [28160/1281167 (9%)]	Loss: 7.0125
工作节点 2 - Train Epoch: 1 [29440/1281167 (9%)]	Loss: 7.1453
工作节点 2 - Train Epoch: 1 [30720/1281167 (10%)]	Loss: 7.1137
工作节点 2 - Train Epoch: 1 [32000/1281167 (10%)]	Loss: 7.1451
工作节点 2 - Train Epoch: 1 [33280/1281167 (10%)]	Loss: 7.1293
工作节点 2 - Train Epoch: 1 [34560/1281167 (11%)]	Loss: 7.0291
工作节点 2 - Train Epoch: 1 [35840/1281167 (11%)]	Loss: 7.1067
工作节点 2 - Train Epoch: 1 [37120/1281167 (12%)]	Loss: 7.0578
工作节点 2 - Train Epoch: 1 [38400/1281167 (12%)]	Loss: 7.0446
工作节点 2 - Train Epoch: 1 [39680/1281167 (12%)]	Loss: 7.1482
工作节点 2 - Train Epoch: 1 [40960/1281167 (13%)]	Loss: 7.0884
工作节点 2 - Train Epoch: 1 [42240/1281167 (13%)]	Loss: 7.1282
工作节点 2 - Train Epoch: 1 [43520/1281167 (14%)]	Loss: 7.0913
工作节点 2 - Train Epoch: 1 [44800/1281167 (14%)]	Loss: 7.0393
工作节点 2 - Train Epoch: 1 [46080/1281167 (14%)]	Loss: 7.0439
工作节点 2 - Train Epoch: 1 [47360/1281167 (15%)]	Loss: 7.0462
工作节点 2 - Train Epoch: 1 [48640/1281167 (15%)]	Loss: 7.0906
工作节点 2 - Train Epoch: 1 [49920/1281167 (16%)]	Loss: 7.0856
工作节点 2 - Train Epoch: 1 [51200/1281167 (16%)]	Loss: 7.1476
工作节点 2 - Train Epoch: 1 [52480/1281167 (16%)]	Loss: 7.0817
工作节点 2 - Train Epoch: 1 [53760/1281167 (17%)]	Loss: 6.9861
工作节点 2 - Train Epoch: 1 [55040/1281167 (17%)]	Loss: 7.0115
工作节点 2 - Train Epoch: 1 [56320/1281167 (18%)]	Loss: 7.1076
工作节点 2 - Train Epoch: 1 [57600/1281167 (18%)]	Loss: 7.1544
工作节点 2 - Train Epoch: 1 [58880/1281167 (18%)]	Loss: 7.1071
工作节点 2 - Train Epoch: 1 [60160/1281167 (19%)]	Loss: 7.1118
工作节点 2 - Train Epoch: 1 [61440/1281167 (19%)]	Loss: 7.0497
工作节点 2 - Train Epoch: 1 [62720/1281167 (20%)]	Loss: 7.1166
工作节点 2 - Train Epoch: 1 [64000/1281167 (20%)]	Loss: 7.0627
工作节点 2 - Train Epoch: 1 [65280/1281167 (20%)]	Loss: 7.1159
工作节点 2 - Train Epoch: 1 [66560/1281167 (21%)]	Loss: 7.1155
工作节点 2 - Train Epoch: 1 [67840/1281167 (21%)]	Loss: 7.1434
工作节点 2 - Train Epoch: 1 [69120/1281167 (22%)]	Loss: 7.0498
工作节点 2 - Train Epoch: 1 [70400/1281167 (22%)]	Loss: 7.1279
工作节点 2 - Train Epoch: 1 [71680/1281167 (22%)]	Loss: 7.1222
工作节点 2 - Train Epoch: 1 [72960/1281167 (23%)]	Loss: 7.0816
工作节点 2 - Train Epoch: 1 [74240/1281167 (23%)]	Loss: 7.0654
工作节点 2 - Train Epoch: 1 [75520/1281167 (24%)]	Loss: 7.0647
工作节点 2 - Train Epoch: 1 [76800/1281167 (24%)]	Loss: 6.9991
工作节点 2 - Train Epoch: 1 [78080/1281167 (24%)]	Loss: 7.1868
工作节点 2 - Train Epoch: 1 [79360/1281167 (25%)]	Loss: 7.1334
工作节点 2 - Train Epoch: 1 [80640/1281167 (25%)]	Loss: 7.0726
工作节点 2 - Train Epoch: 1 [81920/1281167 (26%)]	Loss: 7.0917
工作节点 2 - Train Epoch: 1 [83200/1281167 (26%)]	Loss: 7.1673
工作节点 2 - Train Epoch: 1 [84480/1281167 (26%)]	Loss: 7.0890
工作节点 2 - Train Epoch: 1 [85760/1281167 (27%)]	Loss: 7.0707
工作节点 2 - Train Epoch: 1 [87040/1281167 (27%)]	Loss: 7.1138
工作节点 2 - Train Epoch: 1 [88320/1281167 (28%)]	Loss: 7.1258
工作节点 2 - Train Epoch: 1 [89600/1281167 (28%)]	Loss: 7.0135
工作节点 2 - Train Epoch: 1 [90880/1281167 (28%)]	Loss: 7.0828
工作节点 2 - Train Epoch: 1 [92160/1281167 (29%)]	Loss: 7.1400
工作节点 2 - Train Epoch: 1 [93440/1281167 (29%)]	Loss: 7.0084
工作节点 2 - Train Epoch: 1 [94720/1281167 (30%)]	Loss: 7.1098
工作节点 2 - Train Epoch: 1 [96000/1281167 (30%)]	Loss: 7.0368
工作节点 2 - Train Epoch: 1 [97280/1281167 (30%)]	Loss: 7.0760
工作节点 2 - Train Epoch: 1 [98560/1281167 (31%)]	Loss: 7.0953
工作节点 2 - Train Epoch: 1 [99840/1281167 (31%)]	Loss: 7.0646
工作节点 2 - Train Epoch: 1 [101120/1281167 (32%)]	Loss: 7.1151
工作节点 2 - Train Epoch: 1 [102400/1281167 (32%)]	Loss: 7.0797
工作节点 2 - Train Epoch: 1 [103680/1281167 (32%)]	Loss: 7.0993
工作节点 2 - Train Epoch: 1 [104960/1281167 (33%)]	Loss: 7.1206
工作节点 2 - Train Epoch: 1 [106240/1281167 (33%)]	Loss: 7.0774
工作节点 2 - Train Epoch: 1 [107520/1281167 (34%)]	Loss: 7.0204
工作节点 2 - Train Epoch: 1 [108800/1281167 (34%)]	Loss: 7.0757
工作节点 2 - Train Epoch: 1 [110080/1281167 (34%)]	Loss: 7.0807
工作节点 2 - Train Epoch: 1 [111360/1281167 (35%)]	Loss: 7.1183
工作节点 2 - Train Epoch: 1 [112640/1281167 (35%)]	Loss: 7.0230
工作节点 2 - Train Epoch: 1 [113920/1281167 (36%)]	Loss: 7.0661
工作节点 2 - Train Epoch: 1 [115200/1281167 (36%)]	Loss: 7.0306
工作节点 2 - Train Epoch: 1 [116480/1281167 (36%)]	Loss: 7.0421
工作节点 2 - Train Epoch: 1 [117760/1281167 (37%)]	Loss: 7.1710
工作节点 2 - Train Epoch: 1 [119040/1281167 (37%)]	Loss: 7.1103
工作节点 2 - Train Epoch: 1 [120320/1281167 (38%)]	Loss: 7.0401
工作节点 2 - Train Epoch: 1 [121600/1281167 (38%)]	Loss: 7.1188
工作节点 2 - Train Epoch: 1 [122880/1281167 (38%)]	Loss: 7.0858
工作节点 2 - Train Epoch: 1 [124160/1281167 (39%)]	Loss: 7.1258
工作节点 2 - Train Epoch: 1 [125440/1281167 (39%)]	Loss: 7.0572
工作节点 2 - Train Epoch: 1 [126720/1281167 (40%)]	Loss: 7.1552
工作节点 2 - Train Epoch: 1 [128000/1281167 (40%)]	Loss: 7.0284
工作节点 2 - Train Epoch: 1 [129280/1281167 (40%)]	Loss: 7.2178
工作节点 2 - Train Epoch: 1 [130560/1281167 (41%)]	Loss: 7.0575
工作节点 2 - Train Epoch: 1 [131840/1281167 (41%)]	Loss: 7.1404
工作节点 2 - Train Epoch: 1 [133120/1281167 (42%)]	Loss: 7.1081
工作节点 2 - Train Epoch: 1 [134400/1281167 (42%)]	Loss: 7.1074
工作节点 2 - Train Epoch: 1 [135680/1281167 (42%)]	Loss: 7.1424
工作节点 2 - Train Epoch: 1 [136960/1281167 (43%)]	Loss: 7.0459
工作节点 2 - Train Epoch: 1 [138240/1281167 (43%)]	Loss: 7.1288
工作节点 2 - Train Epoch: 1 [139520/1281167 (44%)]	Loss: 7.0228
工作节点 2 - Train Epoch: 1 [140800/1281167 (44%)]	Loss: 7.1661
工作节点 2 - Train Epoch: 1 [142080/1281167 (44%)]	Loss: 7.1644
工作节点 2 - Train Epoch: 1 [143360/1281167 (45%)]	Loss: 7.0484
工作节点 2 - Train Epoch: 1 [144640/1281167 (45%)]	Loss: 7.0705
工作节点 2 - Train Epoch: 1 [145920/1281167 (46%)]	Loss: 7.1367
工作节点 2 - Train Epoch: 1 [147200/1281167 (46%)]	Loss: 6.9682
工作节点 2 - Train Epoch: 1 [148480/1281167 (46%)]	Loss: 7.0989
工作节点 2 - Train Epoch: 1 [149760/1281167 (47%)]	Loss: 7.0951
工作节点 2 - Train Epoch: 1 [151040/1281167 (47%)]	Loss: 7.1029
工作节点 2 - Train Epoch: 1 [152320/1281167 (48%)]	Loss: 7.1430
工作节点 2 - Train Epoch: 1 [153600/1281167 (48%)]	Loss: 6.9961
工作节点 2 - Train Epoch: 1 [154880/1281167 (48%)]	Loss: 7.0787
工作节点 2 - Train Epoch: 1 [156160/1281167 (49%)]	Loss: 7.1219
工作节点 2 - Train Epoch: 1 [157440/1281167 (49%)]	Loss: 7.0158
工作节点 2 - Train Epoch: 1 [158720/1281167 (50%)]	Loss: 7.1304
工作节点 2 - Train Epoch: 1 [160000/1281167 (50%)]	Loss: 7.0645
工作节点 2 - Train Epoch: 1 [161280/1281167 (50%)]	Loss: 7.0914
工作节点 2 - Train Epoch: 1 [162560/1281167 (51%)]	Loss: 7.0263
工作节点 2 - Train Epoch: 1 [163840/1281167 (51%)]	Loss: 7.1063
工作节点 2 - Train Epoch: 1 [165120/1281167 (52%)]	Loss: 7.0743
工作节点 2 - Train Epoch: 1 [166400/1281167 (52%)]	Loss: 7.1865
工作节点 2 - Train Epoch: 1 [167680/1281167 (52%)]	Loss: 7.0725
工作节点 2 - Train Epoch: 1 [168960/1281167 (53%)]	Loss: 7.0624
工作节点 2 - Train Epoch: 1 [170240/1281167 (53%)]	Loss: 7.0789
工作节点 2 - Train Epoch: 1 [171520/1281167 (54%)]	Loss: 7.0232
工作节点 2 - Train Epoch: 1 [172800/1281167 (54%)]	Loss: 7.0875
工作节点 2 - Train Epoch: 1 [174080/1281167 (54%)]	Loss: 7.1177
工作节点 2 - Train Epoch: 1 [175360/1281167 (55%)]	Loss: 7.1188
工作节点 2 - Train Epoch: 1 [176640/1281167 (55%)]	Loss: 7.0637
工作节点 2 - Train Epoch: 1 [177920/1281167 (56%)]	Loss: 7.1263
工作节点 2 - Train Epoch: 1 [179200/1281167 (56%)]	Loss: 7.1151
工作节点 2 - Train Epoch: 1 [180480/1281167 (56%)]	Loss: 7.0660
工作节点 2 - Train Epoch: 1 [181760/1281167 (57%)]	Loss: 7.1359
工作节点 2 - Train Epoch: 1 [183040/1281167 (57%)]	Loss: 7.1061
工作节点 2 - Train Epoch: 1 [184320/1281167 (58%)]	Loss: 7.1244
工作节点 2 - Train Epoch: 1 [185600/1281167 (58%)]	Loss: 7.1095
工作节点 2 - Train Epoch: 1 [186880/1281167 (58%)]	Loss: 7.1336
工作节点 2 - Train Epoch: 1 [188160/1281167 (59%)]	Loss: 7.1545
工作节点 2 - Train Epoch: 1 [189440/1281167 (59%)]	Loss: 7.0554
工作节点 2 - Train Epoch: 1 [190720/1281167 (60%)]	Loss: 7.0868
工作节点 2 - Train Epoch: 1 [192000/1281167 (60%)]	Loss: 7.0275
工作节点 2 - Train Epoch: 1 [193280/1281167 (60%)]	Loss: 7.1552
工作节点 2 - Train Epoch: 1 [194560/1281167 (61%)]	Loss: 7.1451
工作节点 2 - Train Epoch: 1 [195840/1281167 (61%)]	Loss: 7.0428
工作节点 2 - Train Epoch: 1 [197120/1281167 (62%)]	Loss: 7.0736
工作节点 2 - Train Epoch: 1 [198400/1281167 (62%)]	Loss: 7.1062
工作节点 2 - Train Epoch: 1 [199680/1281167 (62%)]	Loss: 7.1715
工作节点 2 - Train Epoch: 1 [200960/1281167 (63%)]	Loss: 7.1162
工作节点 2 - Train Epoch: 1 [202240/1281167 (63%)]	Loss: 7.0740
工作节点 2 - Train Epoch: 1 [203520/1281167 (64%)]	Loss: 7.2048
工作节点 2 - Train Epoch: 1 [204800/1281167 (64%)]	Loss: 7.1456
工作节点 2 - Train Epoch: 1 [206080/1281167 (64%)]	Loss: 7.1838
工作节点 2 - Train Epoch: 1 [207360/1281167 (65%)]	Loss: 7.0291
工作节点 2 - Train Epoch: 1 [208640/1281167 (65%)]	Loss: 7.1179
工作节点 2 - Train Epoch: 1 [209920/1281167 (66%)]	Loss: 7.0906
工作节点 2 - Train Epoch: 1 [211200/1281167 (66%)]	Loss: 7.0099
工作节点 2 - Train Epoch: 1 [212480/1281167 (66%)]	Loss: 7.0623
工作节点 2 - Train Epoch: 1 [213760/1281167 (67%)]	Loss: 7.0517
工作节点 2 - Train Epoch: 1 [215040/1281167 (67%)]	Loss: 7.0391
工作节点 2 - Train Epoch: 1 [216320/1281167 (68%)]	Loss: 7.0560
工作节点 2 - Train Epoch: 1 [217600/1281167 (68%)]	Loss: 7.1035
工作节点 2 - Train Epoch: 1 [218880/1281167 (68%)]	Loss: 7.0644
工作节点 2 - Train Epoch: 1 [220160/1281167 (69%)]	Loss: 7.0032
工作节点 2 - Train Epoch: 1 [221440/1281167 (69%)]	Loss: 7.0952
工作节点 2 - Train Epoch: 1 [222720/1281167 (70%)]	Loss: 7.0377
工作节点 2 - Train Epoch: 1 [224000/1281167 (70%)]	Loss: 7.0671
工作节点 2 - Train Epoch: 1 [225280/1281167 (70%)]	Loss: 7.0524
工作节点 2 - Train Epoch: 1 [226560/1281167 (71%)]	Loss: 7.0776
工作节点 2 - Train Epoch: 1 [227840/1281167 (71%)]	Loss: 7.1328
工作节点 2 - Train Epoch: 1 [229120/1281167 (72%)]	Loss: 7.1643
工作节点 2 - Train Epoch: 1 [230400/1281167 (72%)]	Loss: 7.0799
工作节点 2 - Train Epoch: 1 [231680/1281167 (72%)]	Loss: 7.0492
工作节点 2 - Train Epoch: 1 [232960/1281167 (73%)]	Loss: 7.0286
工作节点 2 - Train Epoch: 1 [234240/1281167 (73%)]	Loss: 7.0500
工作节点 2 - Train Epoch: 1 [235520/1281167 (74%)]	Loss: 7.0523
工作节点 2 - Train Epoch: 1 [236800/1281167 (74%)]	Loss: 7.1113
工作节点 2 - Train Epoch: 1 [238080/1281167 (74%)]	Loss: 7.1171
工作节点 2 - Train Epoch: 1 [239360/1281167 (75%)]	Loss: 7.0317
工作节点 2 - Train Epoch: 1 [240640/1281167 (75%)]	Loss: 7.1771
工作节点 2 - Train Epoch: 1 [241920/1281167 (76%)]	Loss: 7.1440
工作节点 2 - Train Epoch: 1 [243200/1281167 (76%)]	Loss: 7.0843
工作节点 2 - Train Epoch: 1 [244480/1281167 (76%)]	Loss: 7.0951
工作节点 2 - Train Epoch: 1 [245760/1281167 (77%)]	Loss: 7.0950
工作节点 2 - Train Epoch: 1 [247040/1281167 (77%)]	Loss: 7.1915
工作节点 2 - Train Epoch: 1 [248320/1281167 (78%)]	Loss: 7.0660
工作节点 2 - Train Epoch: 1 [249600/1281167 (78%)]	Loss: 7.0708
工作节点 2 - Train Epoch: 1 [250880/1281167 (78%)]	Loss: 7.1697
工作节点 2 - Train Epoch: 1 [252160/1281167 (79%)]	Loss: 6.9955
工作节点 2 - Train Epoch: 1 [253440/1281167 (79%)]	Loss: 7.1350
工作节点 2 - Train Epoch: 1 [254720/1281167 (80%)]	Loss: 7.1284
工作节点 2 - Train Epoch: 1 [256000/1281167 (80%)]	Loss: 7.0298
工作节点 2 - Train Epoch: 1 [257280/1281167 (80%)]	Loss: 7.1414
工作节点 2 - Train Epoch: 1 [258560/1281167 (81%)]	Loss: 7.0981
工作节点 2 - Train Epoch: 1 [259840/1281167 (81%)]	Loss: 7.0938
工作节点 2 - Train Epoch: 1 [261120/1281167 (82%)]	Loss: 7.1468
工作节点 2 - Train Epoch: 1 [262400/1281167 (82%)]	Loss: 7.0570
工作节点 2 - Train Epoch: 1 [263680/1281167 (82%)]	Loss: 7.1131
工作节点 2 - Train Epoch: 1 [264960/1281167 (83%)]	Loss: 7.0053
工作节点 2 - Train Epoch: 1 [266240/1281167 (83%)]	Loss: 7.0707
工作节点 2 - Train Epoch: 1 [267520/1281167 (83%)]	Loss: 7.1026
工作节点 2 - Train Epoch: 1 [268800/1281167 (84%)]	Loss: 7.1909
工作节点 2 - Train Epoch: 1 [270080/1281167 (84%)]	Loss: 7.1395
工作节点 2 - Train Epoch: 1 [271360/1281167 (85%)]	Loss: 7.1123
工作节点 2 - Train Epoch: 1 [272640/1281167 (85%)]	Loss: 7.0627
工作节点 2 - Train Epoch: 1 [273920/1281167 (85%)]	Loss: 7.1115
工作节点 2 - Train Epoch: 1 [275200/1281167 (86%)]	Loss: 6.9832
工作节点 2 - Train Epoch: 1 [276480/1281167 (86%)]	Loss: 7.0517
工作节点 2 - Train Epoch: 1 [277760/1281167 (87%)]	Loss: 7.0858
工作节点 2 - Train Epoch: 1 [279040/1281167 (87%)]	Loss: 7.0006
工作节点 2 - Train Epoch: 1 [280320/1281167 (87%)]	Loss: 7.0924
工作节点 2 - Train Epoch: 1 [281600/1281167 (88%)]	Loss: 7.1158
工作节点 2 - Train Epoch: 1 [282880/1281167 (88%)]	Loss: 7.0501
工作节点 2 - Train Epoch: 1 [284160/1281167 (89%)]	Loss: 7.0607
工作节点 2 - Train Epoch: 1 [285440/1281167 (89%)]	Loss: 7.1120
工作节点 2 - Train Epoch: 1 [286720/1281167 (89%)]	Loss: 7.1425
工作节点 2 - Train Epoch: 1 [288000/1281167 (90%)]	Loss: 7.1088
工作节点 2 - Train Epoch: 1 [289280/1281167 (90%)]	Loss: 7.0587
工作节点 2 - Train Epoch: 1 [290560/1281167 (91%)]	Loss: 7.1306
工作节点 2 - Train Epoch: 1 [291840/1281167 (91%)]	Loss: 7.0101
工作节点 2 - Train Epoch: 1 [293120/1281167 (91%)]	Loss: 7.0942
工作节点 2 - Train Epoch: 1 [294400/1281167 (92%)]	Loss: 7.0586
工作节点 2 - Train Epoch: 1 [295680/1281167 (92%)]	Loss: 7.1633
工作节点 2 - Train Epoch: 1 [296960/1281167 (93%)]	Loss: 7.1270
工作节点 2 - Train Epoch: 1 [298240/1281167 (93%)]	Loss: 7.0464
工作节点 2 - Train Epoch: 1 [299520/1281167 (93%)]	Loss: 7.1258
工作节点 2 - Train Epoch: 1 [300800/1281167 (94%)]	Loss: 7.0227
工作节点 2 - Train Epoch: 1 [302080/1281167 (94%)]	Loss: 7.2014
工作节点 2 - Train Epoch: 1 [303360/1281167 (95%)]	Loss: 7.0639
工作节点 2 - Train Epoch: 1 [304640/1281167 (95%)]	Loss: 6.9924
工作节点 2 - Train Epoch: 1 [305920/1281167 (95%)]	Loss: 6.9840
工作节点 2 - Train Epoch: 1 [307200/1281167 (96%)]	Loss: 7.1575
工作节点 2 - Train Epoch: 1 [308480/1281167 (96%)]	Loss: 7.0947
工作节点 2 - Train Epoch: 1 [309760/1281167 (97%)]	Loss: 7.1559
工作节点 2 - Train Epoch: 1 [311040/1281167 (97%)]	Loss: 7.0544
工作节点 2 - Train Epoch: 1 [312320/1281167 (97%)]	Loss: 7.1006
工作节点 2 - Train Epoch: 1 [313600/1281167 (98%)]	Loss: 7.0101
工作节点 2 - Train Epoch: 1 [314880/1281167 (98%)]	Loss: 7.1439
工作节点 2 - Train Epoch: 1 [316160/1281167 (99%)]	Loss: 7.0624
工作节点 2 - Train Epoch: 1 [317440/1281167 (99%)]	Loss: 7.0277
工作节点 2 - Train Epoch: 1 [318720/1281167 (99%)]	Loss: 7.1125
工作节点 2 - Train Epoch: 1 [320000/1281167 (100%)]	Loss: 7.0840
工作节点 3 - Train Epoch: 1 [0/1281167 (0%)]	Loss: 7.1003
工作节点 3 - Train Epoch: 1 [1280/1281167 (0%)]	Loss: 7.0172
工作节点 3 - Train Epoch: 1 [2560/1281167 (1%)]	Loss: 7.1122
工作节点 3 - Train Epoch: 1 [3840/1281167 (1%)]	Loss: 7.0757
工作节点 3 - Train Epoch: 1 [5120/1281167 (2%)]	Loss: 6.9985
工作节点 3 - Train Epoch: 1 [6400/1281167 (2%)]	Loss: 7.0575
工作节点 3 - Train Epoch: 1 [7680/1281167 (2%)]	Loss: 7.1244
工作节点 3 - Train Epoch: 1 [8960/1281167 (3%)]	Loss: 7.0948
工作节点 3 - Train Epoch: 1 [10240/1281167 (3%)]	Loss: 7.1962
工作节点 3 - Train Epoch: 1 [11520/1281167 (4%)]	Loss: 7.0440
工作节点 3 - Train Epoch: 1 [12800/1281167 (4%)]	Loss: 7.0599
工作节点 3 - Train Epoch: 1 [14080/1281167 (4%)]	Loss: 7.1028
工作节点 3 - Train Epoch: 1 [15360/1281167 (5%)]	Loss: 7.0725
工作节点 3 - Train Epoch: 1 [16640/1281167 (5%)]	Loss: 7.0788
工作节点 3 - Train Epoch: 1 [17920/1281167 (6%)]	Loss: 7.0404
工作节点 3 - Train Epoch: 1 [19200/1281167 (6%)]	Loss: 7.1082
工作节点 3 - Train Epoch: 1 [20480/1281167 (6%)]	Loss: 7.0324
工作节点 3 - Train Epoch: 1 [21760/1281167 (7%)]	Loss: 7.1373
工作节点 3 - Train Epoch: 1 [23040/1281167 (7%)]	Loss: 7.0183
工作节点 3 - Train Epoch: 1 [24320/1281167 (8%)]	Loss: 7.1305
工作节点 3 - Train Epoch: 1 [25600/1281167 (8%)]	Loss: 7.0833
工作节点 3 - Train Epoch: 1 [26880/1281167 (8%)]	Loss: 7.0614
工作节点 3 - Train Epoch: 1 [28160/1281167 (9%)]	Loss: 7.0969
工作节点 3 - Train Epoch: 1 [29440/1281167 (9%)]	Loss: 7.0474
工作节点 3 - Train Epoch: 1 [30720/1281167 (10%)]	Loss: 7.1639
工作节点 3 - Train Epoch: 1 [32000/1281167 (10%)]	Loss: 7.1719
工作节点 3 - Train Epoch: 1 [33280/1281167 (10%)]	Loss: 7.0814
工作节点 3 - Train Epoch: 1 [34560/1281167 (11%)]	Loss: 7.0519
工作节点 3 - Train Epoch: 1 [35840/1281167 (11%)]	Loss: 7.0825
工作节点 3 - Train Epoch: 1 [37120/1281167 (12%)]	Loss: 7.0644
工作节点 3 - Train Epoch: 1 [38400/1281167 (12%)]	Loss: 7.1560
工作节点 3 - Train Epoch: 1 [39680/1281167 (12%)]	Loss: 7.1040
工作节点 3 - Train Epoch: 1 [40960/1281167 (13%)]	Loss: 7.0908
工作节点 3 - Train Epoch: 1 [42240/1281167 (13%)]	Loss: 7.1397
工作节点 3 - Train Epoch: 1 [43520/1281167 (14%)]	Loss: 7.0359
工作节点 3 - Train Epoch: 1 [44800/1281167 (14%)]	Loss: 7.1091
工作节点 3 - Train Epoch: 1 [46080/1281167 (14%)]	Loss: 7.0871
工作节点 3 - Train Epoch: 1 [47360/1281167 (15%)]	Loss: 7.0388
工作节点 3 - Train Epoch: 1 [48640/1281167 (15%)]	Loss: 7.1350
工作节点 3 - Train Epoch: 1 [49920/1281167 (16%)]	Loss: 7.0577
工作节点 3 - Train Epoch: 1 [51200/1281167 (16%)]	Loss: 7.1575
工作节点 3 - Train Epoch: 1 [52480/1281167 (16%)]	Loss: 7.1147
工作节点 3 - Train Epoch: 1 [53760/1281167 (17%)]	Loss: 7.0957
工作节点 3 - Train Epoch: 1 [55040/1281167 (17%)]	Loss: 7.2247
工作节点 3 - Train Epoch: 1 [56320/1281167 (18%)]	Loss: 7.1382
工作节点 3 - Train Epoch: 1 [57600/1281167 (18%)]	Loss: 7.1763
工作节点 3 - Train Epoch: 1 [58880/1281167 (18%)]	Loss: 7.0974
工作节点 3 - Train Epoch: 1 [60160/1281167 (19%)]	Loss: 7.0550
工作节点 3 - Train Epoch: 1 [61440/1281167 (19%)]	Loss: 7.1789
工作节点 3 - Train Epoch: 1 [62720/1281167 (20%)]	Loss: 7.1179
工作节点 3 - Train Epoch: 1 [64000/1281167 (20%)]	Loss: 6.9977
工作节点 3 - Train Epoch: 1 [65280/1281167 (20%)]	Loss: 7.0941
工作节点 3 - Train Epoch: 1 [66560/1281167 (21%)]	Loss: 7.1751
工作节点 3 - Train Epoch: 1 [67840/1281167 (21%)]	Loss: 7.1426
工作节点 3 - Train Epoch: 1 [69120/1281167 (22%)]	Loss: 7.1238
工作节点 3 - Train Epoch: 1 [70400/1281167 (22%)]	Loss: 7.0900
工作节点 3 - Train Epoch: 1 [71680/1281167 (22%)]	Loss: 7.1156
工作节点 3 - Train Epoch: 1 [72960/1281167 (23%)]	Loss: 7.1386
工作节点 3 - Train Epoch: 1 [74240/1281167 (23%)]	Loss: 7.1031
工作节点 3 - Train Epoch: 1 [75520/1281167 (24%)]	Loss: 7.1000
工作节点 3 - Train Epoch: 1 [76800/1281167 (24%)]	Loss: 7.1416
工作节点 3 - Train Epoch: 1 [78080/1281167 (24%)]	Loss: 7.1399
工作节点 3 - Train Epoch: 1 [79360/1281167 (25%)]	Loss: 7.1041
工作节点 3 - Train Epoch: 1 [80640/1281167 (25%)]	Loss: 7.0799
工作节点 3 - Train Epoch: 1 [81920/1281167 (26%)]	Loss: 7.0680
工作节点 3 - Train Epoch: 1 [83200/1281167 (26%)]	Loss: 7.0832
工作节点 3 - Train Epoch: 1 [84480/1281167 (26%)]	Loss: 7.1131
工作节点 3 - Train Epoch: 1 [85760/1281167 (27%)]	Loss: 7.0633
工作节点 3 - Train Epoch: 1 [87040/1281167 (27%)]	Loss: 7.0568
工作节点 3 - Train Epoch: 1 [88320/1281167 (28%)]	Loss: 7.0347
工作节点 3 - Train Epoch: 1 [89600/1281167 (28%)]	Loss: 7.1261
工作节点 3 - Train Epoch: 1 [90880/1281167 (28%)]	Loss: 7.0705
工作节点 3 - Train Epoch: 1 [92160/1281167 (29%)]	Loss: 7.1139
工作节点 3 - Train Epoch: 1 [93440/1281167 (29%)]	Loss: 7.1932
工作节点 3 - Train Epoch: 1 [94720/1281167 (30%)]	Loss: 7.1472
工作节点 3 - Train Epoch: 1 [96000/1281167 (30%)]	Loss: 7.0303
工作节点 3 - Train Epoch: 1 [97280/1281167 (30%)]	Loss: 7.1963
工作节点 3 - Train Epoch: 1 [98560/1281167 (31%)]	Loss: 7.0620
工作节点 3 - Train Epoch: 1 [99840/1281167 (31%)]	Loss: 7.1145
工作节点 3 - Train Epoch: 1 [101120/1281167 (32%)]	Loss: 7.1490
工作节点 3 - Train Epoch: 1 [102400/1281167 (32%)]	Loss: 7.1482
工作节点 3 - Train Epoch: 1 [103680/1281167 (32%)]	Loss: 7.0834
工作节点 3 - Train Epoch: 1 [104960/1281167 (33%)]	Loss: 7.1246
工作节点 3 - Train Epoch: 1 [106240/1281167 (33%)]	Loss: 7.0547
工作节点 3 - Train Epoch: 1 [107520/1281167 (34%)]	Loss: 7.0990
工作节点 3 - Train Epoch: 1 [108800/1281167 (34%)]	Loss: 7.1576
工作节点 3 - Train Epoch: 1 [110080/1281167 (34%)]	Loss: 7.1439
工作节点 3 - Train Epoch: 1 [111360/1281167 (35%)]	Loss: 7.0616
工作节点 3 - Train Epoch: 1 [112640/1281167 (35%)]	Loss: 7.0965
工作节点 3 - Train Epoch: 1 [113920/1281167 (36%)]	Loss: 7.2531
工作节点 3 - Train Epoch: 1 [115200/1281167 (36%)]	Loss: 7.0608
工作节点 3 - Train Epoch: 1 [116480/1281167 (36%)]	Loss: 7.1292
工作节点 3 - Train Epoch: 1 [117760/1281167 (37%)]	Loss: 7.0806
工作节点 3 - Train Epoch: 1 [119040/1281167 (37%)]	Loss: 7.1272
工作节点 3 - Train Epoch: 1 [120320/1281167 (38%)]	Loss: 7.0703
工作节点 3 - Train Epoch: 1 [121600/1281167 (38%)]	Loss: 7.1518
工作节点 3 - Train Epoch: 1 [122880/1281167 (38%)]	Loss: 7.0958
工作节点 3 - Train Epoch: 1 [124160/1281167 (39%)]	Loss: 7.0351
工作节点 3 - Train Epoch: 1 [125440/1281167 (39%)]	Loss: 7.0056
工作节点 3 - Train Epoch: 1 [126720/1281167 (40%)]	Loss: 7.0477
工作节点 3 - Train Epoch: 1 [128000/1281167 (40%)]	Loss: 7.0307
工作节点 3 - Train Epoch: 1 [129280/1281167 (40%)]	Loss: 7.0640
工作节点 3 - Train Epoch: 1 [130560/1281167 (41%)]	Loss: 7.0939
工作节点 3 - Train Epoch: 1 [131840/1281167 (41%)]	Loss: 7.0608
工作节点 3 - Train Epoch: 1 [133120/1281167 (42%)]	Loss: 7.2224
工作节点 3 - Train Epoch: 1 [134400/1281167 (42%)]	Loss: 7.2679
工作节点 3 - Train Epoch: 1 [135680/1281167 (42%)]	Loss: 7.1078
工作节点 3 - Train Epoch: 1 [136960/1281167 (43%)]	Loss: 7.0612
工作节点 3 - Train Epoch: 1 [138240/1281167 (43%)]	Loss: 7.0931
工作节点 3 - Train Epoch: 1 [139520/1281167 (44%)]	Loss: 7.1169
工作节点 3 - Train Epoch: 1 [140800/1281167 (44%)]	Loss: 7.1424
工作节点 3 - Train Epoch: 1 [142080/1281167 (44%)]	Loss: 7.1976
工作节点 3 - Train Epoch: 1 [143360/1281167 (45%)]	Loss: 7.0354
工作节点 3 - Train Epoch: 1 [144640/1281167 (45%)]	Loss: 7.1578
工作节点 3 - Train Epoch: 1 [145920/1281167 (46%)]	Loss: 7.1420
工作节点 3 - Train Epoch: 1 [147200/1281167 (46%)]	Loss: 7.1366
工作节点 3 - Train Epoch: 1 [148480/1281167 (46%)]	Loss: 7.0538
工作节点 3 - Train Epoch: 1 [149760/1281167 (47%)]	Loss: 7.1034
工作节点 3 - Train Epoch: 1 [151040/1281167 (47%)]	Loss: 7.1210
工作节点 3 - Train Epoch: 1 [152320/1281167 (48%)]	Loss: 7.0315
工作节点 3 - Train Epoch: 1 [153600/1281167 (48%)]	Loss: 7.1217
工作节点 3 - Train Epoch: 1 [154880/1281167 (48%)]	Loss: 7.0569
工作节点 3 - Train Epoch: 1 [156160/1281167 (49%)]	Loss: 7.0462
工作节点 3 - Train Epoch: 1 [157440/1281167 (49%)]	Loss: 7.1259
工作节点 3 - Train Epoch: 1 [158720/1281167 (50%)]	Loss: 7.1055
工作节点 3 - Train Epoch: 1 [160000/1281167 (50%)]	Loss: 7.1434
工作节点 3 - Train Epoch: 1 [161280/1281167 (50%)]	Loss: 7.1363
工作节点 3 - Train Epoch: 1 [162560/1281167 (51%)]	Loss: 7.0960
工作节点 3 - Train Epoch: 1 [163840/1281167 (51%)]	Loss: 7.0840
工作节点 3 - Train Epoch: 1 [165120/1281167 (52%)]	Loss: 7.1332
工作节点 3 - Train Epoch: 1 [166400/1281167 (52%)]	Loss: 7.1521
工作节点 3 - Train Epoch: 1 [167680/1281167 (52%)]	Loss: 7.1037
工作节点 3 - Train Epoch: 1 [168960/1281167 (53%)]	Loss: 7.1376
工作节点 3 - Train Epoch: 1 [170240/1281167 (53%)]	Loss: 7.0550
工作节点 3 - Train Epoch: 1 [171520/1281167 (54%)]	Loss: 6.9978
工作节点 3 - Train Epoch: 1 [172800/1281167 (54%)]	Loss: 7.1569
工作节点 3 - Train Epoch: 1 [174080/1281167 (54%)]	Loss: 7.1572
工作节点 3 - Train Epoch: 1 [175360/1281167 (55%)]	Loss: 7.0967
工作节点 3 - Train Epoch: 1 [176640/1281167 (55%)]	Loss: 7.0022
工作节点 3 - Train Epoch: 1 [177920/1281167 (56%)]	Loss: 7.0468
工作节点 3 - Train Epoch: 1 [179200/1281167 (56%)]	Loss: 7.0376
工作节点 3 - Train Epoch: 1 [180480/1281167 (56%)]	Loss: 7.0977
工作节点 3 - Train Epoch: 1 [181760/1281167 (57%)]	Loss: 7.0757
工作节点 3 - Train Epoch: 1 [183040/1281167 (57%)]	Loss: 7.0998
工作节点 3 - Train Epoch: 1 [184320/1281167 (58%)]	Loss: 7.1336
工作节点 3 - Train Epoch: 1 [185600/1281167 (58%)]	Loss: 7.1931
工作节点 3 - Train Epoch: 1 [186880/1281167 (58%)]	Loss: 7.0203
工作节点 3 - Train Epoch: 1 [188160/1281167 (59%)]	Loss: 7.1128
工作节点 3 - Train Epoch: 1 [189440/1281167 (59%)]	Loss: 7.0989
工作节点 3 - Train Epoch: 1 [190720/1281167 (60%)]	Loss: 7.0420
工作节点 3 - Train Epoch: 1 [192000/1281167 (60%)]	Loss: 7.0831
工作节点 3 - Train Epoch: 1 [193280/1281167 (60%)]	Loss: 7.1863
工作节点 3 - Train Epoch: 1 [194560/1281167 (61%)]	Loss: 7.0400
工作节点 3 - Train Epoch: 1 [195840/1281167 (61%)]	Loss: 7.0499
工作节点 3 - Train Epoch: 1 [197120/1281167 (62%)]	Loss: 7.2140
工作节点 3 - Train Epoch: 1 [198400/1281167 (62%)]	Loss: 7.1219
工作节点 3 - Train Epoch: 1 [199680/1281167 (62%)]	Loss: 7.0542
工作节点 3 - Train Epoch: 1 [200960/1281167 (63%)]	Loss: 7.0684
工作节点 3 - Train Epoch: 1 [202240/1281167 (63%)]	Loss: 7.0614
工作节点 3 - Train Epoch: 1 [203520/1281167 (64%)]	Loss: 7.0298
工作节点 3 - Train Epoch: 1 [204800/1281167 (64%)]	Loss: 7.1405
工作节点 3 - Train Epoch: 1 [206080/1281167 (64%)]	Loss: 7.0237
工作节点 3 - Train Epoch: 1 [207360/1281167 (65%)]	Loss: 7.1679
工作节点 3 - Train Epoch: 1 [208640/1281167 (65%)]	Loss: 7.1285
工作节点 3 - Train Epoch: 1 [209920/1281167 (66%)]	Loss: 7.1117
工作节点 3 - Train Epoch: 1 [211200/1281167 (66%)]	Loss: 7.0693
工作节点 3 - Train Epoch: 1 [212480/1281167 (66%)]	Loss: 7.0222
工作节点 3 - Train Epoch: 1 [213760/1281167 (67%)]	Loss: 7.1725
工作节点 3 - Train Epoch: 1 [215040/1281167 (67%)]	Loss: 6.9328
工作节点 3 - Train Epoch: 1 [216320/1281167 (68%)]	Loss: 7.0790
工作节点 3 - Train Epoch: 1 [217600/1281167 (68%)]	Loss: 7.1013
工作节点 3 - Train Epoch: 1 [218880/1281167 (68%)]	Loss: 7.1805
工作节点 3 - Train Epoch: 1 [220160/1281167 (69%)]	Loss: 7.1265
工作节点 3 - Train Epoch: 1 [221440/1281167 (69%)]	Loss: 7.1418
工作节点 3 - Train Epoch: 1 [222720/1281167 (70%)]	Loss: 7.0947
工作节点 3 - Train Epoch: 1 [224000/1281167 (70%)]	Loss: 7.0953
工作节点 3 - Train Epoch: 1 [225280/1281167 (70%)]	Loss: 7.1070
工作节点 3 - Train Epoch: 1 [226560/1281167 (71%)]	Loss: 7.1395
工作节点 3 - Train Epoch: 1 [227840/1281167 (71%)]	Loss: 7.1045
工作节点 3 - Train Epoch: 1 [229120/1281167 (72%)]	Loss: 7.1490
工作节点 3 - Train Epoch: 1 [230400/1281167 (72%)]	Loss: 7.0698
工作节点 3 - Train Epoch: 1 [231680/1281167 (72%)]	Loss: 7.1400
工作节点 3 - Train Epoch: 1 [232960/1281167 (73%)]	Loss: 7.1210
工作节点 3 - Train Epoch: 1 [234240/1281167 (73%)]	Loss: 7.0654
工作节点 3 - Train Epoch: 1 [235520/1281167 (74%)]	Loss: 7.0959
工作节点 3 - Train Epoch: 1 [236800/1281167 (74%)]	Loss: 7.1430
工作节点 3 - Train Epoch: 1 [238080/1281167 (74%)]	Loss: 7.0317
工作节点 3 - Train Epoch: 1 [239360/1281167 (75%)]	Loss: 7.0312
工作节点 3 - Train Epoch: 1 [240640/1281167 (75%)]	Loss: 7.1940
工作节点 3 - Train Epoch: 1 [241920/1281167 (76%)]	Loss: 7.0369
工作节点 3 - Train Epoch: 1 [243200/1281167 (76%)]	Loss: 7.1696
工作节点 3 - Train Epoch: 1 [244480/1281167 (76%)]	Loss: 7.1169
工作节点 3 - Train Epoch: 1 [245760/1281167 (77%)]	Loss: 7.1130
工作节点 3 - Train Epoch: 1 [247040/1281167 (77%)]	Loss: 7.1323
工作节点 3 - Train Epoch: 1 [248320/1281167 (78%)]	Loss: 7.0334
工作节点 3 - Train Epoch: 1 [249600/1281167 (78%)]	Loss: 7.2001
工作节点 3 - Train Epoch: 1 [250880/1281167 (78%)]	Loss: 7.1455
工作节点 3 - Train Epoch: 1 [252160/1281167 (79%)]	Loss: 7.0417
工作节点 3 - Train Epoch: 1 [253440/1281167 (79%)]	Loss: 7.0838
工作节点 3 - Train Epoch: 1 [254720/1281167 (80%)]	Loss: 7.1241
工作节点 3 - Train Epoch: 1 [256000/1281167 (80%)]	Loss: 7.0483
工作节点 3 - Train Epoch: 1 [257280/1281167 (80%)]	Loss: 7.1295
工作节点 3 - Train Epoch: 1 [258560/1281167 (81%)]	Loss: 7.0768
工作节点 3 - Train Epoch: 1 [259840/1281167 (81%)]	Loss: 7.0795
工作节点 3 - Train Epoch: 1 [261120/1281167 (82%)]	Loss: 7.0625
工作节点 3 - Train Epoch: 1 [262400/1281167 (82%)]	Loss: 7.0266
工作节点 3 - Train Epoch: 1 [263680/1281167 (82%)]	Loss: 7.0465
工作节点 3 - Train Epoch: 1 [264960/1281167 (83%)]	Loss: 7.2162
工作节点 3 - Train Epoch: 1 [266240/1281167 (83%)]	Loss: 7.1442
工作节点 3 - Train Epoch: 1 [267520/1281167 (83%)]	Loss: 7.0950
工作节点 3 - Train Epoch: 1 [268800/1281167 (84%)]	Loss: 7.0663
工作节点 3 - Train Epoch: 1 [270080/1281167 (84%)]	Loss: 7.1097
工作节点 3 - Train Epoch: 1 [271360/1281167 (85%)]	Loss: 7.1357
工作节点 3 - Train Epoch: 1 [272640/1281167 (85%)]	Loss: 7.1243
工作节点 3 - Train Epoch: 1 [273920/1281167 (85%)]	Loss: 7.0815
工作节点 3 - Train Epoch: 1 [275200/1281167 (86%)]	Loss: 7.0381
工作节点 3 - Train Epoch: 1 [276480/1281167 (86%)]	Loss: 7.0819
工作节点 3 - Train Epoch: 1 [277760/1281167 (87%)]	Loss: 7.1338
工作节点 3 - Train Epoch: 1 [279040/1281167 (87%)]	Loss: 7.0557
工作节点 3 - Train Epoch: 1 [280320/1281167 (87%)]	Loss: 7.1170
工作节点 3 - Train Epoch: 1 [281600/1281167 (88%)]	Loss: 7.0621
工作节点 3 - Train Epoch: 1 [282880/1281167 (88%)]	Loss: 7.1696
工作节点 3 - Train Epoch: 1 [284160/1281167 (89%)]	Loss: 7.0755
工作节点 3 - Train Epoch: 1 [285440/1281167 (89%)]	Loss: 7.1038
工作节点 3 - Train Epoch: 1 [286720/1281167 (89%)]	Loss: 7.0154
工作节点 3 - Train Epoch: 1 [288000/1281167 (90%)]	Loss: 7.1372
工作节点 3 - Train Epoch: 1 [289280/1281167 (90%)]	Loss: 7.0376
工作节点 3 - Train Epoch: 1 [290560/1281167 (91%)]	Loss: 7.0714
工作节点 3 - Train Epoch: 1 [291840/1281167 (91%)]	Loss: 7.1426
工作节点 3 - Train Epoch: 1 [293120/1281167 (91%)]	Loss: 7.0874
工作节点 3 - Train Epoch: 1 [294400/1281167 (92%)]	Loss: 7.1654
工作节点 3 - Train Epoch: 1 [295680/1281167 (92%)]	Loss: 7.1062
工作节点 3 - Train Epoch: 1 [296960/1281167 (93%)]	Loss: 7.1244
工作节点 3 - Train Epoch: 1 [298240/1281167 (93%)]	Loss: 6.8797
工作节点 3 - Train Epoch: 1 [299520/1281167 (93%)]	Loss: 7.0724
工作节点 3 - Train Epoch: 1 [300800/1281167 (94%)]	Loss: 7.1476
工作节点 3 - Train Epoch: 1 [302080/1281167 (94%)]	Loss: 7.0266
工作节点 3 - Train Epoch: 1 [303360/1281167 (95%)]	Loss: 7.0911
工作节点 3 - Train Epoch: 1 [304640/1281167 (95%)]	Loss: 7.0887
工作节点 3 - Train Epoch: 1 [305920/1281167 (95%)]	Loss: 7.0749
工作节点 3 - Train Epoch: 1 [307200/1281167 (96%)]	Loss: 7.0432
工作节点 3 - Train Epoch: 1 [308480/1281167 (96%)]	Loss: 7.1359
工作节点 3 - Train Epoch: 1 [309760/1281167 (97%)]	Loss: 7.0884
工作节点 3 - Train Epoch: 1 [311040/1281167 (97%)]	Loss: 7.0785
工作节点 3 - Train Epoch: 1 [312320/1281167 (97%)]	Loss: 7.1096
工作节点 3 - Train Epoch: 1 [313600/1281167 (98%)]	Loss: 7.1374
工作节点 3 - Train Epoch: 1 [314880/1281167 (98%)]	Loss: 7.1813
工作节点 3 - Train Epoch: 1 [316160/1281167 (99%)]	Loss: 7.1140
工作节点 3 - Train Epoch: 1 [317440/1281167 (99%)]	Loss: 7.1618
工作节点 3 - Train Epoch: 1 [318720/1281167 (99%)]	Loss: 7.1319
工作节点 3 - Train Epoch: 1 [320000/1281167 (100%)]	Loss: 7.0959
