nohup: ignoring input
使用 4 个 GPU 进行训练
NCCL算法: Ring
批次大小: 128 (每个GPU), 全局批次大小: 512
数据集大小: 1281167 训练样本, 50000 验证样本
模型参数量: 25.56M

--- Epoch 1/3 ---
Train Epoch: 1 [0/1281167 (0%)]	Loss: 7.062284
Train Epoch: 1 [5120/1281167 (0%)]	Loss: 7.913239
Train Epoch: 1 [10240/1281167 (1%)]	Loss: 7.295987
Train Epoch: 1 [15360/1281167 (1%)]	Loss: 7.076826
Train Epoch: 1 [20480/1281167 (2%)]	Loss: 7.001997
Train Epoch: 1 [25600/1281167 (2%)]	Loss: 6.952921
Train Epoch: 1 [30720/1281167 (2%)]	Loss: 6.907772
Train Epoch: 1 [35840/1281167 (3%)]	Loss: 6.920812
Train Epoch: 1 [40960/1281167 (3%)]	Loss: 6.903211
Train Epoch: 1 [46080/1281167 (4%)]	Loss: 6.907259
Train Epoch: 1 [51200/1281167 (4%)]	Loss: 6.881599
Train Epoch: 1 [56320/1281167 (4%)]	Loss: 6.879807
Train Epoch: 1 [61440/1281167 (5%)]	Loss: 6.876455
Train Epoch: 1 [66560/1281167 (5%)]	Loss: 6.908847
Train Epoch: 1 [71680/1281167 (6%)]	Loss: 6.883728
Train Epoch: 1 [76800/1281167 (6%)]	Loss: 6.898726
Train Epoch: 1 [81920/1281167 (6%)]	Loss: 6.897133
Train Epoch: 1 [87040/1281167 (7%)]	Loss: 6.905526
Train Epoch: 1 [92160/1281167 (7%)]	Loss: 6.876366
Train Epoch: 1 [97280/1281167 (8%)]	Loss: 6.869543
Train Epoch: 1 [102400/1281167 (8%)]	Loss: 6.850926
Train Epoch: 1 [107520/1281167 (8%)]	Loss: 6.870457
Train Epoch: 1 [112640/1281167 (9%)]	Loss: 6.885010
Train Epoch: 1 [117760/1281167 (9%)]	Loss: 6.845431
Train Epoch: 1 [122880/1281167 (10%)]	Loss: 6.843778
Train Epoch: 1 [128000/1281167 (10%)]	Loss: 6.838295
Train Epoch: 1 [133120/1281167 (10%)]	Loss: 6.864553
Train Epoch: 1 [138240/1281167 (11%)]	Loss: 6.812462
Train Epoch: 1 [143360/1281167 (11%)]	Loss: 6.734756
Train Epoch: 1 [148480/1281167 (12%)]	Loss: 6.807891
Train Epoch: 1 [153600/1281167 (12%)]	Loss: 6.853197
Train Epoch: 1 [158720/1281167 (12%)]	Loss: 6.782592
Train Epoch: 1 [163840/1281167 (13%)]	Loss: 6.769304
Train Epoch: 1 [168960/1281167 (13%)]	Loss: 6.938572
Train Epoch: 1 [174080/1281167 (14%)]	Loss: 6.808254
Train Epoch: 1 [179200/1281167 (14%)]	Loss: 6.658925
Train Epoch: 1 [184320/1281167 (14%)]	Loss: 6.668774
Train Epoch: 1 [189440/1281167 (15%)]	Loss: 6.732505
Train Epoch: 1 [194560/1281167 (15%)]	Loss: 6.739506
Train Epoch: 1 [199680/1281167 (16%)]	Loss: 6.646268
Train Epoch: 1 [204800/1281167 (16%)]	Loss: 6.633242
Train Epoch: 1 [209920/1281167 (16%)]	Loss: 6.542812
Train Epoch: 1 [215040/1281167 (17%)]	Loss: 6.714036
Train Epoch: 1 [220160/1281167 (17%)]	Loss: 6.686306
Train Epoch: 1 [225280/1281167 (18%)]	Loss: 6.646919
Train Epoch: 1 [230400/1281167 (18%)]	Loss: 6.668610
Train Epoch: 1 [235520/1281167 (18%)]	Loss: 6.553469
Train Epoch: 1 [240640/1281167 (19%)]	Loss: 6.598051
Train Epoch: 1 [245760/1281167 (19%)]	Loss: 6.608667
Train Epoch: 1 [250880/1281167 (20%)]	Loss: 6.572206
Train Epoch: 1 [256000/1281167 (20%)]	Loss: 6.576291
Train Epoch: 1 [261120/1281167 (20%)]	Loss: 6.479715
Train Epoch: 1 [266240/1281167 (21%)]	Loss: 6.568490
Train Epoch: 1 [271360/1281167 (21%)]	Loss: 6.468611
Train Epoch: 1 [276480/1281167 (22%)]	Loss: 6.352149
Train Epoch: 1 [281600/1281167 (22%)]	Loss: 6.494898
Train Epoch: 1 [286720/1281167 (22%)]	Loss: 6.393003
Train Epoch: 1 [291840/1281167 (23%)]	Loss: 6.389089
Train Epoch: 1 [296960/1281167 (23%)]	Loss: 6.490002
Train Epoch: 1 [302080/1281167 (24%)]	Loss: 6.332662
Train Epoch: 1 [307200/1281167 (24%)]	Loss: 6.446726
Train Epoch: 1 [312320/1281167 (24%)]	Loss: 6.328629
Train Epoch: 1 [317440/1281167 (25%)]	Loss: 6.211874
Train Epoch: 1 [322560/1281167 (25%)]	Loss: 6.381425
Train Epoch: 1 [327680/1281167 (26%)]	Loss: 6.428535
Train Epoch: 1 [332800/1281167 (26%)]	Loss: 6.398314
Train Epoch: 1 [337920/1281167 (26%)]	Loss: 6.179082
Train Epoch: 1 [343040/1281167 (27%)]	Loss: 6.274791
Train Epoch: 1 [348160/1281167 (27%)]	Loss: 6.379419
Train Epoch: 1 [353280/1281167 (28%)]	Loss: 6.057373
Train Epoch: 1 [358400/1281167 (28%)]	Loss: 6.178120
Train Epoch: 1 [363520/1281167 (28%)]	Loss: 6.260767
Train Epoch: 1 [368640/1281167 (29%)]	Loss: 6.086698
Train Epoch: 1 [373760/1281167 (29%)]	Loss: 6.184944
Train Epoch: 1 [378880/1281167 (30%)]	Loss: 6.249938
Train Epoch: 1 [384000/1281167 (30%)]	Loss: 6.008533
Train Epoch: 1 [389120/1281167 (30%)]	Loss: 6.217618
Train Epoch: 1 [394240/1281167 (31%)]	Loss: 6.037228
Train Epoch: 1 [399360/1281167 (31%)]	Loss: 6.141836
Train Epoch: 1 [404480/1281167 (32%)]	Loss: 5.781354
Train Epoch: 1 [409600/1281167 (32%)]	Loss: 6.102103
Train Epoch: 1 [414720/1281167 (32%)]	Loss: 6.184223
Train Epoch: 1 [419840/1281167 (33%)]	Loss: 6.098964
Train Epoch: 1 [424960/1281167 (33%)]	Loss: 5.983212
Train Epoch: 1 [430080/1281167 (34%)]	Loss: 5.920784
Train Epoch: 1 [435200/1281167 (34%)]	Loss: 6.042769
Train Epoch: 1 [440320/1281167 (34%)]	Loss: 5.978055
Train Epoch: 1 [445440/1281167 (35%)]	Loss: 6.045760
Train Epoch: 1 [450560/1281167 (35%)]	Loss: 5.939766
Train Epoch: 1 [455680/1281167 (36%)]	Loss: 6.243719
Train Epoch: 1 [460800/1281167 (36%)]	Loss: 6.078511
Train Epoch: 1 [465920/1281167 (36%)]	Loss: 6.124896
Train Epoch: 1 [471040/1281167 (37%)]	Loss: 5.800098
Train Epoch: 1 [476160/1281167 (37%)]	Loss: 5.912983
Train Epoch: 1 [481280/1281167 (38%)]	Loss: 6.001148
Train Epoch: 1 [486400/1281167 (38%)]	Loss: 5.832527
Train Epoch: 1 [491520/1281167 (38%)]	Loss: 5.755733
Train Epoch: 1 [496640/1281167 (39%)]	Loss: 5.737818
Train Epoch: 1 [501760/1281167 (39%)]	Loss: 5.699580
Train Epoch: 1 [506880/1281167 (40%)]	Loss: 5.684351
Train Epoch: 1 [512000/1281167 (40%)]	Loss: 6.205297
Train Epoch: 1 [517120/1281167 (40%)]	Loss: 5.989127
Train Epoch: 1 [522240/1281167 (41%)]	Loss: 5.656717
Train Epoch: 1 [527360/1281167 (41%)]	Loss: 5.746972
Train Epoch: 1 [532480/1281167 (42%)]	Loss: 5.827023
Train Epoch: 1 [537600/1281167 (42%)]	Loss: 5.668776
Train Epoch: 1 [542720/1281167 (42%)]	Loss: 5.387822
Train Epoch: 1 [547840/1281167 (43%)]	Loss: 5.686016
Train Epoch: 1 [552960/1281167 (43%)]	Loss: 5.457155
Train Epoch: 1 [558080/1281167 (44%)]	Loss: 5.905461
Train Epoch: 1 [563200/1281167 (44%)]	Loss: 5.586894
Train Epoch: 1 [568320/1281167 (44%)]	Loss: 5.555452
Train Epoch: 1 [573440/1281167 (45%)]	Loss: 5.821136
Train Epoch: 1 [578560/1281167 (45%)]	Loss: 5.423783
Train Epoch: 1 [583680/1281167 (46%)]	Loss: 5.550417
Train Epoch: 1 [588800/1281167 (46%)]	Loss: 5.625024
Train Epoch: 1 [593920/1281167 (46%)]	Loss: 5.648835
Train Epoch: 1 [599040/1281167 (47%)]	Loss: 5.681626
Train Epoch: 1 [604160/1281167 (47%)]	Loss: 5.595288
Train Epoch: 1 [609280/1281167 (48%)]	Loss: 5.395502
Train Epoch: 1 [614400/1281167 (48%)]	Loss: 5.629140
Train Epoch: 1 [619520/1281167 (48%)]	Loss: 5.645574
Train Epoch: 1 [624640/1281167 (49%)]	Loss: 5.591058
Train Epoch: 1 [629760/1281167 (49%)]	Loss: 5.687348
Train Epoch: 1 [634880/1281167 (50%)]	Loss: 5.613137
Train Epoch: 1 [640000/1281167 (50%)]	Loss: 5.543664
Train Epoch: 1 [645120/1281167 (50%)]	Loss: 5.329372
Train Epoch: 1 [650240/1281167 (51%)]	Loss: 5.360635
Train Epoch: 1 [655360/1281167 (51%)]	Loss: 5.466986
Train Epoch: 1 [660480/1281167 (52%)]	Loss: 5.614249
Train Epoch: 1 [665600/1281167 (52%)]	Loss: 5.414667
Train Epoch: 1 [670720/1281167 (52%)]	Loss: 5.715299
Train Epoch: 1 [675840/1281167 (53%)]	Loss: 5.361474
Train Epoch: 1 [680960/1281167 (53%)]	Loss: 5.377721
Train Epoch: 1 [686080/1281167 (54%)]	Loss: 5.488838
Train Epoch: 1 [691200/1281167 (54%)]	Loss: 5.413673
Train Epoch: 1 [696320/1281167 (54%)]	Loss: 5.660629
Train Epoch: 1 [701440/1281167 (55%)]	Loss: 5.312686
Train Epoch: 1 [706560/1281167 (55%)]	Loss: 5.636257
Train Epoch: 1 [711680/1281167 (56%)]	Loss: 5.282724
Train Epoch: 1 [716800/1281167 (56%)]	Loss: 5.373978
Train Epoch: 1 [721920/1281167 (56%)]	Loss: 5.290566
Train Epoch: 1 [727040/1281167 (57%)]	Loss: 5.472803
Train Epoch: 1 [732160/1281167 (57%)]	Loss: 5.170626
Train Epoch: 1 [737280/1281167 (58%)]	Loss: 5.031258
Train Epoch: 1 [742400/1281167 (58%)]	Loss: 5.233604
Train Epoch: 1 [747520/1281167 (58%)]	Loss: 5.041195
Train Epoch: 1 [752640/1281167 (59%)]	Loss: 5.163230
Train Epoch: 1 [757760/1281167 (59%)]	Loss: 5.097754
Train Epoch: 1 [762880/1281167 (60%)]	Loss: 5.261960
Train Epoch: 1 [768000/1281167 (60%)]	Loss: 5.005703
Train Epoch: 1 [773120/1281167 (60%)]	Loss: 5.426600
Train Epoch: 1 [778240/1281167 (61%)]	Loss: 5.254490
Train Epoch: 1 [783360/1281167 (61%)]	Loss: 5.269820
Train Epoch: 1 [788480/1281167 (62%)]	Loss: 5.195336
Train Epoch: 1 [793600/1281167 (62%)]	Loss: 5.255283
Train Epoch: 1 [798720/1281167 (62%)]	Loss: 5.221501
Train Epoch: 1 [803840/1281167 (63%)]	Loss: 5.205461
Train Epoch: 1 [808960/1281167 (63%)]	Loss: 4.840423
Train Epoch: 1 [814080/1281167 (64%)]	Loss: 5.257176
Train Epoch: 1 [819200/1281167 (64%)]	Loss: 5.185420
Train Epoch: 1 [824320/1281167 (64%)]	Loss: 5.490191
Train Epoch: 1 [829440/1281167 (65%)]	Loss: 5.137170
Train Epoch: 1 [834560/1281167 (65%)]	Loss: 5.382350
Train Epoch: 1 [839680/1281167 (66%)]	Loss: 5.171213
Train Epoch: 1 [844800/1281167 (66%)]	Loss: 5.139431
Train Epoch: 1 [849920/1281167 (66%)]	Loss: 5.297381
Train Epoch: 1 [855040/1281167 (67%)]	Loss: 5.352559
Train Epoch: 1 [860160/1281167 (67%)]	Loss: 4.913034
Train Epoch: 1 [865280/1281167 (68%)]	Loss: 5.282370
Train Epoch: 1 [870400/1281167 (68%)]	Loss: 4.758788
Train Epoch: 1 [875520/1281167 (68%)]	Loss: 5.121988
Train Epoch: 1 [880640/1281167 (69%)]	Loss: 5.144028
Train Epoch: 1 [885760/1281167 (69%)]	Loss: 4.875136
Train Epoch: 1 [890880/1281167 (70%)]	Loss: 5.215025
Train Epoch: 1 [896000/1281167 (70%)]	Loss: 5.013483
Train Epoch: 1 [901120/1281167 (70%)]	Loss: 5.171303
Train Epoch: 1 [906240/1281167 (71%)]	Loss: 5.073201
Train Epoch: 1 [911360/1281167 (71%)]	Loss: 5.006345
Train Epoch: 1 [916480/1281167 (72%)]	Loss: 5.031527
Train Epoch: 1 [921600/1281167 (72%)]	Loss: 5.181031
Train Epoch: 1 [926720/1281167 (72%)]	Loss: 5.065706
Train Epoch: 1 [931840/1281167 (73%)]	Loss: 4.935621
Train Epoch: 1 [936960/1281167 (73%)]	Loss: 4.761680
Train Epoch: 1 [942080/1281167 (74%)]	Loss: 4.741364
Train Epoch: 1 [947200/1281167 (74%)]	Loss: 5.018354
Train Epoch: 1 [952320/1281167 (74%)]	Loss: 5.111956
Train Epoch: 1 [957440/1281167 (75%)]	Loss: 5.170347
Train Epoch: 1 [962560/1281167 (75%)]	Loss: 4.960510
Train Epoch: 1 [967680/1281167 (76%)]	Loss: 4.923005
Train Epoch: 1 [972800/1281167 (76%)]	Loss: 5.032909
Train Epoch: 1 [977920/1281167 (76%)]	Loss: 4.971271
Train Epoch: 1 [983040/1281167 (77%)]	Loss: 5.029571
Train Epoch: 1 [988160/1281167 (77%)]	Loss: 5.090913
Train Epoch: 1 [993280/1281167 (78%)]	Loss: 4.947308
Train Epoch: 1 [998400/1281167 (78%)]	Loss: 4.800906
Train Epoch: 1 [1003520/1281167 (78%)]	Loss: 4.870334
Train Epoch: 1 [1008640/1281167 (79%)]	Loss: 5.041160
Train Epoch: 1 [1013760/1281167 (79%)]	Loss: 4.798476
Train Epoch: 1 [1018880/1281167 (80%)]	Loss: 4.786845
Train Epoch: 1 [1024000/1281167 (80%)]	Loss: 4.840964
Train Epoch: 1 [1029120/1281167 (80%)]	Loss: 4.935460
Train Epoch: 1 [1034240/1281167 (81%)]	Loss: 4.841857
Train Epoch: 1 [1039360/1281167 (81%)]	Loss: 4.693463
Train Epoch: 1 [1044480/1281167 (82%)]	Loss: 4.607672
Train Epoch: 1 [1049600/1281167 (82%)]	Loss: 4.805146
Train Epoch: 1 [1054720/1281167 (82%)]	Loss: 5.003335
Train Epoch: 1 [1059840/1281167 (83%)]	Loss: 4.741797
Train Epoch: 1 [1064960/1281167 (83%)]	Loss: 4.797351
Train Epoch: 1 [1070080/1281167 (83%)]	Loss: 4.727012
Train Epoch: 1 [1075200/1281167 (84%)]	Loss: 4.991526
Train Epoch: 1 [1080320/1281167 (84%)]	Loss: 4.716685
Train Epoch: 1 [1085440/1281167 (85%)]	Loss: 4.755495
Train Epoch: 1 [1090560/1281167 (85%)]	Loss: 4.338966
Train Epoch: 1 [1095680/1281167 (85%)]	Loss: 4.594510
Train Epoch: 1 [1100800/1281167 (86%)]	Loss: 4.857606
Train Epoch: 1 [1105920/1281167 (86%)]	Loss: 4.499981
Train Epoch: 1 [1111040/1281167 (87%)]	Loss: 4.587723
Train Epoch: 1 [1116160/1281167 (87%)]	Loss: 4.466803
Train Epoch: 1 [1121280/1281167 (87%)]	Loss: 4.729552
Train Epoch: 1 [1126400/1281167 (88%)]	Loss: 4.567887
Train Epoch: 1 [1131520/1281167 (88%)]	Loss: 4.795077
Train Epoch: 1 [1136640/1281167 (89%)]	Loss: 4.544394
Train Epoch: 1 [1141760/1281167 (89%)]	Loss: 4.650464
Train Epoch: 1 [1146880/1281167 (89%)]	Loss: 4.652503
Train Epoch: 1 [1152000/1281167 (90%)]	Loss: 4.569961
Train Epoch: 1 [1157120/1281167 (90%)]	Loss: 4.398719
Train Epoch: 1 [1162240/1281167 (91%)]	Loss: 4.677315
Train Epoch: 1 [1167360/1281167 (91%)]	Loss: 4.580245
Train Epoch: 1 [1172480/1281167 (91%)]	Loss: 4.648670
Train Epoch: 1 [1177600/1281167 (92%)]	Loss: 4.482149
Train Epoch: 1 [1182720/1281167 (92%)]	Loss: 4.715279
Train Epoch: 1 [1187840/1281167 (93%)]	Loss: 4.692165
Train Epoch: 1 [1192960/1281167 (93%)]	Loss: 4.465531
Train Epoch: 1 [1198080/1281167 (93%)]	Loss: 4.744723
Train Epoch: 1 [1203200/1281167 (94%)]	Loss: 4.631448
Train Epoch: 1 [1208320/1281167 (94%)]	Loss: 4.423236
Train Epoch: 1 [1213440/1281167 (95%)]	Loss: 4.695598
Train Epoch: 1 [1218560/1281167 (95%)]	Loss: 4.703979
Train Epoch: 1 [1223680/1281167 (95%)]	Loss: 4.384905
Train Epoch: 1 [1228800/1281167 (96%)]	Loss: 4.471754
Train Epoch: 1 [1233920/1281167 (96%)]	Loss: 4.403304
Train Epoch: 1 [1239040/1281167 (97%)]	Loss: 4.855570
Train Epoch: 1 [1244160/1281167 (97%)]	Loss: 4.390217
Train Epoch: 1 [1249280/1281167 (97%)]	Loss: 4.631086
Train Epoch: 1 [1254400/1281167 (98%)]	Loss: 4.495522
Train Epoch: 1 [1259520/1281167 (98%)]	Loss: 4.252013
Train Epoch: 1 [1264640/1281167 (99%)]	Loss: 4.447508
Train Epoch: 1 [1269760/1281167 (99%)]	Loss: 4.524664
Train Epoch: 1 [1274880/1281167 (99%)]	Loss: 4.293735
Train Epoch: 1 [1280000/1281167 (100%)]	Loss: 4.435061
Train Epoch: 1, Loss: 5.638253, Accuracy: 5.74%, Time: 298.38s
Validation Epoch: 1, Loss: 4.494797, Accuracy: 13.62%, Time: 40.10s
保存最佳模型, 精度: 13.62%

--- Epoch 2/3 ---
Train Epoch: 2 [0/1281167 (0%)]	Loss: 4.472325
Train Epoch: 2 [5120/1281167 (0%)]	Loss: 4.407474
Train Epoch: 2 [10240/1281167 (1%)]	Loss: 4.287787
Train Epoch: 2 [15360/1281167 (1%)]	Loss: 4.411705
Train Epoch: 2 [20480/1281167 (2%)]	Loss: 4.213461
Train Epoch: 2 [25600/1281167 (2%)]	Loss: 4.653315
Train Epoch: 2 [30720/1281167 (2%)]	Loss: 4.256133
Train Epoch: 2 [35840/1281167 (3%)]	Loss: 4.270241
Train Epoch: 2 [40960/1281167 (3%)]	Loss: 4.621712
Train Epoch: 2 [46080/1281167 (4%)]	Loss: 4.477484
Train Epoch: 2 [51200/1281167 (4%)]	Loss: 4.198020
Train Epoch: 2 [56320/1281167 (4%)]	Loss: 4.453907
Train Epoch: 2 [61440/1281167 (5%)]	Loss: 4.368017
Train Epoch: 2 [66560/1281167 (5%)]	Loss: 4.495818
Train Epoch: 2 [71680/1281167 (6%)]	Loss: 4.504332
Train Epoch: 2 [76800/1281167 (6%)]	Loss: 4.358948
Train Epoch: 2 [81920/1281167 (6%)]	Loss: 4.471096
Train Epoch: 2 [87040/1281167 (7%)]	Loss: 4.192039
Train Epoch: 2 [92160/1281167 (7%)]	Loss: 4.259936
Train Epoch: 2 [97280/1281167 (8%)]	Loss: 4.564810
Train Epoch: 2 [102400/1281167 (8%)]	Loss: 4.573039
Train Epoch: 2 [107520/1281167 (8%)]	Loss: 4.491064
Train Epoch: 2 [112640/1281167 (9%)]	Loss: 4.188979
Train Epoch: 2 [117760/1281167 (9%)]	Loss: 4.369235
Train Epoch: 2 [122880/1281167 (10%)]	Loss: 4.465322
Train Epoch: 2 [128000/1281167 (10%)]	Loss: 4.018723
Train Epoch: 2 [133120/1281167 (10%)]	Loss: 4.387892
Train Epoch: 2 [138240/1281167 (11%)]	Loss: 4.203962
Train Epoch: 2 [143360/1281167 (11%)]	Loss: 4.153873
Train Epoch: 2 [148480/1281167 (12%)]	Loss: 4.490378
Train Epoch: 2 [153600/1281167 (12%)]	Loss: 4.153439
Train Epoch: 2 [158720/1281167 (12%)]	Loss: 4.107269
Train Epoch: 2 [163840/1281167 (13%)]	Loss: 4.481590
Train Epoch: 2 [168960/1281167 (13%)]	Loss: 4.375228
Train Epoch: 2 [174080/1281167 (14%)]	Loss: 4.290856
Train Epoch: 2 [179200/1281167 (14%)]	Loss: 3.718400
Train Epoch: 2 [184320/1281167 (14%)]	Loss: 4.476533
Train Epoch: 2 [189440/1281167 (15%)]	Loss: 4.617392
Train Epoch: 2 [194560/1281167 (15%)]	Loss: 4.200710
Train Epoch: 2 [199680/1281167 (16%)]	Loss: 4.036915
Train Epoch: 2 [204800/1281167 (16%)]	Loss: 4.373973
Train Epoch: 2 [209920/1281167 (16%)]	Loss: 4.304263
Train Epoch: 2 [215040/1281167 (17%)]	Loss: 4.018107
Train Epoch: 2 [220160/1281167 (17%)]	Loss: 4.051560
Train Epoch: 2 [225280/1281167 (18%)]	Loss: 4.044351
Train Epoch: 2 [230400/1281167 (18%)]	Loss: 4.008472
Train Epoch: 2 [235520/1281167 (18%)]	Loss: 4.065866
Train Epoch: 2 [240640/1281167 (19%)]	Loss: 4.056561
Train Epoch: 2 [245760/1281167 (19%)]	Loss: 4.140932
Train Epoch: 2 [250880/1281167 (20%)]	Loss: 3.899298
Train Epoch: 2 [256000/1281167 (20%)]	Loss: 4.010273
Train Epoch: 2 [261120/1281167 (20%)]	Loss: 4.422354
Train Epoch: 2 [266240/1281167 (21%)]	Loss: 3.897556
Train Epoch: 2 [271360/1281167 (21%)]	Loss: 3.699224
Train Epoch: 2 [276480/1281167 (22%)]	Loss: 4.232252
Train Epoch: 2 [281600/1281167 (22%)]	Loss: 4.123376
Train Epoch: 2 [286720/1281167 (22%)]	Loss: 4.130229
Train Epoch: 2 [291840/1281167 (23%)]	Loss: 4.009135
Train Epoch: 2 [296960/1281167 (23%)]	Loss: 4.332685
Train Epoch: 2 [302080/1281167 (24%)]	Loss: 4.245403
Train Epoch: 2 [307200/1281167 (24%)]	Loss: 4.807094
Train Epoch: 2 [312320/1281167 (24%)]	Loss: 4.158743
Train Epoch: 2 [317440/1281167 (25%)]	Loss: 4.249757
Train Epoch: 2 [322560/1281167 (25%)]	Loss: 4.194746
Train Epoch: 2 [327680/1281167 (26%)]	Loss: 4.146618
Train Epoch: 2 [332800/1281167 (26%)]	Loss: 4.005482
Train Epoch: 2 [337920/1281167 (26%)]	Loss: 4.323827
Train Epoch: 2 [343040/1281167 (27%)]	Loss: 4.291172
Train Epoch: 2 [348160/1281167 (27%)]	Loss: 4.216709
Train Epoch: 2 [353280/1281167 (28%)]	Loss: 4.281189
Train Epoch: 2 [358400/1281167 (28%)]	Loss: 4.177316
Train Epoch: 2 [363520/1281167 (28%)]	Loss: 4.160035
Train Epoch: 2 [368640/1281167 (29%)]	Loss: 3.819209
Train Epoch: 2 [373760/1281167 (29%)]	Loss: 4.071979
Train Epoch: 2 [378880/1281167 (30%)]	Loss: 4.481025
Train Epoch: 2 [384000/1281167 (30%)]	Loss: 4.147046
Train Epoch: 2 [389120/1281167 (30%)]	Loss: 3.960645
Train Epoch: 2 [394240/1281167 (31%)]	Loss: 4.147323
Train Epoch: 2 [399360/1281167 (31%)]	Loss: 4.284154
Train Epoch: 2 [404480/1281167 (32%)]	Loss: 4.255763
Train Epoch: 2 [409600/1281167 (32%)]	Loss: 3.887400
Train Epoch: 2 [414720/1281167 (32%)]	Loss: 4.054314
Train Epoch: 2 [419840/1281167 (33%)]	Loss: 4.033317
Train Epoch: 2 [424960/1281167 (33%)]	Loss: 4.059383
Train Epoch: 2 [430080/1281167 (34%)]	Loss: 3.742956
Train Epoch: 2 [435200/1281167 (34%)]	Loss: 4.078019
Train Epoch: 2 [440320/1281167 (34%)]	Loss: 4.188268
Train Epoch: 2 [445440/1281167 (35%)]	Loss: 3.957819
Train Epoch: 2 [450560/1281167 (35%)]	Loss: 3.798194
Train Epoch: 2 [455680/1281167 (36%)]	Loss: 4.204099
Train Epoch: 2 [460800/1281167 (36%)]	Loss: 4.012633
Train Epoch: 2 [465920/1281167 (36%)]	Loss: 3.810159
Train Epoch: 2 [471040/1281167 (37%)]	Loss: 4.090550
Train Epoch: 2 [476160/1281167 (37%)]	Loss: 4.235167
Train Epoch: 2 [481280/1281167 (38%)]	Loss: 3.859939
Train Epoch: 2 [486400/1281167 (38%)]	Loss: 3.754419
Train Epoch: 2 [491520/1281167 (38%)]	Loss: 4.050745
Train Epoch: 2 [496640/1281167 (39%)]	Loss: 3.775908
Train Epoch: 2 [501760/1281167 (39%)]	Loss: 3.980958
Train Epoch: 2 [506880/1281167 (40%)]	Loss: 4.147023
Train Epoch: 2 [512000/1281167 (40%)]	Loss: 4.067987
Train Epoch: 2 [517120/1281167 (40%)]	Loss: 3.661417
Train Epoch: 2 [522240/1281167 (41%)]	Loss: 4.113270
Train Epoch: 2 [527360/1281167 (41%)]	Loss: 4.071353
Train Epoch: 2 [532480/1281167 (42%)]	Loss: 4.020374
Train Epoch: 2 [537600/1281167 (42%)]	Loss: 3.952864
Train Epoch: 2 [542720/1281167 (42%)]	Loss: 4.045046
Train Epoch: 2 [547840/1281167 (43%)]	Loss: 3.877986
Train Epoch: 2 [552960/1281167 (43%)]	Loss: 4.128010
Train Epoch: 2 [558080/1281167 (44%)]	Loss: 3.915144
Train Epoch: 2 [563200/1281167 (44%)]	Loss: 4.270450
Train Epoch: 2 [568320/1281167 (44%)]	Loss: 3.894648
Train Epoch: 2 [573440/1281167 (45%)]	Loss: 3.742331
Train Epoch: 2 [578560/1281167 (45%)]	Loss: 3.955279
Train Epoch: 2 [583680/1281167 (46%)]	Loss: 3.430301
Train Epoch: 2 [588800/1281167 (46%)]	Loss: 4.038325
Train Epoch: 2 [593920/1281167 (46%)]	Loss: 4.156546
Train Epoch: 2 [599040/1281167 (47%)]	Loss: 3.886775
Train Epoch: 2 [604160/1281167 (47%)]	Loss: 3.702784
Train Epoch: 2 [609280/1281167 (48%)]	Loss: 4.361176
Train Epoch: 2 [614400/1281167 (48%)]	Loss: 3.780110
Train Epoch: 2 [619520/1281167 (48%)]	Loss: 3.875132
Train Epoch: 2 [624640/1281167 (49%)]	Loss: 4.265429
Train Epoch: 2 [629760/1281167 (49%)]	Loss: 3.893134
Train Epoch: 2 [634880/1281167 (50%)]	Loss: 4.036295
Train Epoch: 2 [640000/1281167 (50%)]	Loss: 3.651310
Train Epoch: 2 [645120/1281167 (50%)]	Loss: 3.565184
Train Epoch: 2 [650240/1281167 (51%)]	Loss: 4.158629
Train Epoch: 2 [655360/1281167 (51%)]	Loss: 3.892000
Train Epoch: 2 [660480/1281167 (52%)]	Loss: 3.707755
Train Epoch: 2 [665600/1281167 (52%)]	Loss: 3.851922
Train Epoch: 2 [670720/1281167 (52%)]	Loss: 3.603133
Train Epoch: 2 [675840/1281167 (53%)]	Loss: 3.407221
Train Epoch: 2 [680960/1281167 (53%)]	Loss: 3.755945
Train Epoch: 2 [686080/1281167 (54%)]	Loss: 4.301855
Train Epoch: 2 [691200/1281167 (54%)]	Loss: 3.809736
Train Epoch: 2 [696320/1281167 (54%)]	Loss: 3.699372
Train Epoch: 2 [701440/1281167 (55%)]	Loss: 3.644452
Train Epoch: 2 [706560/1281167 (55%)]	Loss: 4.041060
Train Epoch: 2 [711680/1281167 (56%)]	Loss: 4.213024
Train Epoch: 2 [716800/1281167 (56%)]	Loss: 3.746849
Train Epoch: 2 [721920/1281167 (56%)]	Loss: 3.786915
Train Epoch: 2 [727040/1281167 (57%)]	Loss: 3.934328
Train Epoch: 2 [732160/1281167 (57%)]	Loss: 3.593357
Train Epoch: 2 [737280/1281167 (58%)]	Loss: 3.863032
Train Epoch: 2 [742400/1281167 (58%)]	Loss: 4.029490
Train Epoch: 2 [747520/1281167 (58%)]	Loss: 4.046891
Train Epoch: 2 [752640/1281167 (59%)]	Loss: 4.097712
Train Epoch: 2 [757760/1281167 (59%)]	Loss: 3.233900
Train Epoch: 2 [762880/1281167 (60%)]	Loss: 3.704049
Train Epoch: 2 [768000/1281167 (60%)]	Loss: 3.897844
Train Epoch: 2 [773120/1281167 (60%)]	Loss: 3.687053
Train Epoch: 2 [778240/1281167 (61%)]	Loss: 3.712846
Train Epoch: 2 [783360/1281167 (61%)]	Loss: 3.870574
Train Epoch: 2 [788480/1281167 (62%)]	Loss: 3.590517
Train Epoch: 2 [793600/1281167 (62%)]	Loss: 3.582155
Train Epoch: 2 [798720/1281167 (62%)]	Loss: 3.699020
Train Epoch: 2 [803840/1281167 (63%)]	Loss: 3.802023
Train Epoch: 2 [808960/1281167 (63%)]	Loss: 3.860619
Train Epoch: 2 [814080/1281167 (64%)]	Loss: 4.026103
Train Epoch: 2 [819200/1281167 (64%)]	Loss: 3.741354
Train Epoch: 2 [824320/1281167 (64%)]	Loss: 3.948637
Train Epoch: 2 [829440/1281167 (65%)]	Loss: 3.658889
Train Epoch: 2 [834560/1281167 (65%)]	Loss: 4.025082
Train Epoch: 2 [839680/1281167 (66%)]	Loss: 3.812612
Train Epoch: 2 [844800/1281167 (66%)]	Loss: 3.394720
Train Epoch: 2 [849920/1281167 (66%)]	Loss: 3.581170
Train Epoch: 2 [855040/1281167 (67%)]	Loss: 3.757592
Train Epoch: 2 [860160/1281167 (67%)]	Loss: 3.759293
Train Epoch: 2 [865280/1281167 (68%)]	Loss: 3.693322
Train Epoch: 2 [870400/1281167 (68%)]	Loss: 3.761723
Train Epoch: 2 [875520/1281167 (68%)]	Loss: 3.645671
Train Epoch: 2 [880640/1281167 (69%)]	Loss: 3.554450
Train Epoch: 2 [885760/1281167 (69%)]	Loss: 3.714419
Train Epoch: 2 [890880/1281167 (70%)]	Loss: 3.425068
Train Epoch: 2 [896000/1281167 (70%)]	Loss: 3.700967
Train Epoch: 2 [901120/1281167 (70%)]	Loss: 3.729773
Train Epoch: 2 [906240/1281167 (71%)]	Loss: 3.707886
Train Epoch: 2 [911360/1281167 (71%)]	Loss: 3.571523
Train Epoch: 2 [916480/1281167 (72%)]	Loss: 3.727117
Train Epoch: 2 [921600/1281167 (72%)]	Loss: 3.894859
Train Epoch: 2 [926720/1281167 (72%)]	Loss: 3.252729
Train Epoch: 2 [931840/1281167 (73%)]	Loss: 3.643478
Train Epoch: 2 [936960/1281167 (73%)]	Loss: 3.345635
Train Epoch: 2 [942080/1281167 (74%)]	Loss: 3.768811
Train Epoch: 2 [947200/1281167 (74%)]	Loss: 3.415705
Train Epoch: 2 [952320/1281167 (74%)]	Loss: 3.683378
Train Epoch: 2 [957440/1281167 (75%)]	Loss: 3.561102
Train Epoch: 2 [962560/1281167 (75%)]	Loss: 3.848314
Train Epoch: 2 [967680/1281167 (76%)]	Loss: 3.880520
Train Epoch: 2 [972800/1281167 (76%)]	Loss: 3.724923
Train Epoch: 2 [977920/1281167 (76%)]	Loss: 3.873196
Train Epoch: 2 [983040/1281167 (77%)]	Loss: 3.853688
Train Epoch: 2 [988160/1281167 (77%)]	Loss: 3.448602
Train Epoch: 2 [993280/1281167 (78%)]	Loss: 3.615540
Train Epoch: 2 [998400/1281167 (78%)]	Loss: 3.605320
Train Epoch: 2 [1003520/1281167 (78%)]	Loss: 3.582178
Train Epoch: 2 [1008640/1281167 (79%)]	Loss: 3.867809
Train Epoch: 2 [1013760/1281167 (79%)]	Loss: 3.576236
Train Epoch: 2 [1018880/1281167 (80%)]	Loss: 3.467824
Train Epoch: 2 [1024000/1281167 (80%)]	Loss: 3.710882
Train Epoch: 2 [1029120/1281167 (80%)]	Loss: 3.705227
Train Epoch: 2 [1034240/1281167 (81%)]	Loss: 3.340356
Train Epoch: 2 [1039360/1281167 (81%)]	Loss: 3.828333
Train Epoch: 2 [1044480/1281167 (82%)]	Loss: 3.572990
Train Epoch: 2 [1049600/1281167 (82%)]	Loss: 3.819952
Train Epoch: 2 [1054720/1281167 (82%)]	Loss: 3.596604
Train Epoch: 2 [1059840/1281167 (83%)]	Loss: 3.519372
Train Epoch: 2 [1064960/1281167 (83%)]	Loss: 3.525201
Train Epoch: 2 [1070080/1281167 (83%)]	Loss: 3.727687
Train Epoch: 2 [1075200/1281167 (84%)]	Loss: 3.553091
Train Epoch: 2 [1080320/1281167 (84%)]	Loss: 3.705843
Train Epoch: 2 [1085440/1281167 (85%)]	Loss: 3.262197
Train Epoch: 2 [1090560/1281167 (85%)]	Loss: 3.566474
Train Epoch: 2 [1095680/1281167 (85%)]	Loss: 3.614167
Train Epoch: 2 [1100800/1281167 (86%)]	Loss: 3.459394
Train Epoch: 2 [1105920/1281167 (86%)]	Loss: 3.114574
Train Epoch: 2 [1111040/1281167 (87%)]	Loss: 3.495690
Train Epoch: 2 [1116160/1281167 (87%)]	Loss: 3.202107
Train Epoch: 2 [1121280/1281167 (87%)]	Loss: 3.655242
Train Epoch: 2 [1126400/1281167 (88%)]	Loss: 3.667478
Train Epoch: 2 [1131520/1281167 (88%)]	Loss: 3.783608
Train Epoch: 2 [1136640/1281167 (89%)]	Loss: 3.483547
Train Epoch: 2 [1141760/1281167 (89%)]	Loss: 3.626603
Train Epoch: 2 [1146880/1281167 (89%)]	Loss: 3.252486
Train Epoch: 2 [1152000/1281167 (90%)]	Loss: 3.681781
Train Epoch: 2 [1157120/1281167 (90%)]	Loss: 3.216455
Train Epoch: 2 [1162240/1281167 (91%)]	Loss: 3.474676
Train Epoch: 2 [1167360/1281167 (91%)]	Loss: 3.894033
Train Epoch: 2 [1172480/1281167 (91%)]	Loss: 3.415357
Train Epoch: 2 [1177600/1281167 (92%)]	Loss: 3.322188
Train Epoch: 2 [1182720/1281167 (92%)]	Loss: 3.550058
Train Epoch: 2 [1187840/1281167 (93%)]	Loss: 3.298076
Train Epoch: 2 [1192960/1281167 (93%)]	Loss: 3.561535
Train Epoch: 2 [1198080/1281167 (93%)]	Loss: 3.742667
Train Epoch: 2 [1203200/1281167 (94%)]	Loss: 3.353180
Train Epoch: 2 [1208320/1281167 (94%)]	Loss: 3.664166
Train Epoch: 2 [1213440/1281167 (95%)]	Loss: 3.449663
Train Epoch: 2 [1218560/1281167 (95%)]	Loss: 3.812404
Train Epoch: 2 [1223680/1281167 (95%)]	Loss: 3.210841
Train Epoch: 2 [1228800/1281167 (96%)]	Loss: 3.897158
Train Epoch: 2 [1233920/1281167 (96%)]	Loss: 3.905587
Train Epoch: 2 [1239040/1281167 (97%)]	Loss: 3.649783
Train Epoch: 2 [1244160/1281167 (97%)]	Loss: 3.273138
Train Epoch: 2 [1249280/1281167 (97%)]	Loss: 3.519239
Train Epoch: 2 [1254400/1281167 (98%)]	Loss: 3.533345
Train Epoch: 2 [1259520/1281167 (98%)]	Loss: 3.520583
Train Epoch: 2 [1264640/1281167 (99%)]	Loss: 3.462498
Train Epoch: 2 [1269760/1281167 (99%)]	Loss: 3.277956
Train Epoch: 2 [1274880/1281167 (99%)]	Loss: 3.741945
Train Epoch: 2 [1280000/1281167 (100%)]	Loss: 3.560218
Train Epoch: 2, Loss: 3.906882, Accuracy: 22.33%, Time: 293.41s
Validation Epoch: 2, Loss: 3.688631, Accuracy: 26.31%, Time: 38.07s
保存最佳模型, 精度: 26.31%

--- Epoch 3/3 ---
Train Epoch: 3 [0/1281167 (0%)]	Loss: 3.307605
Train Epoch: 3 [5120/1281167 (0%)]	Loss: 3.450639
Train Epoch: 3 [10240/1281167 (1%)]	Loss: 3.445962
Train Epoch: 3 [15360/1281167 (1%)]	Loss: 3.435458
Train Epoch: 3 [20480/1281167 (2%)]	Loss: 3.092765
Train Epoch: 3 [25600/1281167 (2%)]	Loss: 3.654455
Train Epoch: 3 [30720/1281167 (2%)]	Loss: 3.227643
Train Epoch: 3 [35840/1281167 (3%)]	Loss: 3.398605
Train Epoch: 3 [40960/1281167 (3%)]	Loss: 3.409933
Train Epoch: 3 [46080/1281167 (4%)]	Loss: 2.985707
Train Epoch: 3 [51200/1281167 (4%)]	Loss: 3.581119
Train Epoch: 3 [56320/1281167 (4%)]	Loss: 3.219258
Train Epoch: 3 [61440/1281167 (5%)]	Loss: 2.856418
Train Epoch: 3 [66560/1281167 (5%)]	Loss: 3.747595
Train Epoch: 3 [71680/1281167 (6%)]	Loss: 3.376543
Train Epoch: 3 [76800/1281167 (6%)]	Loss: 3.734229
Train Epoch: 3 [81920/1281167 (6%)]	Loss: 3.680874
Train Epoch: 3 [87040/1281167 (7%)]	Loss: 3.566761
Train Epoch: 3 [92160/1281167 (7%)]	Loss: 3.340029
Train Epoch: 3 [97280/1281167 (8%)]	Loss: 3.502238
Train Epoch: 3 [102400/1281167 (8%)]	Loss: 3.208045
Train Epoch: 3 [107520/1281167 (8%)]	Loss: 3.445572
Train Epoch: 3 [112640/1281167 (9%)]	Loss: 3.616408
Train Epoch: 3 [117760/1281167 (9%)]	Loss: 3.847593
Train Epoch: 3 [122880/1281167 (10%)]	Loss: 3.286534
Train Epoch: 3 [128000/1281167 (10%)]	Loss: 3.470580
Train Epoch: 3 [133120/1281167 (10%)]	Loss: 3.777709
Train Epoch: 3 [138240/1281167 (11%)]	Loss: 3.345357
Train Epoch: 3 [143360/1281167 (11%)]	Loss: 3.428712
Train Epoch: 3 [148480/1281167 (12%)]	Loss: 3.181524
Train Epoch: 3 [153600/1281167 (12%)]	Loss: 3.293550
Train Epoch: 3 [158720/1281167 (12%)]	Loss: 3.390430
Train Epoch: 3 [163840/1281167 (13%)]	Loss: 2.993325
Train Epoch: 3 [168960/1281167 (13%)]	Loss: 3.591351
Train Epoch: 3 [174080/1281167 (14%)]	Loss: 3.295352
Train Epoch: 3 [179200/1281167 (14%)]	Loss: 3.631399
Train Epoch: 3 [184320/1281167 (14%)]	Loss: 3.351920
Train Epoch: 3 [189440/1281167 (15%)]	Loss: 3.357591
Train Epoch: 3 [194560/1281167 (15%)]	Loss: 2.956788
Train Epoch: 3 [199680/1281167 (16%)]	Loss: 3.165110
Train Epoch: 3 [204800/1281167 (16%)]	Loss: 3.926589
Train Epoch: 3 [209920/1281167 (16%)]	Loss: 3.412241
Train Epoch: 3 [215040/1281167 (17%)]	Loss: 3.375151
Train Epoch: 3 [220160/1281167 (17%)]	Loss: 3.162928
Train Epoch: 3 [225280/1281167 (18%)]	Loss: 3.443607
Train Epoch: 3 [230400/1281167 (18%)]	Loss: 3.195994
Train Epoch: 3 [235520/1281167 (18%)]	Loss: 3.291534
Train Epoch: 3 [240640/1281167 (19%)]	Loss: 3.427235
Train Epoch: 3 [245760/1281167 (19%)]	Loss: 3.147993
Train Epoch: 3 [250880/1281167 (20%)]	Loss: 3.250120
Train Epoch: 3 [256000/1281167 (20%)]	Loss: 3.078073
Train Epoch: 3 [261120/1281167 (20%)]	Loss: 3.000758
Train Epoch: 3 [266240/1281167 (21%)]	Loss: 3.638539
Train Epoch: 3 [271360/1281167 (21%)]	Loss: 3.416222
Train Epoch: 3 [276480/1281167 (22%)]	Loss: 3.336566
Train Epoch: 3 [281600/1281167 (22%)]	Loss: 3.308806
Train Epoch: 3 [286720/1281167 (22%)]	Loss: 3.513513
Train Epoch: 3 [291840/1281167 (23%)]	Loss: 3.167012
Train Epoch: 3 [296960/1281167 (23%)]	Loss: 3.580609
Train Epoch: 3 [302080/1281167 (24%)]	Loss: 3.454509
Train Epoch: 3 [307200/1281167 (24%)]	Loss: 3.100192
Train Epoch: 3 [312320/1281167 (24%)]	Loss: 3.331745
Train Epoch: 3 [317440/1281167 (25%)]	Loss: 3.372596
Train Epoch: 3 [322560/1281167 (25%)]	Loss: 3.310442
Train Epoch: 3 [327680/1281167 (26%)]	Loss: 3.932079
Train Epoch: 3 [332800/1281167 (26%)]	Loss: 3.467877
Train Epoch: 3 [337920/1281167 (26%)]	Loss: 3.363792
Train Epoch: 3 [343040/1281167 (27%)]	Loss: 3.382459
Train Epoch: 3 [348160/1281167 (27%)]	Loss: 3.142949
Train Epoch: 3 [353280/1281167 (28%)]	Loss: 3.453910
Train Epoch: 3 [358400/1281167 (28%)]	Loss: 3.467028
Train Epoch: 3 [363520/1281167 (28%)]	Loss: 3.226275
Train Epoch: 3 [368640/1281167 (29%)]	Loss: 3.298182
Train Epoch: 3 [373760/1281167 (29%)]	Loss: 3.147212
Train Epoch: 3 [378880/1281167 (30%)]	Loss: 3.440023
Train Epoch: 3 [384000/1281167 (30%)]	Loss: 3.378858
Train Epoch: 3 [389120/1281167 (30%)]	Loss: 3.400563
Train Epoch: 3 [394240/1281167 (31%)]	Loss: 3.564484
Train Epoch: 3 [399360/1281167 (31%)]	Loss: 3.447214
Train Epoch: 3 [404480/1281167 (32%)]	Loss: 2.876715
Train Epoch: 3 [409600/1281167 (32%)]	Loss: 3.124865
Train Epoch: 3 [414720/1281167 (32%)]	Loss: 3.172697
Train Epoch: 3 [419840/1281167 (33%)]	Loss: 3.278826
Train Epoch: 3 [424960/1281167 (33%)]	Loss: 3.250750
Train Epoch: 3 [430080/1281167 (34%)]	Loss: 3.113356
Train Epoch: 3 [435200/1281167 (34%)]	Loss: 2.817136
Train Epoch: 3 [440320/1281167 (34%)]	Loss: 3.124672
Train Epoch: 3 [445440/1281167 (35%)]	Loss: 2.981344
Train Epoch: 3 [450560/1281167 (35%)]	Loss: 3.012368
Train Epoch: 3 [455680/1281167 (36%)]	Loss: 3.353977
Train Epoch: 3 [460800/1281167 (36%)]	Loss: 3.582399
Train Epoch: 3 [465920/1281167 (36%)]	Loss: 3.413702
Train Epoch: 3 [471040/1281167 (37%)]	Loss: 3.283111
Train Epoch: 3 [476160/1281167 (37%)]	Loss: 3.332063
Train Epoch: 3 [481280/1281167 (38%)]	Loss: 3.146698
Train Epoch: 3 [486400/1281167 (38%)]	Loss: 3.096502
Train Epoch: 3 [491520/1281167 (38%)]	Loss: 2.733289
Train Epoch: 3 [496640/1281167 (39%)]	Loss: 3.113523
Train Epoch: 3 [501760/1281167 (39%)]	Loss: 3.511187
Train Epoch: 3 [506880/1281167 (40%)]	Loss: 3.502633
Train Epoch: 3 [512000/1281167 (40%)]	Loss: 3.089022
Train Epoch: 3 [517120/1281167 (40%)]	Loss: 3.323934
Train Epoch: 3 [522240/1281167 (41%)]	Loss: 3.330959
Train Epoch: 3 [527360/1281167 (41%)]	Loss: 3.377806
Train Epoch: 3 [532480/1281167 (42%)]	Loss: 3.346829
Train Epoch: 3 [537600/1281167 (42%)]	Loss: 3.341295
Train Epoch: 3 [542720/1281167 (42%)]	Loss: 3.032347
Train Epoch: 3 [547840/1281167 (43%)]	Loss: 3.379359
Train Epoch: 3 [552960/1281167 (43%)]	Loss: 3.231624
Train Epoch: 3 [558080/1281167 (44%)]	Loss: 3.267685
Train Epoch: 3 [563200/1281167 (44%)]	Loss: 2.920498
Train Epoch: 3 [568320/1281167 (44%)]	Loss: 3.386158
Train Epoch: 3 [573440/1281167 (45%)]	Loss: 3.137686
Train Epoch: 3 [578560/1281167 (45%)]	Loss: 3.029156
Train Epoch: 3 [583680/1281167 (46%)]	Loss: 3.434209
Train Epoch: 3 [588800/1281167 (46%)]	Loss: 3.215187
Train Epoch: 3 [593920/1281167 (46%)]	Loss: 3.175740
Train Epoch: 3 [599040/1281167 (47%)]	Loss: 3.213337
Train Epoch: 3 [604160/1281167 (47%)]	Loss: 2.848347
Train Epoch: 3 [609280/1281167 (48%)]	Loss: 3.545647
Train Epoch: 3 [614400/1281167 (48%)]	Loss: 2.817439
Train Epoch: 3 [619520/1281167 (48%)]	Loss: 2.917766
Train Epoch: 3 [624640/1281167 (49%)]	Loss: 3.186404
Train Epoch: 3 [629760/1281167 (49%)]	Loss: 3.643188
Train Epoch: 3 [634880/1281167 (50%)]	Loss: 3.197528
Train Epoch: 3 [640000/1281167 (50%)]	Loss: 3.061059
Train Epoch: 3 [645120/1281167 (50%)]	Loss: 3.002942
Train Epoch: 3 [650240/1281167 (51%)]	Loss: 3.229830
Train Epoch: 3 [655360/1281167 (51%)]	Loss: 3.210187
Train Epoch: 3 [660480/1281167 (52%)]	Loss: 3.465316
Train Epoch: 3 [665600/1281167 (52%)]	Loss: 3.144209
Train Epoch: 3 [670720/1281167 (52%)]	Loss: 3.525720
Train Epoch: 3 [675840/1281167 (53%)]	Loss: 3.122536
Train Epoch: 3 [680960/1281167 (53%)]	Loss: 3.420660
Train Epoch: 3 [686080/1281167 (54%)]	Loss: 3.456159
Train Epoch: 3 [691200/1281167 (54%)]	Loss: 3.048060
Train Epoch: 3 [696320/1281167 (54%)]	Loss: 3.190077
Train Epoch: 3 [701440/1281167 (55%)]	Loss: 2.769979
Train Epoch: 3 [706560/1281167 (55%)]	Loss: 3.073032
Train Epoch: 3 [711680/1281167 (56%)]	Loss: 3.298895
Train Epoch: 3 [716800/1281167 (56%)]	Loss: 3.045444
Train Epoch: 3 [721920/1281167 (56%)]	Loss: 3.217166
Train Epoch: 3 [727040/1281167 (57%)]	Loss: 2.934773
Train Epoch: 3 [732160/1281167 (57%)]	Loss: 3.583606
Train Epoch: 3 [737280/1281167 (58%)]	Loss: 3.141652
Train Epoch: 3 [742400/1281167 (58%)]	Loss: 3.357915
Train Epoch: 3 [747520/1281167 (58%)]	Loss: 3.203332
Train Epoch: 3 [752640/1281167 (59%)]	Loss: 2.776699
Train Epoch: 3 [757760/1281167 (59%)]	Loss: 3.283912
Train Epoch: 3 [762880/1281167 (60%)]	Loss: 3.040947
Train Epoch: 3 [768000/1281167 (60%)]	Loss: 3.347398
Train Epoch: 3 [773120/1281167 (60%)]	Loss: 2.957804
Train Epoch: 3 [778240/1281167 (61%)]	Loss: 3.151714
Train Epoch: 3 [783360/1281167 (61%)]	Loss: 2.721912
Train Epoch: 3 [788480/1281167 (62%)]	Loss: 3.164221
Train Epoch: 3 [793600/1281167 (62%)]	Loss: 2.860612
Train Epoch: 3 [798720/1281167 (62%)]	Loss: 2.711887
Train Epoch: 3 [803840/1281167 (63%)]	Loss: 2.919957
Train Epoch: 3 [808960/1281167 (63%)]	Loss: 2.853890
Train Epoch: 3 [814080/1281167 (64%)]	Loss: 3.085358
Train Epoch: 3 [819200/1281167 (64%)]	Loss: 3.147494
Train Epoch: 3 [824320/1281167 (64%)]	Loss: 2.852350
Train Epoch: 3 [829440/1281167 (65%)]	Loss: 2.988988
Train Epoch: 3 [834560/1281167 (65%)]	Loss: 3.141473
Train Epoch: 3 [839680/1281167 (66%)]	Loss: 3.138457
Train Epoch: 3 [844800/1281167 (66%)]	Loss: 2.944461
Train Epoch: 3 [849920/1281167 (66%)]	Loss: 3.171734
Train Epoch: 3 [855040/1281167 (67%)]	Loss: 2.941608
Train Epoch: 3 [860160/1281167 (67%)]	Loss: 3.289087
Train Epoch: 3 [865280/1281167 (68%)]	Loss: 3.023177
Train Epoch: 3 [870400/1281167 (68%)]	Loss: 3.157871
Train Epoch: 3 [875520/1281167 (68%)]	Loss: 3.107768
Train Epoch: 3 [880640/1281167 (69%)]	Loss: 2.942138
Train Epoch: 3 [885760/1281167 (69%)]	Loss: 2.843891
Train Epoch: 3 [890880/1281167 (70%)]	Loss: 3.424586
Train Epoch: 3 [896000/1281167 (70%)]	Loss: 2.797739
Train Epoch: 3 [901120/1281167 (70%)]	Loss: 3.245028
Train Epoch: 3 [906240/1281167 (71%)]	Loss: 3.221526
Train Epoch: 3 [911360/1281167 (71%)]	Loss: 2.806451
Train Epoch: 3 [916480/1281167 (72%)]	Loss: 3.265615
Train Epoch: 3 [921600/1281167 (72%)]	Loss: 3.443718
Train Epoch: 3 [926720/1281167 (72%)]	Loss: 3.365310
Train Epoch: 3 [931840/1281167 (73%)]	Loss: 2.758081
Train Epoch: 3 [936960/1281167 (73%)]	Loss: 3.248650
Train Epoch: 3 [942080/1281167 (74%)]	Loss: 2.773953
Train Epoch: 3 [947200/1281167 (74%)]	Loss: 2.979540
Train Epoch: 3 [952320/1281167 (74%)]	Loss: 3.509535
Train Epoch: 3 [957440/1281167 (75%)]	Loss: 3.069772
Train Epoch: 3 [962560/1281167 (75%)]	Loss: 2.932950
Train Epoch: 3 [967680/1281167 (76%)]	Loss: 2.863401
Train Epoch: 3 [972800/1281167 (76%)]	Loss: 3.039853
Train Epoch: 3 [977920/1281167 (76%)]	Loss: 3.096271
Train Epoch: 3 [983040/1281167 (77%)]	Loss: 3.609351
Train Epoch: 3 [988160/1281167 (77%)]	Loss: 3.174312
Train Epoch: 3 [993280/1281167 (78%)]	Loss: 3.377214
Train Epoch: 3 [998400/1281167 (78%)]	Loss: 3.024900
Train Epoch: 3 [1003520/1281167 (78%)]	Loss: 3.263072
Train Epoch: 3 [1008640/1281167 (79%)]	Loss: 3.350923
Train Epoch: 3 [1013760/1281167 (79%)]	Loss: 3.018199
Train Epoch: 3 [1018880/1281167 (80%)]	Loss: 2.715752
Train Epoch: 3 [1024000/1281167 (80%)]	Loss: 3.065307
Train Epoch: 3 [1029120/1281167 (80%)]	Loss: 2.966778
Train Epoch: 3 [1034240/1281167 (81%)]	Loss: 3.298795
Train Epoch: 3 [1039360/1281167 (81%)]	Loss: 2.884786
Train Epoch: 3 [1044480/1281167 (82%)]	Loss: 3.338162
Train Epoch: 3 [1049600/1281167 (82%)]	Loss: 3.143453
Train Epoch: 3 [1054720/1281167 (82%)]	Loss: 3.226632
Train Epoch: 3 [1059840/1281167 (83%)]	Loss: 3.207782
Train Epoch: 3 [1064960/1281167 (83%)]	Loss: 3.281716
Train Epoch: 3 [1070080/1281167 (83%)]	Loss: 3.367692
Train Epoch: 3 [1075200/1281167 (84%)]	Loss: 3.114001
Train Epoch: 3 [1080320/1281167 (84%)]	Loss: 2.653684
Train Epoch: 3 [1085440/1281167 (85%)]	Loss: 3.005910
Train Epoch: 3 [1090560/1281167 (85%)]	Loss: 2.862996
Train Epoch: 3 [1095680/1281167 (85%)]	Loss: 3.139948
Train Epoch: 3 [1100800/1281167 (86%)]	Loss: 3.045988
Train Epoch: 3 [1105920/1281167 (86%)]	Loss: 2.765241
Train Epoch: 3 [1111040/1281167 (87%)]	Loss: 3.072303
Train Epoch: 3 [1116160/1281167 (87%)]	Loss: 3.118605
Train Epoch: 3 [1121280/1281167 (87%)]	Loss: 2.874634
Train Epoch: 3 [1126400/1281167 (88%)]	Loss: 2.942804
Train Epoch: 3 [1131520/1281167 (88%)]	Loss: 2.997660
Train Epoch: 3 [1136640/1281167 (89%)]	Loss: 2.634411
Train Epoch: 3 [1141760/1281167 (89%)]	Loss: 2.985883
Train Epoch: 3 [1146880/1281167 (89%)]	Loss: 2.915451
Train Epoch: 3 [1152000/1281167 (90%)]	Loss: 2.959826
Train Epoch: 3 [1157120/1281167 (90%)]	Loss: 3.097945
Train Epoch: 3 [1162240/1281167 (91%)]	Loss: 2.747798
Train Epoch: 3 [1167360/1281167 (91%)]	Loss: 3.007175
Train Epoch: 3 [1172480/1281167 (91%)]	Loss: 3.083220
Train Epoch: 3 [1177600/1281167 (92%)]	Loss: 2.813075
Train Epoch: 3 [1182720/1281167 (92%)]	Loss: 3.048077
Train Epoch: 3 [1187840/1281167 (93%)]	Loss: 2.658805
Train Epoch: 3 [1192960/1281167 (93%)]	Loss: 2.826343
Train Epoch: 3 [1198080/1281167 (93%)]	Loss: 3.153245
Train Epoch: 3 [1203200/1281167 (94%)]	Loss: 3.005748
Train Epoch: 3 [1208320/1281167 (94%)]	Loss: 3.121982
Train Epoch: 3 [1213440/1281167 (95%)]	Loss: 3.073979
Train Epoch: 3 [1218560/1281167 (95%)]	Loss: 2.951452
Train Epoch: 3 [1223680/1281167 (95%)]	Loss: 3.098788
Train Epoch: 3 [1228800/1281167 (96%)]	Loss: 3.222511
Train Epoch: 3 [1233920/1281167 (96%)]	Loss: 2.923555
Train Epoch: 3 [1239040/1281167 (97%)]	Loss: 2.720466
Train Epoch: 3 [1244160/1281167 (97%)]	Loss: 3.093792
Train Epoch: 3 [1249280/1281167 (97%)]	Loss: 2.919999
Train Epoch: 3 [1254400/1281167 (98%)]	Loss: 3.121143
Train Epoch: 3 [1259520/1281167 (98%)]	Loss: 3.322113
Train Epoch: 3 [1264640/1281167 (99%)]	Loss: 2.779215
Train Epoch: 3 [1269760/1281167 (99%)]	Loss: 3.042255
Train Epoch: 3 [1274880/1281167 (99%)]	Loss: 2.931504
Train Epoch: 3 [1280000/1281167 (100%)]	Loss: 3.146414
Train Epoch: 3, Loss: 3.186123, Accuracy: 33.11%, Time: 311.28s
Validation Epoch: 3, Loss: 2.777909, Accuracy: 38.88%, Time: 35.87s
保存最佳模型, 精度: 38.88%

训练完成! NCCL算法: Ring
最佳验证准确率: 38.88%
平均每个epoch训练时间: 301.02秒
平均每个epoch验证时间: 38.01秒
