nohup: ignoring input
使用 4 个 GPU 进行训练
NCCL算法: Tree
批次大小: 128 (每个GPU), 全局批次大小: 512
数据集大小: 1281167 训练样本, 50000 验证样本
模型参数量: 25.56M

--- Epoch 1/3 ---
Train Epoch: 1 [0/1281167 (0%)]	Loss: 7.062284
Train Epoch: 1 [5120/1281167 (0%)]	Loss: 7.911276
Train Epoch: 1 [10240/1281167 (1%)]	Loss: 7.273410
Train Epoch: 1 [15360/1281167 (1%)]	Loss: 7.036054
Train Epoch: 1 [20480/1281167 (2%)]	Loss: 6.995757
Train Epoch: 1 [25600/1281167 (2%)]	Loss: 6.962501
Train Epoch: 1 [30720/1281167 (2%)]	Loss: 7.042294
Train Epoch: 1 [35840/1281167 (3%)]	Loss: 6.929473
Train Epoch: 1 [40960/1281167 (3%)]	Loss: 6.963326
Train Epoch: 1 [46080/1281167 (4%)]	Loss: 6.912653
Train Epoch: 1 [51200/1281167 (4%)]	Loss: 6.908209
Train Epoch: 1 [56320/1281167 (4%)]	Loss: 6.875113
Train Epoch: 1 [61440/1281167 (5%)]	Loss: 6.907749
Train Epoch: 1 [66560/1281167 (5%)]	Loss: 6.910553
Train Epoch: 1 [71680/1281167 (6%)]	Loss: 6.918560
Train Epoch: 1 [76800/1281167 (6%)]	Loss: 6.868143
Train Epoch: 1 [81920/1281167 (6%)]	Loss: 6.893058
Train Epoch: 1 [87040/1281167 (7%)]	Loss: 6.916870
Train Epoch: 1 [92160/1281167 (7%)]	Loss: 6.880087
Train Epoch: 1 [97280/1281167 (8%)]	Loss: 6.860476
Train Epoch: 1 [102400/1281167 (8%)]	Loss: 6.864483
Train Epoch: 1 [107520/1281167 (8%)]	Loss: 6.880055
Train Epoch: 1 [112640/1281167 (9%)]	Loss: 6.886675
Train Epoch: 1 [117760/1281167 (9%)]	Loss: 6.810107
Train Epoch: 1 [122880/1281167 (10%)]	Loss: 6.804045
Train Epoch: 1 [128000/1281167 (10%)]	Loss: 6.827958
Train Epoch: 1 [133120/1281167 (10%)]	Loss: 6.849740
Train Epoch: 1 [138240/1281167 (11%)]	Loss: 6.843617
Train Epoch: 1 [143360/1281167 (11%)]	Loss: 6.728060
Train Epoch: 1 [148480/1281167 (12%)]	Loss: 6.795094
Train Epoch: 1 [153600/1281167 (12%)]	Loss: 6.822378
Train Epoch: 1 [158720/1281167 (12%)]	Loss: 6.757779
Train Epoch: 1 [163840/1281167 (13%)]	Loss: 6.724471
Train Epoch: 1 [168960/1281167 (13%)]	Loss: 6.873291
Train Epoch: 1 [174080/1281167 (14%)]	Loss: 6.840875
Train Epoch: 1 [179200/1281167 (14%)]	Loss: 6.648552
Train Epoch: 1 [184320/1281167 (14%)]	Loss: 6.647182
Train Epoch: 1 [189440/1281167 (15%)]	Loss: 6.734863
Train Epoch: 1 [194560/1281167 (15%)]	Loss: 6.719049
Train Epoch: 1 [199680/1281167 (16%)]	Loss: 6.669752
Train Epoch: 1 [204800/1281167 (16%)]	Loss: 6.633042
Train Epoch: 1 [209920/1281167 (16%)]	Loss: 6.586688
Train Epoch: 1 [215040/1281167 (17%)]	Loss: 6.691330
Train Epoch: 1 [220160/1281167 (17%)]	Loss: 6.639998
Train Epoch: 1 [225280/1281167 (18%)]	Loss: 6.699870
Train Epoch: 1 [230400/1281167 (18%)]	Loss: 6.617704
Train Epoch: 1 [235520/1281167 (18%)]	Loss: 6.586434
Train Epoch: 1 [240640/1281167 (19%)]	Loss: 6.664858
Train Epoch: 1 [245760/1281167 (19%)]	Loss: 6.658816
Train Epoch: 1 [250880/1281167 (20%)]	Loss: 6.584939
Train Epoch: 1 [256000/1281167 (20%)]	Loss: 6.603147
Train Epoch: 1 [261120/1281167 (20%)]	Loss: 6.516883
Train Epoch: 1 [266240/1281167 (21%)]	Loss: 6.687950
Train Epoch: 1 [271360/1281167 (21%)]	Loss: 6.485982
Train Epoch: 1 [276480/1281167 (22%)]	Loss: 6.429500
Train Epoch: 1 [281600/1281167 (22%)]	Loss: 6.489252
Train Epoch: 1 [286720/1281167 (22%)]	Loss: 6.463646
Train Epoch: 1 [291840/1281167 (23%)]	Loss: 6.474338
Train Epoch: 1 [296960/1281167 (23%)]	Loss: 6.471428
Train Epoch: 1 [302080/1281167 (24%)]	Loss: 6.376509
Train Epoch: 1 [307200/1281167 (24%)]	Loss: 6.468269
Train Epoch: 1 [312320/1281167 (24%)]	Loss: 6.324572
Train Epoch: 1 [317440/1281167 (25%)]	Loss: 6.275806
Train Epoch: 1 [322560/1281167 (25%)]	Loss: 6.363232
Train Epoch: 1 [327680/1281167 (26%)]	Loss: 6.378633
Train Epoch: 1 [332800/1281167 (26%)]	Loss: 6.421919
Train Epoch: 1 [337920/1281167 (26%)]	Loss: 6.229166
Train Epoch: 1 [343040/1281167 (27%)]	Loss: 6.359837
Train Epoch: 1 [348160/1281167 (27%)]	Loss: 6.457407
Train Epoch: 1 [353280/1281167 (28%)]	Loss: 6.114695
Train Epoch: 1 [358400/1281167 (28%)]	Loss: 6.246520
Train Epoch: 1 [363520/1281167 (28%)]	Loss: 6.357686
Train Epoch: 1 [368640/1281167 (29%)]	Loss: 6.114901
Train Epoch: 1 [373760/1281167 (29%)]	Loss: 6.158723
Train Epoch: 1 [378880/1281167 (30%)]	Loss: 6.210769
Train Epoch: 1 [384000/1281167 (30%)]	Loss: 6.114487
Train Epoch: 1 [389120/1281167 (30%)]	Loss: 6.283784
Train Epoch: 1 [394240/1281167 (31%)]	Loss: 6.074745
Train Epoch: 1 [399360/1281167 (31%)]	Loss: 6.231932
Train Epoch: 1 [404480/1281167 (32%)]	Loss: 5.923130
Train Epoch: 1 [409600/1281167 (32%)]	Loss: 6.071208
Train Epoch: 1 [414720/1281167 (32%)]	Loss: 6.225747
Train Epoch: 1 [419840/1281167 (33%)]	Loss: 6.110695
Train Epoch: 1 [424960/1281167 (33%)]	Loss: 6.099527
Train Epoch: 1 [430080/1281167 (34%)]	Loss: 6.020456
Train Epoch: 1 [435200/1281167 (34%)]	Loss: 6.076552
Train Epoch: 1 [440320/1281167 (34%)]	Loss: 6.096039
Train Epoch: 1 [445440/1281167 (35%)]	Loss: 6.153287
Train Epoch: 1 [450560/1281167 (35%)]	Loss: 6.023450
Train Epoch: 1 [455680/1281167 (36%)]	Loss: 6.277824
Train Epoch: 1 [460800/1281167 (36%)]	Loss: 6.083041
Train Epoch: 1 [465920/1281167 (36%)]	Loss: 6.167080
Train Epoch: 1 [471040/1281167 (37%)]	Loss: 5.899141
Train Epoch: 1 [476160/1281167 (37%)]	Loss: 6.023045
Train Epoch: 1 [481280/1281167 (38%)]	Loss: 6.115373
Train Epoch: 1 [486400/1281167 (38%)]	Loss: 5.871674
Train Epoch: 1 [491520/1281167 (38%)]	Loss: 5.936266
Train Epoch: 1 [496640/1281167 (39%)]	Loss: 5.824377
Train Epoch: 1 [501760/1281167 (39%)]	Loss: 5.890480
Train Epoch: 1 [506880/1281167 (40%)]	Loss: 5.760691
Train Epoch: 1 [512000/1281167 (40%)]	Loss: 6.199567
Train Epoch: 1 [517120/1281167 (40%)]	Loss: 6.069536
Train Epoch: 1 [522240/1281167 (41%)]	Loss: 5.880410
Train Epoch: 1 [527360/1281167 (41%)]	Loss: 5.885332
Train Epoch: 1 [532480/1281167 (42%)]	Loss: 6.062706
Train Epoch: 1 [537600/1281167 (42%)]	Loss: 5.751143
Train Epoch: 1 [542720/1281167 (42%)]	Loss: 5.555524
Train Epoch: 1 [547840/1281167 (43%)]	Loss: 5.819366
Train Epoch: 1 [552960/1281167 (43%)]	Loss: 5.594030
Train Epoch: 1 [558080/1281167 (44%)]	Loss: 6.005919
Train Epoch: 1 [563200/1281167 (44%)]	Loss: 5.736939
Train Epoch: 1 [568320/1281167 (44%)]	Loss: 5.636093
Train Epoch: 1 [573440/1281167 (45%)]	Loss: 5.799070
Train Epoch: 1 [578560/1281167 (45%)]	Loss: 5.735682
Train Epoch: 1 [583680/1281167 (46%)]	Loss: 5.641734
Train Epoch: 1 [588800/1281167 (46%)]	Loss: 5.731556
Train Epoch: 1 [593920/1281167 (46%)]	Loss: 5.760678
Train Epoch: 1 [599040/1281167 (47%)]	Loss: 5.734360
Train Epoch: 1 [604160/1281167 (47%)]	Loss: 5.596906
Train Epoch: 1 [609280/1281167 (48%)]	Loss: 5.457605
Train Epoch: 1 [614400/1281167 (48%)]	Loss: 5.736895
Train Epoch: 1 [619520/1281167 (48%)]	Loss: 5.856771
Train Epoch: 1 [624640/1281167 (49%)]	Loss: 5.596582
Train Epoch: 1 [629760/1281167 (49%)]	Loss: 5.715155
Train Epoch: 1 [634880/1281167 (50%)]	Loss: 5.744696
Train Epoch: 1 [640000/1281167 (50%)]	Loss: 5.637961
Train Epoch: 1 [645120/1281167 (50%)]	Loss: 5.508577
Train Epoch: 1 [650240/1281167 (51%)]	Loss: 5.410275
Train Epoch: 1 [655360/1281167 (51%)]	Loss: 5.612716
Train Epoch: 1 [660480/1281167 (52%)]	Loss: 5.701342
Train Epoch: 1 [665600/1281167 (52%)]	Loss: 5.406874
Train Epoch: 1 [670720/1281167 (52%)]	Loss: 5.912524
Train Epoch: 1 [675840/1281167 (53%)]	Loss: 5.423330
Train Epoch: 1 [680960/1281167 (53%)]	Loss: 5.505078
Train Epoch: 1 [686080/1281167 (54%)]	Loss: 5.617212
Train Epoch: 1 [691200/1281167 (54%)]	Loss: 5.508450
Train Epoch: 1 [696320/1281167 (54%)]	Loss: 5.764832
Train Epoch: 1 [701440/1281167 (55%)]	Loss: 5.370651
Train Epoch: 1 [706560/1281167 (55%)]	Loss: 5.728662
Train Epoch: 1 [711680/1281167 (56%)]	Loss: 5.410414
Train Epoch: 1 [716800/1281167 (56%)]	Loss: 5.328750
Train Epoch: 1 [721920/1281167 (56%)]	Loss: 5.465848
Train Epoch: 1 [727040/1281167 (57%)]	Loss: 5.477882
Train Epoch: 1 [732160/1281167 (57%)]	Loss: 5.324757
Train Epoch: 1 [737280/1281167 (58%)]	Loss: 5.201883
Train Epoch: 1 [742400/1281167 (58%)]	Loss: 5.363149
Train Epoch: 1 [747520/1281167 (58%)]	Loss: 5.167590
Train Epoch: 1 [752640/1281167 (59%)]	Loss: 5.304965
Train Epoch: 1 [757760/1281167 (59%)]	Loss: 5.308547
Train Epoch: 1 [762880/1281167 (60%)]	Loss: 5.297356
Train Epoch: 1 [768000/1281167 (60%)]	Loss: 5.134800
Train Epoch: 1 [773120/1281167 (60%)]	Loss: 5.557965
Train Epoch: 1 [778240/1281167 (61%)]	Loss: 5.400352
Train Epoch: 1 [783360/1281167 (61%)]	Loss: 5.302920
Train Epoch: 1 [788480/1281167 (62%)]	Loss: 5.381847
Train Epoch: 1 [793600/1281167 (62%)]	Loss: 5.260939
Train Epoch: 1 [798720/1281167 (62%)]	Loss: 5.398326
Train Epoch: 1 [803840/1281167 (63%)]	Loss: 5.235340
Train Epoch: 1 [808960/1281167 (63%)]	Loss: 4.886666
Train Epoch: 1 [814080/1281167 (64%)]	Loss: 5.355852
Train Epoch: 1 [819200/1281167 (64%)]	Loss: 5.261456
Train Epoch: 1 [824320/1281167 (64%)]	Loss: 5.575266
Train Epoch: 1 [829440/1281167 (65%)]	Loss: 5.314339
Train Epoch: 1 [834560/1281167 (65%)]	Loss: 5.329493
Train Epoch: 1 [839680/1281167 (66%)]	Loss: 5.195327
Train Epoch: 1 [844800/1281167 (66%)]	Loss: 5.209504
Train Epoch: 1 [849920/1281167 (66%)]	Loss: 5.273602
Train Epoch: 1 [855040/1281167 (67%)]	Loss: 5.415088
Train Epoch: 1 [860160/1281167 (67%)]	Loss: 5.044948
Train Epoch: 1 [865280/1281167 (68%)]	Loss: 5.463630
Train Epoch: 1 [870400/1281167 (68%)]	Loss: 4.902735
Train Epoch: 1 [875520/1281167 (68%)]	Loss: 5.232191
Train Epoch: 1 [880640/1281167 (69%)]	Loss: 5.109217
Train Epoch: 1 [885760/1281167 (69%)]	Loss: 4.990550
Train Epoch: 1 [890880/1281167 (70%)]	Loss: 5.338527
Train Epoch: 1 [896000/1281167 (70%)]	Loss: 5.092357
Train Epoch: 1 [901120/1281167 (70%)]	Loss: 5.338994
Train Epoch: 1 [906240/1281167 (71%)]	Loss: 5.108693
Train Epoch: 1 [911360/1281167 (71%)]	Loss: 5.072432
Train Epoch: 1 [916480/1281167 (72%)]	Loss: 5.033825
Train Epoch: 1 [921600/1281167 (72%)]	Loss: 5.352429
Train Epoch: 1 [926720/1281167 (72%)]	Loss: 5.101953
Train Epoch: 1 [931840/1281167 (73%)]	Loss: 4.986777
Train Epoch: 1 [936960/1281167 (73%)]	Loss: 4.842530
Train Epoch: 1 [942080/1281167 (74%)]	Loss: 4.844383
Train Epoch: 1 [947200/1281167 (74%)]	Loss: 5.129671
Train Epoch: 1 [952320/1281167 (74%)]	Loss: 5.140240
Train Epoch: 1 [957440/1281167 (75%)]	Loss: 5.162514
Train Epoch: 1 [962560/1281167 (75%)]	Loss: 5.012545
Train Epoch: 1 [967680/1281167 (76%)]	Loss: 5.121131
Train Epoch: 1 [972800/1281167 (76%)]	Loss: 5.010098
Train Epoch: 1 [977920/1281167 (76%)]	Loss: 4.981743
Train Epoch: 1 [983040/1281167 (77%)]	Loss: 5.207191
Train Epoch: 1 [988160/1281167 (77%)]	Loss: 5.128184
Train Epoch: 1 [993280/1281167 (78%)]	Loss: 5.015278
Train Epoch: 1 [998400/1281167 (78%)]	Loss: 4.958103
Train Epoch: 1 [1003520/1281167 (78%)]	Loss: 4.890327
Train Epoch: 1 [1008640/1281167 (79%)]	Loss: 5.115115
Train Epoch: 1 [1013760/1281167 (79%)]	Loss: 4.865852
Train Epoch: 1 [1018880/1281167 (80%)]	Loss: 4.836950
Train Epoch: 1 [1024000/1281167 (80%)]	Loss: 4.938581
Train Epoch: 1 [1029120/1281167 (80%)]	Loss: 4.990658
Train Epoch: 1 [1034240/1281167 (81%)]	Loss: 5.073202
Train Epoch: 1 [1039360/1281167 (81%)]	Loss: 4.913719
Train Epoch: 1 [1044480/1281167 (82%)]	Loss: 4.770249
Train Epoch: 1 [1049600/1281167 (82%)]	Loss: 4.818064
Train Epoch: 1 [1054720/1281167 (82%)]	Loss: 4.924887
Train Epoch: 1 [1059840/1281167 (83%)]	Loss: 4.714997
Train Epoch: 1 [1064960/1281167 (83%)]	Loss: 4.923668
Train Epoch: 1 [1070080/1281167 (83%)]	Loss: 4.775301
Train Epoch: 1 [1075200/1281167 (84%)]	Loss: 5.100957
Train Epoch: 1 [1080320/1281167 (84%)]	Loss: 4.716743
Train Epoch: 1 [1085440/1281167 (85%)]	Loss: 4.853805
Train Epoch: 1 [1090560/1281167 (85%)]	Loss: 4.511209
Train Epoch: 1 [1095680/1281167 (85%)]	Loss: 4.665989
Train Epoch: 1 [1100800/1281167 (86%)]	Loss: 4.827260
Train Epoch: 1 [1105920/1281167 (86%)]	Loss: 4.586862
Train Epoch: 1 [1111040/1281167 (87%)]	Loss: 4.448888
Train Epoch: 1 [1116160/1281167 (87%)]	Loss: 4.424811
Train Epoch: 1 [1121280/1281167 (87%)]	Loss: 4.769687
Train Epoch: 1 [1126400/1281167 (88%)]	Loss: 4.612725
Train Epoch: 1 [1131520/1281167 (88%)]	Loss: 4.799212
Train Epoch: 1 [1136640/1281167 (89%)]	Loss: 4.638212
Train Epoch: 1 [1141760/1281167 (89%)]	Loss: 4.694693
Train Epoch: 1 [1146880/1281167 (89%)]	Loss: 4.698836
Train Epoch: 1 [1152000/1281167 (90%)]	Loss: 4.624056
Train Epoch: 1 [1157120/1281167 (90%)]	Loss: 4.368615
Train Epoch: 1 [1162240/1281167 (91%)]	Loss: 4.653086
Train Epoch: 1 [1167360/1281167 (91%)]	Loss: 4.629988
Train Epoch: 1 [1172480/1281167 (91%)]	Loss: 4.534194
Train Epoch: 1 [1177600/1281167 (92%)]	Loss: 4.392120
Train Epoch: 1 [1182720/1281167 (92%)]	Loss: 4.767376
Train Epoch: 1 [1187840/1281167 (93%)]	Loss: 4.618676
Train Epoch: 1 [1192960/1281167 (93%)]	Loss: 4.527431
Train Epoch: 1 [1198080/1281167 (93%)]	Loss: 4.764554
Train Epoch: 1 [1203200/1281167 (94%)]	Loss: 4.711423
Train Epoch: 1 [1208320/1281167 (94%)]	Loss: 4.437627
Train Epoch: 1 [1213440/1281167 (95%)]	Loss: 4.698093
Train Epoch: 1 [1218560/1281167 (95%)]	Loss: 4.809471
Train Epoch: 1 [1223680/1281167 (95%)]	Loss: 4.379224
Train Epoch: 1 [1228800/1281167 (96%)]	Loss: 4.504846
Train Epoch: 1 [1233920/1281167 (96%)]	Loss: 4.525274
Train Epoch: 1 [1239040/1281167 (97%)]	Loss: 4.784996
Train Epoch: 1 [1244160/1281167 (97%)]	Loss: 4.399483
Train Epoch: 1 [1249280/1281167 (97%)]	Loss: 4.563507
Train Epoch: 1 [1254400/1281167 (98%)]	Loss: 4.507726
Train Epoch: 1 [1259520/1281167 (98%)]	Loss: 4.320939
Train Epoch: 1 [1264640/1281167 (99%)]	Loss: 4.538203
Train Epoch: 1 [1269760/1281167 (99%)]	Loss: 4.416000
Train Epoch: 1 [1274880/1281167 (99%)]	Loss: 4.348855
Train Epoch: 1 [1280000/1281167 (100%)]	Loss: 4.542484
Train Epoch: 1, Loss: 5.700264, Accuracy: 5.34%, Time: 326.59s
Validation Epoch: 1, Loss: 4.546521, Accuracy: 14.37%, Time: 37.24s
保存最佳模型, 精度: 14.37%

--- Epoch 2/3 ---
Train Epoch: 2 [0/1281167 (0%)]	Loss: 4.414834
Train Epoch: 2 [5120/1281167 (0%)]	Loss: 4.360753
Train Epoch: 2 [10240/1281167 (1%)]	Loss: 4.251084
Train Epoch: 2 [15360/1281167 (1%)]	Loss: 4.473033
Train Epoch: 2 [20480/1281167 (2%)]	Loss: 4.256405
Train Epoch: 2 [25600/1281167 (2%)]	Loss: 4.751996
Train Epoch: 2 [30720/1281167 (2%)]	Loss: 4.367630
Train Epoch: 2 [35840/1281167 (3%)]	Loss: 4.212380
Train Epoch: 2 [40960/1281167 (3%)]	Loss: 4.520523
Train Epoch: 2 [46080/1281167 (4%)]	Loss: 4.613887
Train Epoch: 2 [51200/1281167 (4%)]	Loss: 4.282585
Train Epoch: 2 [56320/1281167 (4%)]	Loss: 4.511027
Train Epoch: 2 [61440/1281167 (5%)]	Loss: 4.459100
Train Epoch: 2 [66560/1281167 (5%)]	Loss: 4.453182
Train Epoch: 2 [71680/1281167 (6%)]	Loss: 4.606114
Train Epoch: 2 [76800/1281167 (6%)]	Loss: 4.282836
Train Epoch: 2 [81920/1281167 (6%)]	Loss: 4.589296
Train Epoch: 2 [87040/1281167 (7%)]	Loss: 4.242298
Train Epoch: 2 [92160/1281167 (7%)]	Loss: 4.391201
Train Epoch: 2 [97280/1281167 (8%)]	Loss: 4.691507
Train Epoch: 2 [102400/1281167 (8%)]	Loss: 4.540588
Train Epoch: 2 [107520/1281167 (8%)]	Loss: 4.532415
Train Epoch: 2 [112640/1281167 (9%)]	Loss: 4.291564
Train Epoch: 2 [117760/1281167 (9%)]	Loss: 4.379159
Train Epoch: 2 [122880/1281167 (10%)]	Loss: 4.634714
Train Epoch: 2 [128000/1281167 (10%)]	Loss: 4.213330
Train Epoch: 2 [133120/1281167 (10%)]	Loss: 4.359304
Train Epoch: 2 [138240/1281167 (11%)]	Loss: 4.205267
Train Epoch: 2 [143360/1281167 (11%)]	Loss: 4.138159
Train Epoch: 2 [148480/1281167 (12%)]	Loss: 4.596054
Train Epoch: 2 [153600/1281167 (12%)]	Loss: 4.205980
Train Epoch: 2 [158720/1281167 (12%)]	Loss: 4.186715
Train Epoch: 2 [163840/1281167 (13%)]	Loss: 4.487662
Train Epoch: 2 [168960/1281167 (13%)]	Loss: 4.288364
Train Epoch: 2 [174080/1281167 (14%)]	Loss: 4.317990
Train Epoch: 2 [179200/1281167 (14%)]	Loss: 3.717775
Train Epoch: 2 [184320/1281167 (14%)]	Loss: 4.443717
Train Epoch: 2 [189440/1281167 (15%)]	Loss: 4.632514
Train Epoch: 2 [194560/1281167 (15%)]	Loss: 4.183559
Train Epoch: 2 [199680/1281167 (16%)]	Loss: 4.166143
Train Epoch: 2 [204800/1281167 (16%)]	Loss: 4.560843
Train Epoch: 2 [209920/1281167 (16%)]	Loss: 4.283817
Train Epoch: 2 [215040/1281167 (17%)]	Loss: 4.151206
Train Epoch: 2 [220160/1281167 (17%)]	Loss: 4.057647
Train Epoch: 2 [225280/1281167 (18%)]	Loss: 4.108109
Train Epoch: 2 [230400/1281167 (18%)]	Loss: 3.917745
Train Epoch: 2 [235520/1281167 (18%)]	Loss: 4.081387
Train Epoch: 2 [240640/1281167 (19%)]	Loss: 4.130747
Train Epoch: 2 [245760/1281167 (19%)]	Loss: 4.093081
Train Epoch: 2 [250880/1281167 (20%)]	Loss: 3.929740
Train Epoch: 2 [256000/1281167 (20%)]	Loss: 4.084839
Train Epoch: 2 [261120/1281167 (20%)]	Loss: 4.566581
Train Epoch: 2 [266240/1281167 (21%)]	Loss: 3.972628
Train Epoch: 2 [271360/1281167 (21%)]	Loss: 3.764503
Train Epoch: 2 [276480/1281167 (22%)]	Loss: 4.238819
Train Epoch: 2 [281600/1281167 (22%)]	Loss: 4.098672
Train Epoch: 2 [286720/1281167 (22%)]	Loss: 4.304198
Train Epoch: 2 [291840/1281167 (23%)]	Loss: 4.098523
Train Epoch: 2 [296960/1281167 (23%)]	Loss: 4.360342
Train Epoch: 2 [302080/1281167 (24%)]	Loss: 4.181020
Train Epoch: 2 [307200/1281167 (24%)]	Loss: 4.133852
Train Epoch: 2 [312320/1281167 (24%)]	Loss: 3.621688
Train Epoch: 2 [317440/1281167 (25%)]	Loss: 4.035332
Train Epoch: 2 [322560/1281167 (25%)]	Loss: 3.855282
Train Epoch: 2 [327680/1281167 (26%)]	Loss: 3.921811
Train Epoch: 2 [332800/1281167 (26%)]	Loss: 3.944082
Train Epoch: 2 [337920/1281167 (26%)]	Loss: 4.203511
Train Epoch: 2 [343040/1281167 (27%)]	Loss: 4.287567
Train Epoch: 2 [348160/1281167 (27%)]	Loss: 4.070378
Train Epoch: 2 [353280/1281167 (28%)]	Loss: 4.231864
Train Epoch: 2 [358400/1281167 (28%)]	Loss: 4.235170
Train Epoch: 2 [363520/1281167 (28%)]	Loss: 4.125111
Train Epoch: 2 [368640/1281167 (29%)]	Loss: 3.869826
Train Epoch: 2 [373760/1281167 (29%)]	Loss: 4.100138
Train Epoch: 2 [378880/1281167 (30%)]	Loss: 4.320590
Train Epoch: 2 [384000/1281167 (30%)]	Loss: 4.214211
Train Epoch: 2 [389120/1281167 (30%)]	Loss: 3.812486
Train Epoch: 2 [394240/1281167 (31%)]	Loss: 4.146417
Train Epoch: 2 [399360/1281167 (31%)]	Loss: 4.232889
Train Epoch: 2 [404480/1281167 (32%)]	Loss: 4.212328
Train Epoch: 2 [409600/1281167 (32%)]	Loss: 3.891889
Train Epoch: 2 [414720/1281167 (32%)]	Loss: 3.967011
Train Epoch: 2 [419840/1281167 (33%)]	Loss: 4.019346
Train Epoch: 2 [424960/1281167 (33%)]	Loss: 4.123280
Train Epoch: 2 [430080/1281167 (34%)]	Loss: 3.563923
Train Epoch: 2 [435200/1281167 (34%)]	Loss: 4.012182
Train Epoch: 2 [440320/1281167 (34%)]	Loss: 4.136103
Train Epoch: 2 [445440/1281167 (35%)]	Loss: 3.956429
Train Epoch: 2 [450560/1281167 (35%)]	Loss: 3.776752
Train Epoch: 2 [455680/1281167 (36%)]	Loss: 4.169874
Train Epoch: 2 [460800/1281167 (36%)]	Loss: 4.145105
Train Epoch: 2 [465920/1281167 (36%)]	Loss: 3.770377
Train Epoch: 2 [471040/1281167 (37%)]	Loss: 4.000099
Train Epoch: 2 [476160/1281167 (37%)]	Loss: 4.170764
Train Epoch: 2 [481280/1281167 (38%)]	Loss: 3.933998
Train Epoch: 2 [486400/1281167 (38%)]	Loss: 3.878261
Train Epoch: 2 [491520/1281167 (38%)]	Loss: 3.988616
Train Epoch: 2 [496640/1281167 (39%)]	Loss: 3.789239
Train Epoch: 2 [501760/1281167 (39%)]	Loss: 3.874342
Train Epoch: 2 [506880/1281167 (40%)]	Loss: 4.190936
Train Epoch: 2 [512000/1281167 (40%)]	Loss: 3.975335
Train Epoch: 2 [517120/1281167 (40%)]	Loss: 3.710029
Train Epoch: 2 [522240/1281167 (41%)]	Loss: 4.119170
Train Epoch: 2 [527360/1281167 (41%)]	Loss: 3.891935
Train Epoch: 2 [532480/1281167 (42%)]	Loss: 4.181289
Train Epoch: 2 [537600/1281167 (42%)]	Loss: 4.103250
Train Epoch: 2 [542720/1281167 (42%)]	Loss: 4.108292
Train Epoch: 2 [547840/1281167 (43%)]	Loss: 3.834022
Train Epoch: 2 [552960/1281167 (43%)]	Loss: 4.129203
Train Epoch: 2 [558080/1281167 (44%)]	Loss: 3.990491
Train Epoch: 2 [563200/1281167 (44%)]	Loss: 4.232357
Train Epoch: 2 [568320/1281167 (44%)]	Loss: 3.838572
Train Epoch: 2 [573440/1281167 (45%)]	Loss: 3.784098
Train Epoch: 2 [578560/1281167 (45%)]	Loss: 3.980590
Train Epoch: 2 [583680/1281167 (46%)]	Loss: 3.582173
Train Epoch: 2 [588800/1281167 (46%)]	Loss: 4.137922
Train Epoch: 2 [593920/1281167 (46%)]	Loss: 4.189602
Train Epoch: 2 [599040/1281167 (47%)]	Loss: 3.981947
Train Epoch: 2 [604160/1281167 (47%)]	Loss: 3.761387
Train Epoch: 2 [609280/1281167 (48%)]	Loss: 4.354963
Train Epoch: 2 [614400/1281167 (48%)]	Loss: 3.759757
Train Epoch: 2 [619520/1281167 (48%)]	Loss: 3.820403
Train Epoch: 2 [624640/1281167 (49%)]	Loss: 4.111172
Train Epoch: 2 [629760/1281167 (49%)]	Loss: 3.935818
Train Epoch: 2 [634880/1281167 (50%)]	Loss: 4.072818
Train Epoch: 2 [640000/1281167 (50%)]	Loss: 3.643465
Train Epoch: 2 [645120/1281167 (50%)]	Loss: 3.619213
Train Epoch: 2 [650240/1281167 (51%)]	Loss: 4.282287
Train Epoch: 2 [655360/1281167 (51%)]	Loss: 3.761913
Train Epoch: 2 [660480/1281167 (52%)]	Loss: 3.688933
Train Epoch: 2 [665600/1281167 (52%)]	Loss: 3.959536
Train Epoch: 2 [670720/1281167 (52%)]	Loss: 3.473373
Train Epoch: 2 [675840/1281167 (53%)]	Loss: 3.452560
Train Epoch: 2 [680960/1281167 (53%)]	Loss: 3.749776
Train Epoch: 2 [686080/1281167 (54%)]	Loss: 4.252707
Train Epoch: 2 [691200/1281167 (54%)]	Loss: 3.774652
Train Epoch: 2 [696320/1281167 (54%)]	Loss: 3.784106
Train Epoch: 2 [701440/1281167 (55%)]	Loss: 3.607842
Train Epoch: 2 [706560/1281167 (55%)]	Loss: 3.918892
Train Epoch: 2 [711680/1281167 (56%)]	Loss: 4.053385
Train Epoch: 2 [716800/1281167 (56%)]	Loss: 3.704421
Train Epoch: 2 [721920/1281167 (56%)]	Loss: 3.919933
Train Epoch: 2 [727040/1281167 (57%)]	Loss: 3.825025
Train Epoch: 2 [732160/1281167 (57%)]	Loss: 3.640671
Train Epoch: 2 [737280/1281167 (58%)]	Loss: 3.957930
Train Epoch: 2 [742400/1281167 (58%)]	Loss: 3.923233
Train Epoch: 2 [747520/1281167 (58%)]	Loss: 4.005909
Train Epoch: 2 [752640/1281167 (59%)]	Loss: 4.132434
Train Epoch: 2 [757760/1281167 (59%)]	Loss: 3.233397
Train Epoch: 2 [762880/1281167 (60%)]	Loss: 3.694393
Train Epoch: 2 [768000/1281167 (60%)]	Loss: 3.922769
Train Epoch: 2 [773120/1281167 (60%)]	Loss: 3.611568
Train Epoch: 2 [778240/1281167 (61%)]	Loss: 3.708025
Train Epoch: 2 [783360/1281167 (61%)]	Loss: 3.908583
Train Epoch: 2 [788480/1281167 (62%)]	Loss: 3.667984
Train Epoch: 2 [793600/1281167 (62%)]	Loss: 3.551504
Train Epoch: 2 [798720/1281167 (62%)]	Loss: 3.767208
Train Epoch: 2 [803840/1281167 (63%)]	Loss: 3.826074
Train Epoch: 2 [808960/1281167 (63%)]	Loss: 3.790336
Train Epoch: 2 [814080/1281167 (64%)]	Loss: 4.023173
Train Epoch: 2 [819200/1281167 (64%)]	Loss: 3.776963
Train Epoch: 2 [824320/1281167 (64%)]	Loss: 3.989213
Train Epoch: 2 [829440/1281167 (65%)]	Loss: 3.591695
Train Epoch: 2 [834560/1281167 (65%)]	Loss: 3.907009
Train Epoch: 2 [839680/1281167 (66%)]	Loss: 3.835409
Train Epoch: 2 [844800/1281167 (66%)]	Loss: 3.399322
Train Epoch: 2 [849920/1281167 (66%)]	Loss: 3.627026
Train Epoch: 2 [855040/1281167 (67%)]	Loss: 3.752172
Train Epoch: 2 [860160/1281167 (67%)]	Loss: 3.706982
Train Epoch: 2 [865280/1281167 (68%)]	Loss: 3.822269
Train Epoch: 2 [870400/1281167 (68%)]	Loss: 3.823886
Train Epoch: 2 [875520/1281167 (68%)]	Loss: 3.664119
Train Epoch: 2 [880640/1281167 (69%)]	Loss: 3.523016
Train Epoch: 2 [885760/1281167 (69%)]	Loss: 3.747577
Train Epoch: 2 [890880/1281167 (70%)]	Loss: 3.324370
Train Epoch: 2 [896000/1281167 (70%)]	Loss: 3.729310
Train Epoch: 2 [901120/1281167 (70%)]	Loss: 3.758255
Train Epoch: 2 [906240/1281167 (71%)]	Loss: 3.701389
Train Epoch: 2 [911360/1281167 (71%)]	Loss: 3.545182
Train Epoch: 2 [916480/1281167 (72%)]	Loss: 3.719240
Train Epoch: 2 [921600/1281167 (72%)]	Loss: 3.767769
Train Epoch: 2 [926720/1281167 (72%)]	Loss: 3.457114
Train Epoch: 2 [931840/1281167 (73%)]	Loss: 3.597081
Train Epoch: 2 [936960/1281167 (73%)]	Loss: 3.418365
Train Epoch: 2 [942080/1281167 (74%)]	Loss: 3.767018
Train Epoch: 2 [947200/1281167 (74%)]	Loss: 3.411787
Train Epoch: 2 [952320/1281167 (74%)]	Loss: 3.640673
Train Epoch: 2 [957440/1281167 (75%)]	Loss: 3.487009
Train Epoch: 2 [962560/1281167 (75%)]	Loss: 3.984780
Train Epoch: 2 [967680/1281167 (76%)]	Loss: 3.941799
Train Epoch: 2 [972800/1281167 (76%)]	Loss: 3.762613
Train Epoch: 2 [977920/1281167 (76%)]	Loss: 3.985661
Train Epoch: 2 [983040/1281167 (77%)]	Loss: 3.793731
Train Epoch: 2 [988160/1281167 (77%)]	Loss: 3.396914
Train Epoch: 2 [993280/1281167 (78%)]	Loss: 3.661316
Train Epoch: 2 [998400/1281167 (78%)]	Loss: 3.575957
Train Epoch: 2 [1003520/1281167 (78%)]	Loss: 3.416303
Train Epoch: 2 [1008640/1281167 (79%)]	Loss: 3.871250
Train Epoch: 2 [1013760/1281167 (79%)]	Loss: 3.501778
Train Epoch: 2 [1018880/1281167 (80%)]	Loss: 3.377331
Train Epoch: 2 [1024000/1281167 (80%)]	Loss: 3.534142
Train Epoch: 2 [1029120/1281167 (80%)]	Loss: 3.604692
Train Epoch: 2 [1034240/1281167 (81%)]	Loss: 3.220033
Train Epoch: 2 [1039360/1281167 (81%)]	Loss: 3.938875
Train Epoch: 2 [1044480/1281167 (82%)]	Loss: 3.618218
Train Epoch: 2 [1049600/1281167 (82%)]	Loss: 3.844342
Train Epoch: 2 [1054720/1281167 (82%)]	Loss: 3.602523
Train Epoch: 2 [1059840/1281167 (83%)]	Loss: 3.420731
Train Epoch: 2 [1064960/1281167 (83%)]	Loss: 3.625755
Train Epoch: 2 [1070080/1281167 (83%)]	Loss: 3.758574
Train Epoch: 2 [1075200/1281167 (84%)]	Loss: 3.636881
Train Epoch: 2 [1080320/1281167 (84%)]	Loss: 3.726039
Train Epoch: 2 [1085440/1281167 (85%)]	Loss: 3.287766
Train Epoch: 2 [1090560/1281167 (85%)]	Loss: 3.676713
Train Epoch: 2 [1095680/1281167 (85%)]	Loss: 3.705812
Train Epoch: 2 [1100800/1281167 (86%)]	Loss: 3.404321
Train Epoch: 2 [1105920/1281167 (86%)]	Loss: 3.094455
Train Epoch: 2 [1111040/1281167 (87%)]	Loss: 3.595215
Train Epoch: 2 [1116160/1281167 (87%)]	Loss: 3.217021
Train Epoch: 2 [1121280/1281167 (87%)]	Loss: 3.674032
Train Epoch: 2 [1126400/1281167 (88%)]	Loss: 3.688725
Train Epoch: 2 [1131520/1281167 (88%)]	Loss: 3.727998
Train Epoch: 2 [1136640/1281167 (89%)]	Loss: 3.508317
Train Epoch: 2 [1141760/1281167 (89%)]	Loss: 3.448614
Train Epoch: 2 [1146880/1281167 (89%)]	Loss: 3.241577
Train Epoch: 2 [1152000/1281167 (90%)]	Loss: 3.554183
Train Epoch: 2 [1157120/1281167 (90%)]	Loss: 3.321713
Train Epoch: 2 [1162240/1281167 (91%)]	Loss: 3.386624
Train Epoch: 2 [1167360/1281167 (91%)]	Loss: 3.851453
Train Epoch: 2 [1172480/1281167 (91%)]	Loss: 3.474335
Train Epoch: 2 [1177600/1281167 (92%)]	Loss: 3.383803
Train Epoch: 2 [1182720/1281167 (92%)]	Loss: 3.378401
Train Epoch: 2 [1187840/1281167 (93%)]	Loss: 3.380714
Train Epoch: 2 [1192960/1281167 (93%)]	Loss: 3.614885
Train Epoch: 2 [1198080/1281167 (93%)]	Loss: 3.796347
Train Epoch: 2 [1203200/1281167 (94%)]	Loss: 3.437274
Train Epoch: 2 [1208320/1281167 (94%)]	Loss: 3.696560
Train Epoch: 2 [1213440/1281167 (95%)]	Loss: 3.551262
Train Epoch: 2 [1218560/1281167 (95%)]	Loss: 3.796451
Train Epoch: 2 [1223680/1281167 (95%)]	Loss: 3.156928
Train Epoch: 2 [1228800/1281167 (96%)]	Loss: 3.912803
Train Epoch: 2 [1233920/1281167 (96%)]	Loss: 3.945467
Train Epoch: 2 [1239040/1281167 (97%)]	Loss: 3.633965
Train Epoch: 2 [1244160/1281167 (97%)]	Loss: 3.216433
Train Epoch: 2 [1249280/1281167 (97%)]	Loss: 3.440575
Train Epoch: 2 [1254400/1281167 (98%)]	Loss: 3.568143
Train Epoch: 2 [1259520/1281167 (98%)]	Loss: 3.405217
Train Epoch: 2 [1264640/1281167 (99%)]	Loss: 3.482114
Train Epoch: 2 [1269760/1281167 (99%)]	Loss: 3.293432
Train Epoch: 2 [1274880/1281167 (99%)]	Loss: 3.668846
Train Epoch: 2 [1280000/1281167 (100%)]	Loss: 3.641340
Train Epoch: 2, Loss: 3.905132, Accuracy: 22.19%, Time: 304.07s
Validation Epoch: 2, Loss: 3.615980, Accuracy: 27.43%, Time: 36.06s
保存最佳模型, 精度: 27.43%

--- Epoch 3/3 ---
Train Epoch: 3 [0/1281167 (0%)]	Loss: 3.289498
Train Epoch: 3 [5120/1281167 (0%)]	Loss: 3.377973
Train Epoch: 3 [10240/1281167 (1%)]	Loss: 3.416707
Train Epoch: 3 [15360/1281167 (1%)]	Loss: 3.472741
Train Epoch: 3 [20480/1281167 (2%)]	Loss: 3.165390
Train Epoch: 3 [25600/1281167 (2%)]	Loss: 3.660727
Train Epoch: 3 [30720/1281167 (2%)]	Loss: 3.172291
Train Epoch: 3 [35840/1281167 (3%)]	Loss: 3.402017
Train Epoch: 3 [40960/1281167 (3%)]	Loss: 3.318433
Train Epoch: 3 [46080/1281167 (4%)]	Loss: 3.127839
Train Epoch: 3 [51200/1281167 (4%)]	Loss: 3.434651
Train Epoch: 3 [56320/1281167 (4%)]	Loss: 3.174869
Train Epoch: 3 [61440/1281167 (5%)]	Loss: 2.890409
Train Epoch: 3 [66560/1281167 (5%)]	Loss: 3.685857
Train Epoch: 3 [71680/1281167 (6%)]	Loss: 3.413631
Train Epoch: 3 [76800/1281167 (6%)]	Loss: 3.581407
Train Epoch: 3 [81920/1281167 (6%)]	Loss: 3.688772
Train Epoch: 3 [87040/1281167 (7%)]	Loss: 3.492923
Train Epoch: 3 [92160/1281167 (7%)]	Loss: 3.380395
Train Epoch: 3 [97280/1281167 (8%)]	Loss: 3.531409
Train Epoch: 3 [102400/1281167 (8%)]	Loss: 3.182096
Train Epoch: 3 [107520/1281167 (8%)]	Loss: 3.461128
Train Epoch: 3 [112640/1281167 (9%)]	Loss: 3.671317
Train Epoch: 3 [117760/1281167 (9%)]	Loss: 3.934872
Train Epoch: 3 [122880/1281167 (10%)]	Loss: 3.369029
Train Epoch: 3 [128000/1281167 (10%)]	Loss: 3.323876
Train Epoch: 3 [133120/1281167 (10%)]	Loss: 3.695320
Train Epoch: 3 [138240/1281167 (11%)]	Loss: 3.317468
Train Epoch: 3 [143360/1281167 (11%)]	Loss: 3.368584
Train Epoch: 3 [148480/1281167 (12%)]	Loss: 3.257064
Train Epoch: 3 [153600/1281167 (12%)]	Loss: 3.093158
Train Epoch: 3 [158720/1281167 (12%)]	Loss: 3.433497
Train Epoch: 3 [163840/1281167 (13%)]	Loss: 3.144182
Train Epoch: 3 [168960/1281167 (13%)]	Loss: 3.535996
Train Epoch: 3 [174080/1281167 (14%)]	Loss: 3.234694
Train Epoch: 3 [179200/1281167 (14%)]	Loss: 3.756946
Train Epoch: 3 [184320/1281167 (14%)]	Loss: 3.399385
Train Epoch: 3 [189440/1281167 (15%)]	Loss: 3.395152
Train Epoch: 3 [194560/1281167 (15%)]	Loss: 2.963487
Train Epoch: 3 [199680/1281167 (16%)]	Loss: 3.128604
Train Epoch: 3 [204800/1281167 (16%)]	Loss: 3.946092
Train Epoch: 3 [209920/1281167 (16%)]	Loss: 3.441494
Train Epoch: 3 [215040/1281167 (17%)]	Loss: 3.377044
Train Epoch: 3 [220160/1281167 (17%)]	Loss: 3.165364
Train Epoch: 3 [225280/1281167 (18%)]	Loss: 3.429030
Train Epoch: 3 [230400/1281167 (18%)]	Loss: 3.255407
Train Epoch: 3 [235520/1281167 (18%)]	Loss: 3.319118
Train Epoch: 3 [240640/1281167 (19%)]	Loss: 3.442497
Train Epoch: 3 [245760/1281167 (19%)]	Loss: 3.134239
Train Epoch: 3 [250880/1281167 (20%)]	Loss: 3.271270
Train Epoch: 3 [256000/1281167 (20%)]	Loss: 3.153717
Train Epoch: 3 [261120/1281167 (20%)]	Loss: 2.996506
Train Epoch: 3 [266240/1281167 (21%)]	Loss: 3.580540
Train Epoch: 3 [271360/1281167 (21%)]	Loss: 3.354851
Train Epoch: 3 [276480/1281167 (22%)]	Loss: 3.336201
Train Epoch: 3 [281600/1281167 (22%)]	Loss: 3.375747
Train Epoch: 3 [286720/1281167 (22%)]	Loss: 3.517933
Train Epoch: 3 [291840/1281167 (23%)]	Loss: 3.168169
Train Epoch: 3 [296960/1281167 (23%)]	Loss: 3.493766
Train Epoch: 3 [302080/1281167 (24%)]	Loss: 3.550938
Train Epoch: 3 [307200/1281167 (24%)]	Loss: 3.096550
Train Epoch: 3 [312320/1281167 (24%)]	Loss: 3.298378
Train Epoch: 3 [317440/1281167 (25%)]	Loss: 3.404205
Train Epoch: 3 [322560/1281167 (25%)]	Loss: 3.283784
Train Epoch: 3 [327680/1281167 (26%)]	Loss: 3.858450
Train Epoch: 3 [332800/1281167 (26%)]	Loss: 3.545860
Train Epoch: 3 [337920/1281167 (26%)]	Loss: 3.267883
Train Epoch: 3 [343040/1281167 (27%)]	Loss: 3.485036
Train Epoch: 3 [348160/1281167 (27%)]	Loss: 3.123083
Train Epoch: 3 [353280/1281167 (28%)]	Loss: 3.458880
Train Epoch: 3 [358400/1281167 (28%)]	Loss: 3.487611
Train Epoch: 3 [363520/1281167 (28%)]	Loss: 3.350376
Train Epoch: 3 [368640/1281167 (29%)]	Loss: 3.314093
Train Epoch: 3 [373760/1281167 (29%)]	Loss: 3.113099
Train Epoch: 3 [378880/1281167 (30%)]	Loss: 3.460915
Train Epoch: 3 [384000/1281167 (30%)]	Loss: 3.402947
Train Epoch: 3 [389120/1281167 (30%)]	Loss: 3.279347
Train Epoch: 3 [394240/1281167 (31%)]	Loss: 3.451160
Train Epoch: 3 [399360/1281167 (31%)]	Loss: 3.420159
Train Epoch: 3 [404480/1281167 (32%)]	Loss: 2.677378
Train Epoch: 3 [409600/1281167 (32%)]	Loss: 3.109868
Train Epoch: 3 [414720/1281167 (32%)]	Loss: 3.135508
Train Epoch: 3 [419840/1281167 (33%)]	Loss: 3.281554
Train Epoch: 3 [424960/1281167 (33%)]	Loss: 3.172233
Train Epoch: 3 [430080/1281167 (34%)]	Loss: 3.149649
Train Epoch: 3 [435200/1281167 (34%)]	Loss: 2.800626
Train Epoch: 3 [440320/1281167 (34%)]	Loss: 3.094108
Train Epoch: 3 [445440/1281167 (35%)]	Loss: 3.039238
Train Epoch: 3 [450560/1281167 (35%)]	Loss: 2.942693
Train Epoch: 3 [455680/1281167 (36%)]	Loss: 3.299288
Train Epoch: 3 [460800/1281167 (36%)]	Loss: 3.573458
Train Epoch: 3 [465920/1281167 (36%)]	Loss: 3.349287
Train Epoch: 3 [471040/1281167 (37%)]	Loss: 3.261249
Train Epoch: 3 [476160/1281167 (37%)]	Loss: 3.340325
Train Epoch: 3 [481280/1281167 (38%)]	Loss: 3.071742
Train Epoch: 3 [486400/1281167 (38%)]	Loss: 3.093566
Train Epoch: 3 [491520/1281167 (38%)]	Loss: 2.827567
Train Epoch: 3 [496640/1281167 (39%)]	Loss: 3.074437
Train Epoch: 3 [501760/1281167 (39%)]	Loss: 3.438774
Train Epoch: 3 [506880/1281167 (40%)]	Loss: 3.362995
Train Epoch: 3 [512000/1281167 (40%)]	Loss: 3.088403
Train Epoch: 3 [517120/1281167 (40%)]	Loss: 3.307415
Train Epoch: 3 [522240/1281167 (41%)]	Loss: 3.215199
Train Epoch: 3 [527360/1281167 (41%)]	Loss: 3.551390
Train Epoch: 3 [532480/1281167 (42%)]	Loss: 3.313108
Train Epoch: 3 [537600/1281167 (42%)]	Loss: 3.395554
Train Epoch: 3 [542720/1281167 (42%)]	Loss: 3.066840
Train Epoch: 3 [547840/1281167 (43%)]	Loss: 3.380036
Train Epoch: 3 [552960/1281167 (43%)]	Loss: 3.231956
Train Epoch: 3 [558080/1281167 (44%)]	Loss: 3.283984
Train Epoch: 3 [563200/1281167 (44%)]	Loss: 2.944862
Train Epoch: 3 [568320/1281167 (44%)]	Loss: 3.463379
Train Epoch: 3 [573440/1281167 (45%)]	Loss: 3.090594
Train Epoch: 3 [578560/1281167 (45%)]	Loss: 3.045495
Train Epoch: 3 [583680/1281167 (46%)]	Loss: 3.454119
Train Epoch: 3 [588800/1281167 (46%)]	Loss: 3.294187
Train Epoch: 3 [593920/1281167 (46%)]	Loss: 3.077858
Train Epoch: 3 [599040/1281167 (47%)]	Loss: 3.172066
Train Epoch: 3 [604160/1281167 (47%)]	Loss: 2.934098
Train Epoch: 3 [609280/1281167 (48%)]	Loss: 3.540631
Train Epoch: 3 [614400/1281167 (48%)]	Loss: 2.806485
Train Epoch: 3 [619520/1281167 (48%)]	Loss: 2.912146
Train Epoch: 3 [624640/1281167 (49%)]	Loss: 3.134108
Train Epoch: 3 [629760/1281167 (49%)]	Loss: 3.675738
Train Epoch: 3 [634880/1281167 (50%)]	Loss: 3.228630
Train Epoch: 3 [640000/1281167 (50%)]	Loss: 3.056732
Train Epoch: 3 [645120/1281167 (50%)]	Loss: 2.975016
Train Epoch: 3 [650240/1281167 (51%)]	Loss: 3.282009
Train Epoch: 3 [655360/1281167 (51%)]	Loss: 3.170738
Train Epoch: 3 [660480/1281167 (52%)]	Loss: 3.429062
Train Epoch: 3 [665600/1281167 (52%)]	Loss: 3.035190
Train Epoch: 3 [670720/1281167 (52%)]	Loss: 3.539291
Train Epoch: 3 [675840/1281167 (53%)]	Loss: 3.135275
Train Epoch: 3 [680960/1281167 (53%)]	Loss: 3.345726
Train Epoch: 3 [686080/1281167 (54%)]	Loss: 3.451170
Train Epoch: 3 [691200/1281167 (54%)]	Loss: 2.818675
Train Epoch: 3 [696320/1281167 (54%)]	Loss: 3.126811
Train Epoch: 3 [701440/1281167 (55%)]	Loss: 2.774071
Train Epoch: 3 [706560/1281167 (55%)]	Loss: 3.042538
Train Epoch: 3 [711680/1281167 (56%)]	Loss: 3.280268
Train Epoch: 3 [716800/1281167 (56%)]	Loss: 3.096566
Train Epoch: 3 [721920/1281167 (56%)]	Loss: 3.166084
Train Epoch: 3 [727040/1281167 (57%)]	Loss: 2.961963
Train Epoch: 3 [732160/1281167 (57%)]	Loss: 3.550439
Train Epoch: 3 [737280/1281167 (58%)]	Loss: 3.134472
Train Epoch: 3 [742400/1281167 (58%)]	Loss: 3.342319
Train Epoch: 3 [747520/1281167 (58%)]	Loss: 3.154345
Train Epoch: 3 [752640/1281167 (59%)]	Loss: 2.865327
Train Epoch: 3 [757760/1281167 (59%)]	Loss: 3.300139
Train Epoch: 3 [762880/1281167 (60%)]	Loss: 3.076751
Train Epoch: 3 [768000/1281167 (60%)]	Loss: 3.220767
Train Epoch: 3 [773120/1281167 (60%)]	Loss: 3.078994
Train Epoch: 3 [778240/1281167 (61%)]	Loss: 3.132057
Train Epoch: 3 [783360/1281167 (61%)]	Loss: 2.748725
Train Epoch: 3 [788480/1281167 (62%)]	Loss: 3.063374
Train Epoch: 3 [793600/1281167 (62%)]	Loss: 2.955858
Train Epoch: 3 [798720/1281167 (62%)]	Loss: 2.729239
Train Epoch: 3 [803840/1281167 (63%)]	Loss: 2.930604
Train Epoch: 3 [808960/1281167 (63%)]	Loss: 2.909252
Train Epoch: 3 [814080/1281167 (64%)]	Loss: 2.964550
Train Epoch: 3 [819200/1281167 (64%)]	Loss: 3.044716
Train Epoch: 3 [824320/1281167 (64%)]	Loss: 2.842920
Train Epoch: 3 [829440/1281167 (65%)]	Loss: 3.018091
Train Epoch: 3 [834560/1281167 (65%)]	Loss: 3.079673
Train Epoch: 3 [839680/1281167 (66%)]	Loss: 3.177845
Train Epoch: 3 [844800/1281167 (66%)]	Loss: 2.900216
Train Epoch: 3 [849920/1281167 (66%)]	Loss: 3.170167
Train Epoch: 3 [855040/1281167 (67%)]	Loss: 2.964358
Train Epoch: 3 [860160/1281167 (67%)]	Loss: 3.248906
Train Epoch: 3 [865280/1281167 (68%)]	Loss: 2.927406
Train Epoch: 3 [870400/1281167 (68%)]	Loss: 3.020728
Train Epoch: 3 [875520/1281167 (68%)]	Loss: 3.154131
Train Epoch: 3 [880640/1281167 (69%)]	Loss: 3.060296
Train Epoch: 3 [885760/1281167 (69%)]	Loss: 2.829823
Train Epoch: 3 [890880/1281167 (70%)]	Loss: 3.477566
Train Epoch: 3 [896000/1281167 (70%)]	Loss: 2.945434
Train Epoch: 3 [901120/1281167 (70%)]	Loss: 3.191851
Train Epoch: 3 [906240/1281167 (71%)]	Loss: 3.264415
Train Epoch: 3 [911360/1281167 (71%)]	Loss: 2.869044
Train Epoch: 3 [916480/1281167 (72%)]	Loss: 3.169662
Train Epoch: 3 [921600/1281167 (72%)]	Loss: 3.603008
Train Epoch: 3 [926720/1281167 (72%)]	Loss: 3.311751
Train Epoch: 3 [931840/1281167 (73%)]	Loss: 2.982080
Train Epoch: 3 [936960/1281167 (73%)]	Loss: 3.115188
Train Epoch: 3 [942080/1281167 (74%)]	Loss: 2.731026
Train Epoch: 3 [947200/1281167 (74%)]	Loss: 2.838818
Train Epoch: 3 [952320/1281167 (74%)]	Loss: 3.449730
Train Epoch: 3 [957440/1281167 (75%)]	Loss: 3.225085
Train Epoch: 3 [962560/1281167 (75%)]	Loss: 2.882061
Train Epoch: 3 [967680/1281167 (76%)]	Loss: 2.836792
Train Epoch: 3 [972800/1281167 (76%)]	Loss: 3.081120
Train Epoch: 3 [977920/1281167 (76%)]	Loss: 3.031268
Train Epoch: 3 [983040/1281167 (77%)]	Loss: 3.419531
Train Epoch: 3 [988160/1281167 (77%)]	Loss: 3.224945
Train Epoch: 3 [993280/1281167 (78%)]	Loss: 3.354851
Train Epoch: 3 [998400/1281167 (78%)]	Loss: 3.032998
Train Epoch: 3 [1003520/1281167 (78%)]	Loss: 3.326056
Train Epoch: 3 [1008640/1281167 (79%)]	Loss: 3.359007
Train Epoch: 3 [1013760/1281167 (79%)]	Loss: 3.068521
Train Epoch: 3 [1018880/1281167 (80%)]	Loss: 2.803381
Train Epoch: 3 [1024000/1281167 (80%)]	Loss: 3.028744
Train Epoch: 3 [1029120/1281167 (80%)]	Loss: 2.884078
Train Epoch: 3 [1034240/1281167 (81%)]	Loss: 3.308851
Train Epoch: 3 [1039360/1281167 (81%)]	Loss: 2.987234
Train Epoch: 3 [1044480/1281167 (82%)]	Loss: 3.416038
Train Epoch: 3 [1049600/1281167 (82%)]	Loss: 3.186269
Train Epoch: 3 [1054720/1281167 (82%)]	Loss: 3.180045
Train Epoch: 3 [1059840/1281167 (83%)]	Loss: 3.163085
Train Epoch: 3 [1064960/1281167 (83%)]	Loss: 3.281453
Train Epoch: 3 [1070080/1281167 (83%)]	Loss: 3.289018
Train Epoch: 3 [1075200/1281167 (84%)]	Loss: 2.996140
Train Epoch: 3 [1080320/1281167 (84%)]	Loss: 2.697627
Train Epoch: 3 [1085440/1281167 (85%)]	Loss: 2.936636
Train Epoch: 3 [1090560/1281167 (85%)]	Loss: 2.968942
Train Epoch: 3 [1095680/1281167 (85%)]	Loss: 3.241124
Train Epoch: 3 [1100800/1281167 (86%)]	Loss: 3.011061
Train Epoch: 3 [1105920/1281167 (86%)]	Loss: 2.913210
Train Epoch: 3 [1111040/1281167 (87%)]	Loss: 2.905725
Train Epoch: 3 [1116160/1281167 (87%)]	Loss: 3.266700
Train Epoch: 3 [1121280/1281167 (87%)]	Loss: 2.919138
Train Epoch: 3 [1126400/1281167 (88%)]	Loss: 2.965374
Train Epoch: 3 [1131520/1281167 (88%)]	Loss: 2.925930
Train Epoch: 3 [1136640/1281167 (89%)]	Loss: 2.595690
Train Epoch: 3 [1141760/1281167 (89%)]	Loss: 3.083595
Train Epoch: 3 [1146880/1281167 (89%)]	Loss: 2.914529
Train Epoch: 3 [1152000/1281167 (90%)]	Loss: 2.974715
Train Epoch: 3 [1157120/1281167 (90%)]	Loss: 2.979380
Train Epoch: 3 [1162240/1281167 (91%)]	Loss: 2.786892
Train Epoch: 3 [1167360/1281167 (91%)]	Loss: 2.895380
Train Epoch: 3 [1172480/1281167 (91%)]	Loss: 2.989730
Train Epoch: 3 [1177600/1281167 (92%)]	Loss: 2.700289
Train Epoch: 3 [1182720/1281167 (92%)]	Loss: 3.103965
Train Epoch: 3 [1187840/1281167 (93%)]	Loss: 2.734127
Train Epoch: 3 [1192960/1281167 (93%)]	Loss: 2.788042
Train Epoch: 3 [1198080/1281167 (93%)]	Loss: 3.100207
Train Epoch: 3 [1203200/1281167 (94%)]	Loss: 3.100918
Train Epoch: 3 [1208320/1281167 (94%)]	Loss: 3.075740
Train Epoch: 3 [1213440/1281167 (95%)]	Loss: 2.948395
Train Epoch: 3 [1218560/1281167 (95%)]	Loss: 2.999860
Train Epoch: 3 [1223680/1281167 (95%)]	Loss: 3.063486
Train Epoch: 3 [1228800/1281167 (96%)]	Loss: 3.204436
Train Epoch: 3 [1233920/1281167 (96%)]	Loss: 2.880768
Train Epoch: 3 [1239040/1281167 (97%)]	Loss: 2.840776
Train Epoch: 3 [1244160/1281167 (97%)]	Loss: 3.064945
Train Epoch: 3 [1249280/1281167 (97%)]	Loss: 2.866680
Train Epoch: 3 [1254400/1281167 (98%)]	Loss: 3.104600
Train Epoch: 3 [1259520/1281167 (98%)]	Loss: 3.284055
Train Epoch: 3 [1264640/1281167 (99%)]	Loss: 2.816715
Train Epoch: 3 [1269760/1281167 (99%)]	Loss: 2.972913
Train Epoch: 3 [1274880/1281167 (99%)]	Loss: 2.948285
Train Epoch: 3 [1280000/1281167 (100%)]	Loss: 3.083071
Train Epoch: 3, Loss: 3.176851, Accuracy: 33.19%, Time: 302.21s
Validation Epoch: 3, Loss: 2.855678, Accuracy: 37.67%, Time: 35.94s
保存最佳模型, 精度: 37.67%

训练完成! NCCL算法: Tree
最佳验证准确率: 37.67%
平均每个epoch训练时间: 310.96秒
平均每个epoch验证时间: 36.41秒
