nohup: ignoring input
使用 4 个 GPU 进行训练
批次大小: 128 (每个GPU), 全局批次大小: 512
数据集大小: 1281167 训练样本, 50000 验证样本
模型参数量: 25.56M

--- Epoch 1/3 ---
Train Epoch: 1 [0/1281167 (0%)]	Loss: 7.062284
Train Epoch: 1 [5120/1281167 (0%)]	Loss: 8.038806
Train Epoch: 1 [10240/1281167 (1%)]	Loss: 7.461306
Train Epoch: 1 [15360/1281167 (1%)]	Loss: 7.046431
Train Epoch: 1 [20480/1281167 (2%)]	Loss: 6.963234
Train Epoch: 1 [25600/1281167 (2%)]	Loss: 6.970136
Train Epoch: 1 [30720/1281167 (2%)]	Loss: 6.971091
Train Epoch: 1 [35840/1281167 (3%)]	Loss: 6.903305
Train Epoch: 1 [40960/1281167 (3%)]	Loss: 6.913849
Train Epoch: 1 [46080/1281167 (4%)]	Loss: 6.985965
Train Epoch: 1 [51200/1281167 (4%)]	Loss: 6.909392
Train Epoch: 1 [56320/1281167 (4%)]	Loss: 7.055111
Train Epoch: 1 [61440/1281167 (5%)]	Loss: 6.943270
Train Epoch: 1 [66560/1281167 (5%)]	Loss: 6.922250
Train Epoch: 1 [71680/1281167 (6%)]	Loss: 6.899642
Train Epoch: 1 [76800/1281167 (6%)]	Loss: 6.911157
Train Epoch: 1 [81920/1281167 (6%)]	Loss: 6.912459
Train Epoch: 1 [87040/1281167 (7%)]	Loss: 6.907722
Train Epoch: 1 [92160/1281167 (7%)]	Loss: 6.904665
Train Epoch: 1 [97280/1281167 (8%)]	Loss: 6.880594
Train Epoch: 1 [102400/1281167 (8%)]	Loss: 6.889538
Train Epoch: 1 [107520/1281167 (8%)]	Loss: 6.891291
Train Epoch: 1 [112640/1281167 (9%)]	Loss: 6.905326
Train Epoch: 1 [117760/1281167 (9%)]	Loss: 6.841213
Train Epoch: 1 [122880/1281167 (10%)]	Loss: 6.845496
Train Epoch: 1 [128000/1281167 (10%)]	Loss: 6.839017
Train Epoch: 1 [133120/1281167 (10%)]	Loss: 6.861906
Train Epoch: 1 [138240/1281167 (11%)]	Loss: 6.825862
Train Epoch: 1 [143360/1281167 (11%)]	Loss: 6.742281
Train Epoch: 1 [148480/1281167 (12%)]	Loss: 6.790863
Train Epoch: 1 [153600/1281167 (12%)]	Loss: 6.841763
Train Epoch: 1 [158720/1281167 (12%)]	Loss: 6.777199
Train Epoch: 1 [163840/1281167 (13%)]	Loss: 6.675754
Train Epoch: 1 [168960/1281167 (13%)]	Loss: 6.871798
Train Epoch: 1 [174080/1281167 (14%)]	Loss: 6.811235
Train Epoch: 1 [179200/1281167 (14%)]	Loss: 6.686118
Train Epoch: 1 [184320/1281167 (14%)]	Loss: 6.672354
Train Epoch: 1 [189440/1281167 (15%)]	Loss: 6.766253
Train Epoch: 1 [194560/1281167 (15%)]	Loss: 6.753176
Train Epoch: 1 [199680/1281167 (16%)]	Loss: 6.680763
Train Epoch: 1 [204800/1281167 (16%)]	Loss: 6.647162
Train Epoch: 1 [209920/1281167 (16%)]	Loss: 6.598135
Train Epoch: 1 [215040/1281167 (17%)]	Loss: 6.720645
Train Epoch: 1 [220160/1281167 (17%)]	Loss: 6.684298
Train Epoch: 1 [225280/1281167 (18%)]	Loss: 6.730111
Train Epoch: 1 [230400/1281167 (18%)]	Loss: 6.713120
Train Epoch: 1 [235520/1281167 (18%)]	Loss: 6.572138
Train Epoch: 1 [240640/1281167 (19%)]	Loss: 6.635168
Train Epoch: 1 [245760/1281167 (19%)]	Loss: 6.638837
Train Epoch: 1 [250880/1281167 (20%)]	Loss: 6.564472
Train Epoch: 1 [256000/1281167 (20%)]	Loss: 6.659127
Train Epoch: 1 [261120/1281167 (20%)]	Loss: 6.520578
Train Epoch: 1 [266240/1281167 (21%)]	Loss: 6.602270
Train Epoch: 1 [271360/1281167 (21%)]	Loss: 6.445056
Train Epoch: 1 [276480/1281167 (22%)]	Loss: 6.427358
Train Epoch: 1 [281600/1281167 (22%)]	Loss: 6.504853
Train Epoch: 1 [286720/1281167 (22%)]	Loss: 6.449371
Train Epoch: 1 [291840/1281167 (23%)]	Loss: 6.482465
Train Epoch: 1 [296960/1281167 (23%)]	Loss: 6.570283
Train Epoch: 1 [302080/1281167 (24%)]	Loss: 6.425061
Train Epoch: 1 [307200/1281167 (24%)]	Loss: 6.474498
Train Epoch: 1 [312320/1281167 (24%)]	Loss: 6.417426
Train Epoch: 1 [317440/1281167 (25%)]	Loss: 6.279069
Train Epoch: 1 [322560/1281167 (25%)]	Loss: 6.409934
Train Epoch: 1 [327680/1281167 (26%)]	Loss: 6.445373
Train Epoch: 1 [332800/1281167 (26%)]	Loss: 6.482680
Train Epoch: 1 [337920/1281167 (26%)]	Loss: 6.313198
Train Epoch: 1 [343040/1281167 (27%)]	Loss: 6.427509
Train Epoch: 1 [348160/1281167 (27%)]	Loss: 6.466658
Train Epoch: 1 [353280/1281167 (28%)]	Loss: 6.229583
Train Epoch: 1 [358400/1281167 (28%)]	Loss: 6.371624
Train Epoch: 1 [363520/1281167 (28%)]	Loss: 6.362041
Train Epoch: 1 [368640/1281167 (29%)]	Loss: 6.166292
Train Epoch: 1 [373760/1281167 (29%)]	Loss: 6.288886
Train Epoch: 1 [378880/1281167 (30%)]	Loss: 6.343543
Train Epoch: 1 [384000/1281167 (30%)]	Loss: 6.169004
Train Epoch: 1 [389120/1281167 (30%)]	Loss: 6.298969
Train Epoch: 1 [394240/1281167 (31%)]	Loss: 6.197387
Train Epoch: 1 [399360/1281167 (31%)]	Loss: 6.197424
Train Epoch: 1 [404480/1281167 (32%)]	Loss: 5.959175
Train Epoch: 1 [409600/1281167 (32%)]	Loss: 6.272006
Train Epoch: 1 [414720/1281167 (32%)]	Loss: 6.303339
Train Epoch: 1 [419840/1281167 (33%)]	Loss: 6.121030
Train Epoch: 1 [424960/1281167 (33%)]	Loss: 6.109309
Train Epoch: 1 [430080/1281167 (34%)]	Loss: 6.040163
Train Epoch: 1 [435200/1281167 (34%)]	Loss: 6.193210
Train Epoch: 1 [440320/1281167 (34%)]	Loss: 6.062171
Train Epoch: 1 [445440/1281167 (35%)]	Loss: 6.224075
Train Epoch: 1 [450560/1281167 (35%)]	Loss: 6.074049
Train Epoch: 1 [455680/1281167 (36%)]	Loss: 6.283627
Train Epoch: 1 [460800/1281167 (36%)]	Loss: 6.196456
Train Epoch: 1 [465920/1281167 (36%)]	Loss: 6.244178
Train Epoch: 1 [471040/1281167 (37%)]	Loss: 5.876723
Train Epoch: 1 [476160/1281167 (37%)]	Loss: 6.027730
Train Epoch: 1 [481280/1281167 (38%)]	Loss: 6.139233
Train Epoch: 1 [486400/1281167 (38%)]	Loss: 5.938612
Train Epoch: 1 [491520/1281167 (38%)]	Loss: 5.868729
Train Epoch: 1 [496640/1281167 (39%)]	Loss: 5.864290
Train Epoch: 1 [501760/1281167 (39%)]	Loss: 5.901680
Train Epoch: 1 [506880/1281167 (40%)]	Loss: 5.767471
Train Epoch: 1 [512000/1281167 (40%)]	Loss: 6.185369
Train Epoch: 1 [517120/1281167 (40%)]	Loss: 6.005299
Train Epoch: 1 [522240/1281167 (41%)]	Loss: 5.841886
Train Epoch: 1 [527360/1281167 (41%)]	Loss: 5.884156
Train Epoch: 1 [532480/1281167 (42%)]	Loss: 5.962428
Train Epoch: 1 [537600/1281167 (42%)]	Loss: 5.869417
Train Epoch: 1 [542720/1281167 (42%)]	Loss: 5.519984
Train Epoch: 1 [547840/1281167 (43%)]	Loss: 5.848379
Train Epoch: 1 [552960/1281167 (43%)]	Loss: 5.600003
Train Epoch: 1 [558080/1281167 (44%)]	Loss: 5.960011
Train Epoch: 1 [563200/1281167 (44%)]	Loss: 5.796614
Train Epoch: 1 [568320/1281167 (44%)]	Loss: 5.824564
Train Epoch: 1 [573440/1281167 (45%)]	Loss: 5.880102
Train Epoch: 1 [578560/1281167 (45%)]	Loss: 5.699515
Train Epoch: 1 [583680/1281167 (46%)]	Loss: 5.741027
Train Epoch: 1 [588800/1281167 (46%)]	Loss: 5.769918
Train Epoch: 1 [593920/1281167 (46%)]	Loss: 5.780980
Train Epoch: 1 [599040/1281167 (47%)]	Loss: 5.678059
Train Epoch: 1 [604160/1281167 (47%)]	Loss: 5.651910
Train Epoch: 1 [609280/1281167 (48%)]	Loss: 5.445270
Train Epoch: 1 [614400/1281167 (48%)]	Loss: 5.760060
Train Epoch: 1 [619520/1281167 (48%)]	Loss: 5.784763
Train Epoch: 1 [624640/1281167 (49%)]	Loss: 5.711678
Train Epoch: 1 [629760/1281167 (49%)]	Loss: 5.752316
Train Epoch: 1 [634880/1281167 (50%)]	Loss: 5.737183
Train Epoch: 1 [640000/1281167 (50%)]	Loss: 5.711524
Train Epoch: 1 [645120/1281167 (50%)]	Loss: 5.463285
Train Epoch: 1 [650240/1281167 (51%)]	Loss: 5.421733
Train Epoch: 1 [655360/1281167 (51%)]	Loss: 5.569590
Train Epoch: 1 [660480/1281167 (52%)]	Loss: 5.650968
Train Epoch: 1 [665600/1281167 (52%)]	Loss: 5.499594
Train Epoch: 1 [670720/1281167 (52%)]	Loss: 5.951861
Train Epoch: 1 [675840/1281167 (53%)]	Loss: 5.415788
Train Epoch: 1 [680960/1281167 (53%)]	Loss: 5.450660
Train Epoch: 1 [686080/1281167 (54%)]	Loss: 5.649988
Train Epoch: 1 [691200/1281167 (54%)]	Loss: 5.639938
Train Epoch: 1 [696320/1281167 (54%)]	Loss: 5.682155
Train Epoch: 1 [701440/1281167 (55%)]	Loss: 5.323914
Train Epoch: 1 [706560/1281167 (55%)]	Loss: 5.797731
Train Epoch: 1 [711680/1281167 (56%)]	Loss: 5.376510
Train Epoch: 1 [716800/1281167 (56%)]	Loss: 5.454304
Train Epoch: 1 [721920/1281167 (56%)]	Loss: 5.363277
Train Epoch: 1 [727040/1281167 (57%)]	Loss: 5.595268
Train Epoch: 1 [732160/1281167 (57%)]	Loss: 5.365110
Train Epoch: 1 [737280/1281167 (58%)]	Loss: 5.213238
Train Epoch: 1 [742400/1281167 (58%)]	Loss: 5.350456
Train Epoch: 1 [747520/1281167 (58%)]	Loss: 5.181214
Train Epoch: 1 [752640/1281167 (59%)]	Loss: 5.312670
Train Epoch: 1 [757760/1281167 (59%)]	Loss: 5.260518
Train Epoch: 1 [762880/1281167 (60%)]	Loss: 5.407043
Train Epoch: 1 [768000/1281167 (60%)]	Loss: 5.148600
Train Epoch: 1 [773120/1281167 (60%)]	Loss: 5.564915
Train Epoch: 1 [778240/1281167 (61%)]	Loss: 5.310618
Train Epoch: 1 [783360/1281167 (61%)]	Loss: 5.322126
Train Epoch: 1 [788480/1281167 (62%)]	Loss: 5.374461
Train Epoch: 1 [793600/1281167 (62%)]	Loss: 5.301957
Train Epoch: 1 [798720/1281167 (62%)]	Loss: 5.385370
Train Epoch: 1 [803840/1281167 (63%)]	Loss: 5.300034
Train Epoch: 1 [808960/1281167 (63%)]	Loss: 5.045035
Train Epoch: 1 [814080/1281167 (64%)]	Loss: 5.370664
Train Epoch: 1 [819200/1281167 (64%)]	Loss: 5.283835
Train Epoch: 1 [824320/1281167 (64%)]	Loss: 5.638529
Train Epoch: 1 [829440/1281167 (65%)]	Loss: 5.247067
Train Epoch: 1 [834560/1281167 (65%)]	Loss: 5.492568
Train Epoch: 1 [839680/1281167 (66%)]	Loss: 5.260337
Train Epoch: 1 [844800/1281167 (66%)]	Loss: 5.300919
Train Epoch: 1 [849920/1281167 (66%)]	Loss: 5.360927
Train Epoch: 1 [855040/1281167 (67%)]	Loss: 5.406589
Train Epoch: 1 [860160/1281167 (67%)]	Loss: 5.038999
Train Epoch: 1 [865280/1281167 (68%)]	Loss: 5.287266
Train Epoch: 1 [870400/1281167 (68%)]	Loss: 4.893000
Train Epoch: 1 [875520/1281167 (68%)]	Loss: 5.264114
Train Epoch: 1 [880640/1281167 (69%)]	Loss: 5.184889
Train Epoch: 1 [885760/1281167 (69%)]	Loss: 5.029923
Train Epoch: 1 [890880/1281167 (70%)]	Loss: 5.331081
Train Epoch: 1 [896000/1281167 (70%)]	Loss: 5.154851
Train Epoch: 1 [901120/1281167 (70%)]	Loss: 5.286667
Train Epoch: 1 [906240/1281167 (71%)]	Loss: 5.024377
Train Epoch: 1 [911360/1281167 (71%)]	Loss: 5.052178
Train Epoch: 1 [916480/1281167 (72%)]	Loss: 5.113432
Train Epoch: 1 [921600/1281167 (72%)]	Loss: 5.277581
Train Epoch: 1 [926720/1281167 (72%)]	Loss: 5.107518
Train Epoch: 1 [931840/1281167 (73%)]	Loss: 5.003841
Train Epoch: 1 [936960/1281167 (73%)]	Loss: 4.874695
Train Epoch: 1 [942080/1281167 (74%)]	Loss: 4.952659
Train Epoch: 1 [947200/1281167 (74%)]	Loss: 5.175232
Train Epoch: 1 [952320/1281167 (74%)]	Loss: 5.200260
Train Epoch: 1 [957440/1281167 (75%)]	Loss: 5.157411
Train Epoch: 1 [962560/1281167 (75%)]	Loss: 5.099285
Train Epoch: 1 [967680/1281167 (76%)]	Loss: 4.848225
Train Epoch: 1 [972800/1281167 (76%)]	Loss: 5.022886
Train Epoch: 1 [977920/1281167 (76%)]	Loss: 5.047987
Train Epoch: 1 [983040/1281167 (77%)]	Loss: 5.110610
Train Epoch: 1 [988160/1281167 (77%)]	Loss: 5.102099
Train Epoch: 1 [993280/1281167 (78%)]	Loss: 5.047787
Train Epoch: 1 [998400/1281167 (78%)]	Loss: 4.826893
Train Epoch: 1 [1003520/1281167 (78%)]	Loss: 4.966172
Train Epoch: 1 [1008640/1281167 (79%)]	Loss: 5.103191
Train Epoch: 1 [1013760/1281167 (79%)]	Loss: 4.866423
Train Epoch: 1 [1018880/1281167 (80%)]	Loss: 4.829756
Train Epoch: 1 [1024000/1281167 (80%)]	Loss: 5.015843
Train Epoch: 1 [1029120/1281167 (80%)]	Loss: 5.081075
Train Epoch: 1 [1034240/1281167 (81%)]	Loss: 5.009708
Train Epoch: 1 [1039360/1281167 (81%)]	Loss: 4.745893
Train Epoch: 1 [1044480/1281167 (82%)]	Loss: 4.724622
Train Epoch: 1 [1049600/1281167 (82%)]	Loss: 4.883204
Train Epoch: 1 [1054720/1281167 (82%)]	Loss: 4.965112
Train Epoch: 1 [1059840/1281167 (83%)]	Loss: 4.915525
Train Epoch: 1 [1064960/1281167 (83%)]	Loss: 4.852707
Train Epoch: 1 [1070080/1281167 (83%)]	Loss: 4.732261
Train Epoch: 1 [1075200/1281167 (84%)]	Loss: 4.997957
Train Epoch: 1 [1080320/1281167 (84%)]	Loss: 4.782066
Train Epoch: 1 [1085440/1281167 (85%)]	Loss: 4.803535
Train Epoch: 1 [1090560/1281167 (85%)]	Loss: 4.393110
Train Epoch: 1 [1095680/1281167 (85%)]	Loss: 4.707417
Train Epoch: 1 [1100800/1281167 (86%)]	Loss: 4.845035
Train Epoch: 1 [1105920/1281167 (86%)]	Loss: 4.564597
Train Epoch: 1 [1111040/1281167 (87%)]	Loss: 4.536595
Train Epoch: 1 [1116160/1281167 (87%)]	Loss: 4.572112
Train Epoch: 1 [1121280/1281167 (87%)]	Loss: 4.879534
Train Epoch: 1 [1126400/1281167 (88%)]	Loss: 4.543409
Train Epoch: 1 [1131520/1281167 (88%)]	Loss: 4.774477
Train Epoch: 1 [1136640/1281167 (89%)]	Loss: 4.661246
Train Epoch: 1 [1141760/1281167 (89%)]	Loss: 4.639945
Train Epoch: 1 [1146880/1281167 (89%)]	Loss: 4.704879
Train Epoch: 1 [1152000/1281167 (90%)]	Loss: 4.662109
Train Epoch: 1 [1157120/1281167 (90%)]	Loss: 4.416987
Train Epoch: 1 [1162240/1281167 (91%)]	Loss: 4.717047
Train Epoch: 1 [1167360/1281167 (91%)]	Loss: 4.687342
Train Epoch: 1 [1172480/1281167 (91%)]	Loss: 4.762915
Train Epoch: 1 [1177600/1281167 (92%)]	Loss: 4.638274
Train Epoch: 1 [1182720/1281167 (92%)]	Loss: 4.758430
Train Epoch: 1 [1187840/1281167 (93%)]	Loss: 4.729831
Train Epoch: 1 [1192960/1281167 (93%)]	Loss: 4.598938
Train Epoch: 1 [1198080/1281167 (93%)]	Loss: 4.863010
Train Epoch: 1 [1203200/1281167 (94%)]	Loss: 4.772755
Train Epoch: 1 [1208320/1281167 (94%)]	Loss: 4.506588
Train Epoch: 1 [1213440/1281167 (95%)]	Loss: 4.617616
Train Epoch: 1 [1218560/1281167 (95%)]	Loss: 4.814042
Train Epoch: 1 [1223680/1281167 (95%)]	Loss: 4.465355
Train Epoch: 1 [1228800/1281167 (96%)]	Loss: 4.575603
Train Epoch: 1 [1233920/1281167 (96%)]	Loss: 4.597140
Train Epoch: 1 [1239040/1281167 (97%)]	Loss: 4.961987
Train Epoch: 1 [1244160/1281167 (97%)]	Loss: 4.452229
Train Epoch: 1 [1249280/1281167 (97%)]	Loss: 4.570632
Train Epoch: 1 [1254400/1281167 (98%)]	Loss: 4.579941
Train Epoch: 1 [1259520/1281167 (98%)]	Loss: 4.375493
Train Epoch: 1 [1264640/1281167 (99%)]	Loss: 4.604155
Train Epoch: 1 [1269760/1281167 (99%)]	Loss: 4.552365
Train Epoch: 1 [1274880/1281167 (99%)]	Loss: 4.356318
Train Epoch: 1 [1280000/1281167 (100%)]	Loss: 4.557729
Train Epoch: 1	Loss: 5.7200	Acc: 5.17%	Time: 643.03s
Validation Epoch: 1	Loss: 4.6575	Acc: 14.06%	Time: 52.25s
保存最佳模型, 精度: 14.06%

--- Epoch 2/3 ---
Train Epoch: 2 [0/1281167 (0%)]	Loss: 4.552992
Train Epoch: 2 [5120/1281167 (0%)]	Loss: 4.450152
Train Epoch: 2 [10240/1281167 (1%)]	Loss: 4.369129
Train Epoch: 2 [15360/1281167 (1%)]	Loss: 4.519851
Train Epoch: 2 [20480/1281167 (2%)]	Loss: 4.198046
Train Epoch: 2 [25600/1281167 (2%)]	Loss: 4.615126
Train Epoch: 2 [30720/1281167 (2%)]	Loss: 4.461699
Train Epoch: 2 [35840/1281167 (3%)]	Loss: 4.336685
Train Epoch: 2 [40960/1281167 (3%)]	Loss: 4.702564
Train Epoch: 2 [46080/1281167 (4%)]	Loss: 4.492279
Train Epoch: 2 [51200/1281167 (4%)]	Loss: 4.385036
Train Epoch: 2 [56320/1281167 (4%)]	Loss: 4.469288
Train Epoch: 2 [61440/1281167 (5%)]	Loss: 4.543997
Train Epoch: 2 [66560/1281167 (5%)]	Loss: 4.495226
Train Epoch: 2 [71680/1281167 (6%)]	Loss: 4.609548
Train Epoch: 2 [76800/1281167 (6%)]	Loss: 4.450555
Train Epoch: 2 [81920/1281167 (6%)]	Loss: 4.549933
Train Epoch: 2 [87040/1281167 (7%)]	Loss: 4.216781
Train Epoch: 2 [92160/1281167 (7%)]	Loss: 4.422178
Train Epoch: 2 [97280/1281167 (8%)]	Loss: 4.753493
Train Epoch: 2 [102400/1281167 (8%)]	Loss: 4.656300
Train Epoch: 2 [107520/1281167 (8%)]	Loss: 4.680758
Train Epoch: 2 [112640/1281167 (9%)]	Loss: 4.290522
Train Epoch: 2 [117760/1281167 (9%)]	Loss: 4.375363
Train Epoch: 2 [122880/1281167 (10%)]	Loss: 4.511415
Train Epoch: 2 [128000/1281167 (10%)]	Loss: 4.041986
Train Epoch: 2 [133120/1281167 (10%)]	Loss: 4.296521
Train Epoch: 2 [138240/1281167 (11%)]	Loss: 4.236277
Train Epoch: 2 [143360/1281167 (11%)]	Loss: 4.279303
Train Epoch: 2 [148480/1281167 (12%)]	Loss: 4.522080
Train Epoch: 2 [153600/1281167 (12%)]	Loss: 4.232632
Train Epoch: 2 [158720/1281167 (12%)]	Loss: 4.288110
Train Epoch: 2 [163840/1281167 (13%)]	Loss: 4.372970
Train Epoch: 2 [168960/1281167 (13%)]	Loss: 4.305099
Train Epoch: 2 [174080/1281167 (14%)]	Loss: 4.411354
Train Epoch: 2 [179200/1281167 (14%)]	Loss: 3.968801
Train Epoch: 2 [184320/1281167 (14%)]	Loss: 4.509477
Train Epoch: 2 [189440/1281167 (15%)]	Loss: 4.714135
Train Epoch: 2 [194560/1281167 (15%)]	Loss: 4.274062
Train Epoch: 2 [199680/1281167 (16%)]	Loss: 4.020445
Train Epoch: 2 [204800/1281167 (16%)]	Loss: 4.532806
Train Epoch: 2 [209920/1281167 (16%)]	Loss: 4.324363
Train Epoch: 2 [215040/1281167 (17%)]	Loss: 4.121155
Train Epoch: 2 [220160/1281167 (17%)]	Loss: 4.125635
Train Epoch: 2 [225280/1281167 (18%)]	Loss: 4.135450
Train Epoch: 2 [230400/1281167 (18%)]	Loss: 4.027865
Train Epoch: 2 [235520/1281167 (18%)]	Loss: 4.148686
Train Epoch: 2 [240640/1281167 (19%)]	Loss: 4.108126
Train Epoch: 2 [245760/1281167 (19%)]	Loss: 4.148023
Train Epoch: 2 [250880/1281167 (20%)]	Loss: 3.980812
Train Epoch: 2 [256000/1281167 (20%)]	Loss: 3.965106
Train Epoch: 2 [261120/1281167 (20%)]	Loss: 4.488070
Train Epoch: 2 [266240/1281167 (21%)]	Loss: 4.015232
Train Epoch: 2 [271360/1281167 (21%)]	Loss: 3.809239
Train Epoch: 2 [276480/1281167 (22%)]	Loss: 4.323999
Train Epoch: 2 [281600/1281167 (22%)]	Loss: 4.122413
Train Epoch: 2 [286720/1281167 (22%)]	Loss: 4.149882
Train Epoch: 2 [291840/1281167 (23%)]	Loss: 4.012282
Train Epoch: 2 [296960/1281167 (23%)]	Loss: 4.348158
Train Epoch: 2 [302080/1281167 (24%)]	Loss: 4.237848
Train Epoch: 2 [307200/1281167 (24%)]	Loss: 4.134857
Train Epoch: 2 [312320/1281167 (24%)]	Loss: 3.707369
Train Epoch: 2 [317440/1281167 (25%)]	Loss: 3.968820
Train Epoch: 2 [322560/1281167 (25%)]	Loss: 3.827957
Train Epoch: 2 [327680/1281167 (26%)]	Loss: 3.919587
Train Epoch: 2 [332800/1281167 (26%)]	Loss: 4.026702
Train Epoch: 2 [337920/1281167 (26%)]	Loss: 4.113020
Train Epoch: 2 [343040/1281167 (27%)]	Loss: 4.211243
Train Epoch: 2 [348160/1281167 (27%)]	Loss: 4.154139
Train Epoch: 2 [353280/1281167 (28%)]	Loss: 4.255275
Train Epoch: 2 [358400/1281167 (28%)]	Loss: 4.179002
Train Epoch: 2 [363520/1281167 (28%)]	Loss: 4.138277
Train Epoch: 2 [368640/1281167 (29%)]	Loss: 3.912532
Train Epoch: 2 [373760/1281167 (29%)]	Loss: 4.163921
Train Epoch: 2 [378880/1281167 (30%)]	Loss: 4.318877
Train Epoch: 2 [384000/1281167 (30%)]	Loss: 4.246955
Train Epoch: 2 [389120/1281167 (30%)]	Loss: 3.786652
Train Epoch: 2 [394240/1281167 (31%)]	Loss: 4.172468
Train Epoch: 2 [399360/1281167 (31%)]	Loss: 4.244287
Train Epoch: 2 [404480/1281167 (32%)]	Loss: 4.219346
Train Epoch: 2 [409600/1281167 (32%)]	Loss: 3.908705
Train Epoch: 2 [414720/1281167 (32%)]	Loss: 4.046321
Train Epoch: 2 [419840/1281167 (33%)]	Loss: 4.057599
Train Epoch: 2 [424960/1281167 (33%)]	Loss: 4.079432
Train Epoch: 2 [430080/1281167 (34%)]	Loss: 3.605458
Train Epoch: 2 [435200/1281167 (34%)]	Loss: 3.999786
Train Epoch: 2 [440320/1281167 (34%)]	Loss: 4.211164
Train Epoch: 2 [445440/1281167 (35%)]	Loss: 3.993579
Train Epoch: 2 [450560/1281167 (35%)]	Loss: 3.779428
Train Epoch: 2 [455680/1281167 (36%)]	Loss: 4.245747
Train Epoch: 2 [460800/1281167 (36%)]	Loss: 4.028988
Train Epoch: 2 [465920/1281167 (36%)]	Loss: 3.759788
Train Epoch: 2 [471040/1281167 (37%)]	Loss: 4.018234
Train Epoch: 2 [476160/1281167 (37%)]	Loss: 4.282846
Train Epoch: 2 [481280/1281167 (38%)]	Loss: 3.983469
Train Epoch: 2 [486400/1281167 (38%)]	Loss: 3.791455
Train Epoch: 2 [491520/1281167 (38%)]	Loss: 4.151420
Train Epoch: 2 [496640/1281167 (39%)]	Loss: 3.771724
Train Epoch: 2 [501760/1281167 (39%)]	Loss: 3.904230
Train Epoch: 2 [506880/1281167 (40%)]	Loss: 4.109944
Train Epoch: 2 [512000/1281167 (40%)]	Loss: 4.101272
Train Epoch: 2 [517120/1281167 (40%)]	Loss: 3.794445
Train Epoch: 2 [522240/1281167 (41%)]	Loss: 4.159244
Train Epoch: 2 [527360/1281167 (41%)]	Loss: 3.866029
Train Epoch: 2 [532480/1281167 (42%)]	Loss: 4.078818
Train Epoch: 2 [537600/1281167 (42%)]	Loss: 3.972520
Train Epoch: 2 [542720/1281167 (42%)]	Loss: 4.082194
Train Epoch: 2 [547840/1281167 (43%)]	Loss: 3.811518
Train Epoch: 2 [552960/1281167 (43%)]	Loss: 4.174846
Train Epoch: 2 [558080/1281167 (44%)]	Loss: 3.968891
Train Epoch: 2 [563200/1281167 (44%)]	Loss: 4.318868
Train Epoch: 2 [568320/1281167 (44%)]	Loss: 3.895111
Train Epoch: 2 [573440/1281167 (45%)]	Loss: 3.826033
Train Epoch: 2 [578560/1281167 (45%)]	Loss: 4.052678
Train Epoch: 2 [583680/1281167 (46%)]	Loss: 3.628213
Train Epoch: 2 [588800/1281167 (46%)]	Loss: 4.118291
Train Epoch: 2 [593920/1281167 (46%)]	Loss: 4.184413
Train Epoch: 2 [599040/1281167 (47%)]	Loss: 3.977395
Train Epoch: 2 [604160/1281167 (47%)]	Loss: 3.764773
Train Epoch: 2 [609280/1281167 (48%)]	Loss: 4.402913
Train Epoch: 2 [614400/1281167 (48%)]	Loss: 3.738348
Train Epoch: 2 [619520/1281167 (48%)]	Loss: 3.790338
Train Epoch: 2 [624640/1281167 (49%)]	Loss: 4.115642
Train Epoch: 2 [629760/1281167 (49%)]	Loss: 3.933923
Train Epoch: 2 [634880/1281167 (50%)]	Loss: 4.057570
Train Epoch: 2 [640000/1281167 (50%)]	Loss: 3.617813
Train Epoch: 2 [645120/1281167 (50%)]	Loss: 3.603724
Train Epoch: 2 [650240/1281167 (51%)]	Loss: 4.159871
Train Epoch: 2 [655360/1281167 (51%)]	Loss: 3.877258
Train Epoch: 2 [660480/1281167 (52%)]	Loss: 3.685603
Train Epoch: 2 [665600/1281167 (52%)]	Loss: 3.911371
Train Epoch: 2 [670720/1281167 (52%)]	Loss: 3.618530
Train Epoch: 2 [675840/1281167 (53%)]	Loss: 3.470303
Train Epoch: 2 [680960/1281167 (53%)]	Loss: 3.682133
Train Epoch: 2 [686080/1281167 (54%)]	Loss: 4.203154
Train Epoch: 2 [691200/1281167 (54%)]	Loss: 3.903286
Train Epoch: 2 [696320/1281167 (54%)]	Loss: 3.686164
Train Epoch: 2 [701440/1281167 (55%)]	Loss: 3.719048
Train Epoch: 2 [706560/1281167 (55%)]	Loss: 4.110876
Train Epoch: 2 [711680/1281167 (56%)]	Loss: 4.200922
Train Epoch: 2 [716800/1281167 (56%)]	Loss: 3.670299
Train Epoch: 2 [721920/1281167 (56%)]	Loss: 3.892806
Train Epoch: 2 [727040/1281167 (57%)]	Loss: 3.866153
Train Epoch: 2 [732160/1281167 (57%)]	Loss: 3.631442
Train Epoch: 2 [737280/1281167 (58%)]	Loss: 3.876668
Train Epoch: 2 [742400/1281167 (58%)]	Loss: 3.968684
Train Epoch: 2 [747520/1281167 (58%)]	Loss: 4.185600
Train Epoch: 2 [752640/1281167 (59%)]	Loss: 4.162465
Train Epoch: 2 [757760/1281167 (59%)]	Loss: 3.201280
Train Epoch: 2 [762880/1281167 (60%)]	Loss: 3.786592
Train Epoch: 2 [768000/1281167 (60%)]	Loss: 3.995563
Train Epoch: 2 [773120/1281167 (60%)]	Loss: 3.702016
Train Epoch: 2 [778240/1281167 (61%)]	Loss: 3.817167
Train Epoch: 2 [783360/1281167 (61%)]	Loss: 3.904860
Train Epoch: 2 [788480/1281167 (62%)]	Loss: 3.583298
Train Epoch: 2 [793600/1281167 (62%)]	Loss: 3.547089
Train Epoch: 2 [798720/1281167 (62%)]	Loss: 3.675919
Train Epoch: 2 [803840/1281167 (63%)]	Loss: 3.862773
Train Epoch: 2 [808960/1281167 (63%)]	Loss: 3.795097
Train Epoch: 2 [814080/1281167 (64%)]	Loss: 4.170890
Train Epoch: 2 [819200/1281167 (64%)]	Loss: 3.764372
Train Epoch: 2 [824320/1281167 (64%)]	Loss: 3.944858
Train Epoch: 2 [829440/1281167 (65%)]	Loss: 3.659123
Train Epoch: 2 [834560/1281167 (65%)]	Loss: 4.026042
Train Epoch: 2 [839680/1281167 (66%)]	Loss: 3.899667
Train Epoch: 2 [844800/1281167 (66%)]	Loss: 3.437108
Train Epoch: 2 [849920/1281167 (66%)]	Loss: 3.649693
Train Epoch: 2 [855040/1281167 (67%)]	Loss: 3.724919
Train Epoch: 2 [860160/1281167 (67%)]	Loss: 3.719343
Train Epoch: 2 [865280/1281167 (68%)]	Loss: 3.737503
Train Epoch: 2 [870400/1281167 (68%)]	Loss: 3.720503
Train Epoch: 2 [875520/1281167 (68%)]	Loss: 3.630556
Train Epoch: 2 [880640/1281167 (69%)]	Loss: 3.467516
Train Epoch: 2 [885760/1281167 (69%)]	Loss: 3.595339
Train Epoch: 2 [890880/1281167 (70%)]	Loss: 3.472316
Train Epoch: 2 [896000/1281167 (70%)]	Loss: 3.759320
Train Epoch: 2 [901120/1281167 (70%)]	Loss: 3.781051
Train Epoch: 2 [906240/1281167 (71%)]	Loss: 3.713551
Train Epoch: 2 [911360/1281167 (71%)]	Loss: 3.537827
Train Epoch: 2 [916480/1281167 (72%)]	Loss: 3.797886
Train Epoch: 2 [921600/1281167 (72%)]	Loss: 4.001201
Train Epoch: 2 [926720/1281167 (72%)]	Loss: 3.461163
Train Epoch: 2 [931840/1281167 (73%)]	Loss: 3.754374
Train Epoch: 2 [936960/1281167 (73%)]	Loss: 3.520113
Train Epoch: 2 [942080/1281167 (74%)]	Loss: 3.899042
Train Epoch: 2 [947200/1281167 (74%)]	Loss: 3.437265
Train Epoch: 2 [952320/1281167 (74%)]	Loss: 3.599122
Train Epoch: 2 [957440/1281167 (75%)]	Loss: 3.456926
Train Epoch: 2 [962560/1281167 (75%)]	Loss: 4.053500
Train Epoch: 2 [967680/1281167 (76%)]	Loss: 3.867087
Train Epoch: 2 [972800/1281167 (76%)]	Loss: 3.864200
Train Epoch: 2 [977920/1281167 (76%)]	Loss: 3.952202
Train Epoch: 2 [983040/1281167 (77%)]	Loss: 3.900544
Train Epoch: 2 [988160/1281167 (77%)]	Loss: 3.335280
Train Epoch: 2 [993280/1281167 (78%)]	Loss: 3.627753
Train Epoch: 2 [998400/1281167 (78%)]	Loss: 3.749542
Train Epoch: 2 [1003520/1281167 (78%)]	Loss: 3.531880
Train Epoch: 2 [1008640/1281167 (79%)]	Loss: 3.789420
Train Epoch: 2 [1013760/1281167 (79%)]	Loss: 3.661696
Train Epoch: 2 [1018880/1281167 (80%)]	Loss: 3.468961
Train Epoch: 2 [1024000/1281167 (80%)]	Loss: 3.636731
Train Epoch: 2 [1029120/1281167 (80%)]	Loss: 3.713772
Train Epoch: 2 [1034240/1281167 (81%)]	Loss: 3.280401
Train Epoch: 2 [1039360/1281167 (81%)]	Loss: 3.885768
Train Epoch: 2 [1044480/1281167 (82%)]	Loss: 3.646084
Train Epoch: 2 [1049600/1281167 (82%)]	Loss: 3.752299
Train Epoch: 2 [1054720/1281167 (82%)]	Loss: 3.623481
Train Epoch: 2 [1059840/1281167 (83%)]	Loss: 3.534998
Train Epoch: 2 [1064960/1281167 (83%)]	Loss: 3.553322
Train Epoch: 2 [1070080/1281167 (83%)]	Loss: 3.786643
Train Epoch: 2 [1075200/1281167 (84%)]	Loss: 3.632632
Train Epoch: 2 [1080320/1281167 (84%)]	Loss: 3.768290
Train Epoch: 2 [1085440/1281167 (85%)]	Loss: 3.238550
Train Epoch: 2 [1090560/1281167 (85%)]	Loss: 3.628267
Train Epoch: 2 [1095680/1281167 (85%)]	Loss: 3.671390
Train Epoch: 2 [1100800/1281167 (86%)]	Loss: 3.463442
Train Epoch: 2 [1105920/1281167 (86%)]	Loss: 3.024883
Train Epoch: 2 [1111040/1281167 (87%)]	Loss: 3.574034
Train Epoch: 2 [1116160/1281167 (87%)]	Loss: 3.285895
Train Epoch: 2 [1121280/1281167 (87%)]	Loss: 3.686591
Train Epoch: 2 [1126400/1281167 (88%)]	Loss: 3.762821
Train Epoch: 2 [1131520/1281167 (88%)]	Loss: 3.752021
Train Epoch: 2 [1136640/1281167 (89%)]	Loss: 3.509885
Train Epoch: 2 [1141760/1281167 (89%)]	Loss: 3.572584
Train Epoch: 2 [1146880/1281167 (89%)]	Loss: 3.178383
Train Epoch: 2 [1152000/1281167 (90%)]	Loss: 3.634535
Train Epoch: 2 [1157120/1281167 (90%)]	Loss: 3.262865
Train Epoch: 2 [1162240/1281167 (91%)]	Loss: 3.443125
Train Epoch: 2 [1167360/1281167 (91%)]	Loss: 3.778040
Train Epoch: 2 [1172480/1281167 (91%)]	Loss: 3.558663
Train Epoch: 2 [1177600/1281167 (92%)]	Loss: 3.403193
Train Epoch: 2 [1182720/1281167 (92%)]	Loss: 3.551174
Train Epoch: 2 [1187840/1281167 (93%)]	Loss: 3.485580
Train Epoch: 2 [1192960/1281167 (93%)]	Loss: 3.685639
Train Epoch: 2 [1198080/1281167 (93%)]	Loss: 3.774862
Train Epoch: 2 [1203200/1281167 (94%)]	Loss: 3.445847
Train Epoch: 2 [1208320/1281167 (94%)]	Loss: 3.705852
Train Epoch: 2 [1213440/1281167 (95%)]	Loss: 3.502319
Train Epoch: 2 [1218560/1281167 (95%)]	Loss: 3.848118
Train Epoch: 2 [1223680/1281167 (95%)]	Loss: 3.180885
Train Epoch: 2 [1228800/1281167 (96%)]	Loss: 3.965940
Train Epoch: 2 [1233920/1281167 (96%)]	Loss: 3.898346
Train Epoch: 2 [1239040/1281167 (97%)]	Loss: 3.575912
Train Epoch: 2 [1244160/1281167 (97%)]	Loss: 3.171237
Train Epoch: 2 [1249280/1281167 (97%)]	Loss: 3.540722
Train Epoch: 2 [1254400/1281167 (98%)]	Loss: 3.525830
Train Epoch: 2 [1259520/1281167 (98%)]	Loss: 3.583296
Train Epoch: 2 [1264640/1281167 (99%)]	Loss: 3.660758
Train Epoch: 2 [1269760/1281167 (99%)]	Loss: 3.270813
Train Epoch: 2 [1274880/1281167 (99%)]	Loss: 3.537404
Train Epoch: 2 [1280000/1281167 (100%)]	Loss: 3.585510
Train Epoch: 2	Loss: 3.9309	Acc: 21.84%	Time: 698.09s
Validation Epoch: 2	Loss: 3.6325	Acc: 28.29%	Time: 54.16s
保存最佳模型, 精度: 28.29%

--- Epoch 3/3 ---
Train Epoch: 3 [0/1281167 (0%)]	Loss: 3.464595
Train Epoch: 3 [5120/1281167 (0%)]	Loss: 3.552953
Train Epoch: 3 [10240/1281167 (1%)]	Loss: 3.389499
Train Epoch: 3 [15360/1281167 (1%)]	Loss: 3.454194
Train Epoch: 3 [20480/1281167 (2%)]	Loss: 3.066672
Train Epoch: 3 [25600/1281167 (2%)]	Loss: 3.586118
Train Epoch: 3 [30720/1281167 (2%)]	Loss: 3.367935
Train Epoch: 3 [35840/1281167 (3%)]	Loss: 3.492258
Train Epoch: 3 [40960/1281167 (3%)]	Loss: 3.326636
Train Epoch: 3 [46080/1281167 (4%)]	Loss: 3.165138
Train Epoch: 3 [51200/1281167 (4%)]	Loss: 3.637740
Train Epoch: 3 [56320/1281167 (4%)]	Loss: 3.138179
Train Epoch: 3 [61440/1281167 (5%)]	Loss: 2.847963
Train Epoch: 3 [66560/1281167 (5%)]	Loss: 3.807019
Train Epoch: 3 [71680/1281167 (6%)]	Loss: 3.306217
Train Epoch: 3 [76800/1281167 (6%)]	Loss: 3.769938
Train Epoch: 3 [81920/1281167 (6%)]	Loss: 3.774315
Train Epoch: 3 [87040/1281167 (7%)]	Loss: 3.626943
Train Epoch: 3 [92160/1281167 (7%)]	Loss: 3.460294
Train Epoch: 3 [97280/1281167 (8%)]	Loss: 3.549194
Train Epoch: 3 [102400/1281167 (8%)]	Loss: 3.245143
Train Epoch: 3 [107520/1281167 (8%)]	Loss: 3.479773
Train Epoch: 3 [112640/1281167 (9%)]	Loss: 3.746299
Train Epoch: 3 [117760/1281167 (9%)]	Loss: 3.918961
Train Epoch: 3 [122880/1281167 (10%)]	Loss: 3.350387
Train Epoch: 3 [128000/1281167 (10%)]	Loss: 3.278732
Train Epoch: 3 [133120/1281167 (10%)]	Loss: 3.873323
Train Epoch: 3 [138240/1281167 (11%)]	Loss: 3.355079
Train Epoch: 3 [143360/1281167 (11%)]	Loss: 3.453114
Train Epoch: 3 [148480/1281167 (12%)]	Loss: 3.285228
Train Epoch: 3 [153600/1281167 (12%)]	Loss: 3.194602
Train Epoch: 3 [158720/1281167 (12%)]	Loss: 3.349233
Train Epoch: 3 [163840/1281167 (13%)]	Loss: 3.086332
Train Epoch: 3 [168960/1281167 (13%)]	Loss: 3.650509
Train Epoch: 3 [174080/1281167 (14%)]	Loss: 3.289796
Train Epoch: 3 [179200/1281167 (14%)]	Loss: 3.753949
Train Epoch: 3 [184320/1281167 (14%)]	Loss: 3.347954
Train Epoch: 3 [189440/1281167 (15%)]	Loss: 3.390686
Train Epoch: 3 [194560/1281167 (15%)]	Loss: 2.964245
Train Epoch: 3 [199680/1281167 (16%)]	Loss: 3.288436
Train Epoch: 3 [204800/1281167 (16%)]	Loss: 4.044143
Train Epoch: 3 [209920/1281167 (16%)]	Loss: 3.379442
Train Epoch: 3 [215040/1281167 (17%)]	Loss: 3.415203
Train Epoch: 3 [220160/1281167 (17%)]	Loss: 3.231513
Train Epoch: 3 [225280/1281167 (18%)]	Loss: 3.587732
Train Epoch: 3 [230400/1281167 (18%)]	Loss: 3.170287
Train Epoch: 3 [235520/1281167 (18%)]	Loss: 3.213025
Train Epoch: 3 [240640/1281167 (19%)]	Loss: 3.411047
Train Epoch: 3 [245760/1281167 (19%)]	Loss: 3.217966
Train Epoch: 3 [250880/1281167 (20%)]	Loss: 3.345196
Train Epoch: 3 [256000/1281167 (20%)]	Loss: 3.165427
Train Epoch: 3 [261120/1281167 (20%)]	Loss: 3.049652
Train Epoch: 3 [266240/1281167 (21%)]	Loss: 3.578233
Train Epoch: 3 [271360/1281167 (21%)]	Loss: 3.387389
Train Epoch: 3 [276480/1281167 (22%)]	Loss: 3.353882
Train Epoch: 3 [281600/1281167 (22%)]	Loss: 3.541210
Train Epoch: 3 [286720/1281167 (22%)]	Loss: 3.547693
Train Epoch: 3 [291840/1281167 (23%)]	Loss: 3.181621
Train Epoch: 3 [296960/1281167 (23%)]	Loss: 3.534999
Train Epoch: 3 [302080/1281167 (24%)]	Loss: 3.541628
Train Epoch: 3 [307200/1281167 (24%)]	Loss: 3.123630
Train Epoch: 3 [312320/1281167 (24%)]	Loss: 3.288520
Train Epoch: 3 [317440/1281167 (25%)]	Loss: 3.447517
Train Epoch: 3 [322560/1281167 (25%)]	Loss: 3.287917
Train Epoch: 3 [327680/1281167 (26%)]	Loss: 3.877371
Train Epoch: 3 [332800/1281167 (26%)]	Loss: 3.629198
Train Epoch: 3 [337920/1281167 (26%)]	Loss: 3.456211
Train Epoch: 3 [343040/1281167 (27%)]	Loss: 3.565661
Train Epoch: 3 [348160/1281167 (27%)]	Loss: 3.294446
Train Epoch: 3 [353280/1281167 (28%)]	Loss: 3.485943
Train Epoch: 3 [358400/1281167 (28%)]	Loss: 3.485013
Train Epoch: 3 [363520/1281167 (28%)]	Loss: 3.363963
Train Epoch: 3 [368640/1281167 (29%)]	Loss: 3.185453
Train Epoch: 3 [373760/1281167 (29%)]	Loss: 3.208653
Train Epoch: 3 [378880/1281167 (30%)]	Loss: 3.522161
Train Epoch: 3 [384000/1281167 (30%)]	Loss: 3.420804
Train Epoch: 3 [389120/1281167 (30%)]	Loss: 3.280991
Train Epoch: 3 [394240/1281167 (31%)]	Loss: 3.439942
Train Epoch: 3 [399360/1281167 (31%)]	Loss: 3.331026
Train Epoch: 3 [404480/1281167 (32%)]	Loss: 2.856968
Train Epoch: 3 [409600/1281167 (32%)]	Loss: 2.995788
Train Epoch: 3 [414720/1281167 (32%)]	Loss: 3.141444
Train Epoch: 3 [419840/1281167 (33%)]	Loss: 3.333285
Train Epoch: 3 [424960/1281167 (33%)]	Loss: 3.298690
Train Epoch: 3 [430080/1281167 (34%)]	Loss: 3.203957
Train Epoch: 3 [435200/1281167 (34%)]	Loss: 2.856459
Train Epoch: 3 [440320/1281167 (34%)]	Loss: 3.230771
Train Epoch: 3 [445440/1281167 (35%)]	Loss: 3.221967
Train Epoch: 3 [450560/1281167 (35%)]	Loss: 3.098693
Train Epoch: 3 [455680/1281167 (36%)]	Loss: 3.392176
Train Epoch: 3 [460800/1281167 (36%)]	Loss: 3.501345
Train Epoch: 3 [465920/1281167 (36%)]	Loss: 3.530705
Train Epoch: 3 [471040/1281167 (37%)]	Loss: 3.159767
Train Epoch: 3 [476160/1281167 (37%)]	Loss: 3.435413
Train Epoch: 3 [481280/1281167 (38%)]	Loss: 3.094074
Train Epoch: 3 [486400/1281167 (38%)]	Loss: 3.105795
Train Epoch: 3 [491520/1281167 (38%)]	Loss: 2.875156
Train Epoch: 3 [496640/1281167 (39%)]	Loss: 3.219005
Train Epoch: 3 [501760/1281167 (39%)]	Loss: 3.372491
Train Epoch: 3 [506880/1281167 (40%)]	Loss: 3.504301
Train Epoch: 3 [512000/1281167 (40%)]	Loss: 3.032710
Train Epoch: 3 [517120/1281167 (40%)]	Loss: 3.484526
Train Epoch: 3 [522240/1281167 (41%)]	Loss: 3.305454
Train Epoch: 3 [527360/1281167 (41%)]	Loss: 3.526755
Train Epoch: 3 [532480/1281167 (42%)]	Loss: 3.253081
Train Epoch: 3 [537600/1281167 (42%)]	Loss: 3.293687
Train Epoch: 3 [542720/1281167 (42%)]	Loss: 3.054549
Train Epoch: 3 [547840/1281167 (43%)]	Loss: 3.381444
Train Epoch: 3 [552960/1281167 (43%)]	Loss: 3.238858
Train Epoch: 3 [558080/1281167 (44%)]	Loss: 3.323263
Train Epoch: 3 [563200/1281167 (44%)]	Loss: 3.056640
Train Epoch: 3 [568320/1281167 (44%)]	Loss: 3.432556
Train Epoch: 3 [573440/1281167 (45%)]	Loss: 3.136293
Train Epoch: 3 [578560/1281167 (45%)]	Loss: 3.077110
Train Epoch: 3 [583680/1281167 (46%)]	Loss: 3.562207
Train Epoch: 3 [588800/1281167 (46%)]	Loss: 3.310881
Train Epoch: 3 [593920/1281167 (46%)]	Loss: 3.259610
Train Epoch: 3 [599040/1281167 (47%)]	Loss: 3.340254
Train Epoch: 3 [604160/1281167 (47%)]	Loss: 2.923481
Train Epoch: 3 [609280/1281167 (48%)]	Loss: 3.533459
Train Epoch: 3 [614400/1281167 (48%)]	Loss: 2.836846
Train Epoch: 3 [619520/1281167 (48%)]	Loss: 2.973151
Train Epoch: 3 [624640/1281167 (49%)]	Loss: 3.221503
Train Epoch: 3 [629760/1281167 (49%)]	Loss: 3.675805
Train Epoch: 3 [634880/1281167 (50%)]	Loss: 3.254731
Train Epoch: 3 [640000/1281167 (50%)]	Loss: 2.994294
Train Epoch: 3 [645120/1281167 (50%)]	Loss: 3.096635
Train Epoch: 3 [650240/1281167 (51%)]	Loss: 3.249697
Train Epoch: 3 [655360/1281167 (51%)]	Loss: 3.210846
Train Epoch: 3 [660480/1281167 (52%)]	Loss: 3.503755
Train Epoch: 3 [665600/1281167 (52%)]	Loss: 3.137494
Train Epoch: 3 [670720/1281167 (52%)]	Loss: 3.428658
Train Epoch: 3 [675840/1281167 (53%)]	Loss: 3.144715
Train Epoch: 3 [680960/1281167 (53%)]	Loss: 3.438175
Train Epoch: 3 [686080/1281167 (54%)]	Loss: 3.474427
Train Epoch: 3 [691200/1281167 (54%)]	Loss: 2.882773
Train Epoch: 3 [696320/1281167 (54%)]	Loss: 3.105252
Train Epoch: 3 [701440/1281167 (55%)]	Loss: 2.871370
Train Epoch: 3 [706560/1281167 (55%)]	Loss: 3.014254
Train Epoch: 3 [711680/1281167 (56%)]	Loss: 3.299199
Train Epoch: 3 [716800/1281167 (56%)]	Loss: 3.175379
Train Epoch: 3 [721920/1281167 (56%)]	Loss: 3.185021
Train Epoch: 3 [727040/1281167 (57%)]	Loss: 2.999843
Train Epoch: 3 [732160/1281167 (57%)]	Loss: 3.595772
Train Epoch: 3 [737280/1281167 (58%)]	Loss: 3.243048
Train Epoch: 3 [742400/1281167 (58%)]	Loss: 3.469946
Train Epoch: 3 [747520/1281167 (58%)]	Loss: 3.256179
Train Epoch: 3 [752640/1281167 (59%)]	Loss: 2.808164
Train Epoch: 3 [757760/1281167 (59%)]	Loss: 3.314217
Train Epoch: 3 [762880/1281167 (60%)]	Loss: 3.204205
Train Epoch: 3 [768000/1281167 (60%)]	Loss: 3.304186
Train Epoch: 3 [773120/1281167 (60%)]	Loss: 3.176183
Train Epoch: 3 [778240/1281167 (61%)]	Loss: 3.185051
Train Epoch: 3 [783360/1281167 (61%)]	Loss: 2.788114
Train Epoch: 3 [788480/1281167 (62%)]	Loss: 3.222641
Train Epoch: 3 [793600/1281167 (62%)]	Loss: 3.031843
Train Epoch: 3 [798720/1281167 (62%)]	Loss: 2.773959
Train Epoch: 3 [803840/1281167 (63%)]	Loss: 2.965724
Train Epoch: 3 [808960/1281167 (63%)]	Loss: 2.802241
Train Epoch: 3 [814080/1281167 (64%)]	Loss: 3.080083
Train Epoch: 3 [819200/1281167 (64%)]	Loss: 3.153869
Train Epoch: 3 [824320/1281167 (64%)]	Loss: 2.963683
Train Epoch: 3 [829440/1281167 (65%)]	Loss: 3.094882
Train Epoch: 3 [834560/1281167 (65%)]	Loss: 3.125980
Train Epoch: 3 [839680/1281167 (66%)]	Loss: 3.207806
Train Epoch: 3 [844800/1281167 (66%)]	Loss: 2.923126
Train Epoch: 3 [849920/1281167 (66%)]	Loss: 3.150904
Train Epoch: 3 [855040/1281167 (67%)]	Loss: 2.939364
Train Epoch: 3 [860160/1281167 (67%)]	Loss: 3.368880
Train Epoch: 3 [865280/1281167 (68%)]	Loss: 3.039712
Train Epoch: 3 [870400/1281167 (68%)]	Loss: 3.202955
Train Epoch: 3 [875520/1281167 (68%)]	Loss: 3.223439
Train Epoch: 3 [880640/1281167 (69%)]	Loss: 3.130324
Train Epoch: 3 [885760/1281167 (69%)]	Loss: 2.837106
Train Epoch: 3 [890880/1281167 (70%)]	Loss: 3.491606
Train Epoch: 3 [896000/1281167 (70%)]	Loss: 2.863868
Train Epoch: 3 [901120/1281167 (70%)]	Loss: 3.237879
Train Epoch: 3 [906240/1281167 (71%)]	Loss: 3.395200
Train Epoch: 3 [911360/1281167 (71%)]	Loss: 2.968253
Train Epoch: 3 [916480/1281167 (72%)]	Loss: 3.175008
Train Epoch: 3 [921600/1281167 (72%)]	Loss: 3.618975
Train Epoch: 3 [926720/1281167 (72%)]	Loss: 3.363204
Train Epoch: 3 [931840/1281167 (73%)]	Loss: 2.868590
Train Epoch: 3 [936960/1281167 (73%)]	Loss: 3.202524
Train Epoch: 3 [942080/1281167 (74%)]	Loss: 2.680996
Train Epoch: 3 [947200/1281167 (74%)]	Loss: 2.907034
Train Epoch: 3 [952320/1281167 (74%)]	Loss: 3.538946
Train Epoch: 3 [957440/1281167 (75%)]	Loss: 3.223673
Train Epoch: 3 [962560/1281167 (75%)]	Loss: 3.046859
Train Epoch: 3 [967680/1281167 (76%)]	Loss: 3.045310
Train Epoch: 3 [972800/1281167 (76%)]	Loss: 2.988566
Train Epoch: 3 [977920/1281167 (76%)]	Loss: 3.187586
Train Epoch: 3 [983040/1281167 (77%)]	Loss: 3.403682
Train Epoch: 3 [988160/1281167 (77%)]	Loss: 3.159163
Train Epoch: 3 [993280/1281167 (78%)]	Loss: 3.429586
Train Epoch: 3 [998400/1281167 (78%)]	Loss: 3.189355
Train Epoch: 3 [1003520/1281167 (78%)]	Loss: 3.370813
Train Epoch: 3 [1008640/1281167 (79%)]	Loss: 3.390256
Train Epoch: 3 [1013760/1281167 (79%)]	Loss: 3.027862
Train Epoch: 3 [1018880/1281167 (80%)]	Loss: 2.841012
Train Epoch: 3 [1024000/1281167 (80%)]	Loss: 3.009489
Train Epoch: 3 [1029120/1281167 (80%)]	Loss: 2.990378
Train Epoch: 3 [1034240/1281167 (81%)]	Loss: 3.339319
Train Epoch: 3 [1039360/1281167 (81%)]	Loss: 2.994041
Train Epoch: 3 [1044480/1281167 (82%)]	Loss: 3.337923
Train Epoch: 3 [1049600/1281167 (82%)]	Loss: 3.332861
Train Epoch: 3 [1054720/1281167 (82%)]	Loss: 3.180927
Train Epoch: 3 [1059840/1281167 (83%)]	Loss: 3.237394
Train Epoch: 3 [1064960/1281167 (83%)]	Loss: 3.368425
Train Epoch: 3 [1070080/1281167 (83%)]	Loss: 3.502260
Train Epoch: 3 [1075200/1281167 (84%)]	Loss: 3.117169
Train Epoch: 3 [1080320/1281167 (84%)]	Loss: 2.768001
Train Epoch: 3 [1085440/1281167 (85%)]	Loss: 2.947145
Train Epoch: 3 [1090560/1281167 (85%)]	Loss: 3.041194
Train Epoch: 3 [1095680/1281167 (85%)]	Loss: 3.260314
Train Epoch: 3 [1100800/1281167 (86%)]	Loss: 3.044331
Train Epoch: 3 [1105920/1281167 (86%)]	Loss: 2.873359
Train Epoch: 3 [1111040/1281167 (87%)]	Loss: 3.009239
Train Epoch: 3 [1116160/1281167 (87%)]	Loss: 3.105086
Train Epoch: 3 [1121280/1281167 (87%)]	Loss: 2.955539
Train Epoch: 3 [1126400/1281167 (88%)]	Loss: 3.024223
Train Epoch: 3 [1131520/1281167 (88%)]	Loss: 3.032892
Train Epoch: 3 [1136640/1281167 (89%)]	Loss: 2.663118
Train Epoch: 3 [1141760/1281167 (89%)]	Loss: 3.040540
Train Epoch: 3 [1146880/1281167 (89%)]	Loss: 2.813439
Train Epoch: 3 [1152000/1281167 (90%)]	Loss: 2.895365
Train Epoch: 3 [1157120/1281167 (90%)]	Loss: 3.182157
Train Epoch: 3 [1162240/1281167 (91%)]	Loss: 2.793174
Train Epoch: 3 [1167360/1281167 (91%)]	Loss: 2.990146
Train Epoch: 3 [1172480/1281167 (91%)]	Loss: 3.011310
Train Epoch: 3 [1177600/1281167 (92%)]	Loss: 2.856384
Train Epoch: 3 [1182720/1281167 (92%)]	Loss: 3.054108
Train Epoch: 3 [1187840/1281167 (93%)]	Loss: 2.796523
Train Epoch: 3 [1192960/1281167 (93%)]	Loss: 2.835299
Train Epoch: 3 [1198080/1281167 (93%)]	Loss: 3.234636
Train Epoch: 3 [1203200/1281167 (94%)]	Loss: 3.105186
Train Epoch: 3 [1208320/1281167 (94%)]	Loss: 3.175484
Train Epoch: 3 [1213440/1281167 (95%)]	Loss: 2.944711
Train Epoch: 3 [1218560/1281167 (95%)]	Loss: 3.020315
Train Epoch: 3 [1223680/1281167 (95%)]	Loss: 3.127632
Train Epoch: 3 [1228800/1281167 (96%)]	Loss: 3.203031
Train Epoch: 3 [1233920/1281167 (96%)]	Loss: 2.995702
Train Epoch: 3 [1239040/1281167 (97%)]	Loss: 2.843197
Train Epoch: 3 [1244160/1281167 (97%)]	Loss: 3.045457
Train Epoch: 3 [1249280/1281167 (97%)]	Loss: 2.809930
Train Epoch: 3 [1254400/1281167 (98%)]	Loss: 3.077642
Train Epoch: 3 [1259520/1281167 (98%)]	Loss: 3.231678
Train Epoch: 3 [1264640/1281167 (99%)]	Loss: 2.893464
Train Epoch: 3 [1269760/1281167 (99%)]	Loss: 3.122541
Train Epoch: 3 [1274880/1281167 (99%)]	Loss: 2.989917
Train Epoch: 3 [1280000/1281167 (100%)]	Loss: 3.049750
Train Epoch: 3	Loss: 3.2063	Acc: 32.77%	Time: 625.06s
Validation Epoch: 3	Loss: 2.8081	Acc: 38.56%	Time: 60.91s
保存最佳模型, 精度: 38.56%

训练完成!
最佳验证准确率: 38.56%
平均每个epoch训练时间: 655.39秒
平均每个epoch验证时间: 55.77秒
