nohup: ignoring input
使用 4 个 GPU 进行训练
批次大小: 128 (每个GPU), 全局批次大小: 512
数据集大小: 1281167 训练样本, 50000 验证样本
模型参数量: 25.56M

--- Epoch 1/3 ---
Train Epoch: 1 [0/1281167 (0%)]	Loss: 7.0623	Acc: 0.00%
Train Epoch: 1 [1280/1281167 (0%)]	Loss: 7.0727	Acc: 0.07%
Train Epoch: 1 [2560/1281167 (1%)]	Loss: 7.0583	Acc: 0.11%
Train Epoch: 1 [3840/1281167 (1%)]	Loss: 7.0661	Acc: 0.08%
Train Epoch: 1 [5120/1281167 (2%)]	Loss: 7.0865	Acc: 0.08%
Train Epoch: 1 [6400/1281167 (2%)]	Loss: 7.1073	Acc: 0.11%
Train Epoch: 1 [7680/1281167 (2%)]	Loss: 7.1495	Acc: 0.09%
Train Epoch: 1 [8960/1281167 (3%)]	Loss: 7.1841	Acc: 0.11%
Train Epoch: 1 [10240/1281167 (3%)]	Loss: 7.1984	Acc: 0.13%
Train Epoch: 1 [11520/1281167 (4%)]	Loss: 7.1965	Acc: 0.12%
Train Epoch: 1 [12800/1281167 (4%)]	Loss: 7.1965	Acc: 0.12%
Train Epoch: 1 [14080/1281167 (4%)]	Loss: 7.1977	Acc: 0.13%
Train Epoch: 1 [15360/1281167 (5%)]	Loss: 7.2081	Acc: 0.12%
Train Epoch: 1 [16640/1281167 (5%)]	Loss: 7.1915	Acc: 0.13%
Train Epoch: 1 [17920/1281167 (6%)]	Loss: 7.1838	Acc: 0.13%
Train Epoch: 1 [19200/1281167 (6%)]	Loss: 7.1785	Acc: 0.12%
Train Epoch: 1 [20480/1281167 (6%)]	Loss: 7.1717	Acc: 0.12%
Train Epoch: 1 [21760/1281167 (7%)]	Loss: 7.1628	Acc: 0.11%
Train Epoch: 1 [23040/1281167 (7%)]	Loss: 7.1537	Acc: 0.12%
Train Epoch: 1 [24320/1281167 (8%)]	Loss: 7.1457	Acc: 0.12%
Train Epoch: 1 [25600/1281167 (8%)]	Loss: 7.1357	Acc: 0.12%
Train Epoch: 1 [26880/1281167 (8%)]	Loss: 7.1317	Acc: 0.11%
Train Epoch: 1 [28160/1281167 (9%)]	Loss: 7.1246	Acc: 0.11%
Train Epoch: 1 [29440/1281167 (9%)]	Loss: 7.1181	Acc: 0.12%
Train Epoch: 1 [30720/1281167 (10%)]	Loss: 7.1111	Acc: 0.12%
Train Epoch: 1 [32000/1281167 (10%)]	Loss: 7.1036	Acc: 0.12%
Train Epoch: 1 [33280/1281167 (10%)]	Loss: 7.0970	Acc: 0.12%
Train Epoch: 1 [34560/1281167 (11%)]	Loss: 7.0899	Acc: 0.12%
Train Epoch: 1 [35840/1281167 (11%)]	Loss: 7.0835	Acc: 0.12%
Train Epoch: 1 [37120/1281167 (12%)]	Loss: 7.0776	Acc: 0.11%
Train Epoch: 1 [38400/1281167 (12%)]	Loss: 7.0710	Acc: 0.12%
Train Epoch: 1 [39680/1281167 (12%)]	Loss: 7.0653	Acc: 0.12%
Train Epoch: 1 [40960/1281167 (13%)]	Loss: 7.0604	Acc: 0.12%
Train Epoch: 1 [42240/1281167 (13%)]	Loss: 7.0552	Acc: 0.12%
Train Epoch: 1 [43520/1281167 (14%)]	Loss: 7.0496	Acc: 0.13%
Train Epoch: 1 [44800/1281167 (14%)]	Loss: 7.0465	Acc: 0.13%
Train Epoch: 1 [46080/1281167 (14%)]	Loss: 7.0413	Acc: 0.13%
Train Epoch: 1 [47360/1281167 (15%)]	Loss: 7.0359	Acc: 0.14%
Train Epoch: 1 [48640/1281167 (15%)]	Loss: 7.0308	Acc: 0.14%
Train Epoch: 1 [49920/1281167 (16%)]	Loss: 7.0252	Acc: 0.15%
Train Epoch: 1 [51200/1281167 (16%)]	Loss: 7.0204	Acc: 0.15%
Train Epoch: 1 [52480/1281167 (16%)]	Loss: 7.0152	Acc: 0.16%
Train Epoch: 1 [53760/1281167 (17%)]	Loss: 7.0104	Acc: 0.17%
Train Epoch: 1 [55040/1281167 (17%)]	Loss: 7.0057	Acc: 0.18%
Train Epoch: 1 [56320/1281167 (18%)]	Loss: 7.0005	Acc: 0.18%
Train Epoch: 1 [57600/1281167 (18%)]	Loss: 6.9956	Acc: 0.19%
Train Epoch: 1 [58880/1281167 (18%)]	Loss: 6.9908	Acc: 0.19%
Train Epoch: 1 [60160/1281167 (19%)]	Loss: 6.9854	Acc: 0.20%
Train Epoch: 1 [61440/1281167 (19%)]	Loss: 6.9804	Acc: 0.20%
Train Epoch: 1 [62720/1281167 (20%)]	Loss: 6.9756	Acc: 0.21%
Train Epoch: 1 [64000/1281167 (20%)]	Loss: 6.9712	Acc: 0.21%
Train Epoch: 1 [65280/1281167 (20%)]	Loss: 6.9669	Acc: 0.21%
Train Epoch: 1 [66560/1281167 (21%)]	Loss: 6.9621	Acc: 0.22%
Train Epoch: 1 [67840/1281167 (21%)]	Loss: 6.9574	Acc: 0.22%
Train Epoch: 1 [69120/1281167 (22%)]	Loss: 6.9518	Acc: 0.23%
Train Epoch: 1 [70400/1281167 (22%)]	Loss: 6.9472	Acc: 0.23%
Train Epoch: 1 [71680/1281167 (22%)]	Loss: 6.9423	Acc: 0.24%
Train Epoch: 1 [72960/1281167 (23%)]	Loss: 6.9374	Acc: 0.24%
Train Epoch: 1 [74240/1281167 (23%)]	Loss: 6.9326	Acc: 0.24%
Train Epoch: 1 [75520/1281167 (24%)]	Loss: 6.9282	Acc: 0.25%
Train Epoch: 1 [76800/1281167 (24%)]	Loss: 6.9236	Acc: 0.25%
Train Epoch: 1 [78080/1281167 (24%)]	Loss: 6.9186	Acc: 0.25%
Train Epoch: 1 [79360/1281167 (25%)]	Loss: 6.9142	Acc: 0.26%
Train Epoch: 1 [80640/1281167 (25%)]	Loss: 6.9092	Acc: 0.26%
Train Epoch: 1 [81920/1281167 (26%)]	Loss: 6.9045	Acc: 0.27%
Train Epoch: 1 [83200/1281167 (26%)]	Loss: 6.9000	Acc: 0.28%
Train Epoch: 1 [84480/1281167 (26%)]	Loss: 6.8950	Acc: 0.28%
Train Epoch: 1 [85760/1281167 (27%)]	Loss: 6.8901	Acc: 0.29%
Train Epoch: 1 [87040/1281167 (27%)]	Loss: 6.8852	Acc: 0.30%
Train Epoch: 1 [88320/1281167 (28%)]	Loss: 6.8803	Acc: 0.31%
Train Epoch: 1 [89600/1281167 (28%)]	Loss: 6.8764	Acc: 0.32%
Train Epoch: 1 [90880/1281167 (28%)]	Loss: 6.8719	Acc: 0.32%
Train Epoch: 1 [92160/1281167 (29%)]	Loss: 6.8676	Acc: 0.33%
Train Epoch: 1 [93440/1281167 (29%)]	Loss: 6.8629	Acc: 0.34%
Train Epoch: 1 [94720/1281167 (30%)]	Loss: 6.8582	Acc: 0.34%
Train Epoch: 1 [96000/1281167 (30%)]	Loss: 6.8531	Acc: 0.35%
Train Epoch: 1 [97280/1281167 (30%)]	Loss: 6.8483	Acc: 0.37%
Train Epoch: 1 [98560/1281167 (31%)]	Loss: 6.8440	Acc: 0.37%
Train Epoch: 1 [99840/1281167 (31%)]	Loss: 6.8397	Acc: 0.37%
Train Epoch: 1 [101120/1281167 (32%)]	Loss: 6.8350	Acc: 0.39%
Train Epoch: 1 [102400/1281167 (32%)]	Loss: 6.8303	Acc: 0.40%
Train Epoch: 1 [103680/1281167 (32%)]	Loss: 6.8257	Acc: 0.40%
Train Epoch: 1 [104960/1281167 (33%)]	Loss: 6.8214	Acc: 0.41%
Train Epoch: 1 [106240/1281167 (33%)]	Loss: 6.8166	Acc: 0.41%
Train Epoch: 1 [107520/1281167 (34%)]	Loss: 6.8121	Acc: 0.42%
Train Epoch: 1 [108800/1281167 (34%)]	Loss: 6.8072	Acc: 0.43%
Train Epoch: 1 [110080/1281167 (34%)]	Loss: 6.8025	Acc: 0.43%
Train Epoch: 1 [111360/1281167 (35%)]	Loss: 6.7981	Acc: 0.44%
Train Epoch: 1 [112640/1281167 (35%)]	Loss: 6.7944	Acc: 0.44%
Train Epoch: 1 [113920/1281167 (36%)]	Loss: 6.7903	Acc: 0.45%
Train Epoch: 1 [115200/1281167 (36%)]	Loss: 6.7864	Acc: 0.46%
Train Epoch: 1 [116480/1281167 (36%)]	Loss: 6.7825	Acc: 0.47%
Train Epoch: 1 [117760/1281167 (37%)]	Loss: 6.7782	Acc: 0.48%
Train Epoch: 1 [119040/1281167 (37%)]	Loss: 6.7740	Acc: 0.48%
Train Epoch: 1 [120320/1281167 (38%)]	Loss: 6.7703	Acc: 0.49%
Train Epoch: 1 [121600/1281167 (38%)]	Loss: 6.7663	Acc: 0.49%
Train Epoch: 1 [122880/1281167 (38%)]	Loss: 6.7623	Acc: 0.50%
Train Epoch: 1 [124160/1281167 (39%)]	Loss: 6.7582	Acc: 0.51%
Train Epoch: 1 [125440/1281167 (39%)]	Loss: 6.7539	Acc: 0.52%
Train Epoch: 1 [126720/1281167 (40%)]	Loss: 6.7496	Acc: 0.53%
Train Epoch: 1 [128000/1281167 (40%)]	Loss: 6.7458	Acc: 0.53%
Train Epoch: 1 [129280/1281167 (40%)]	Loss: 6.7417	Acc: 0.54%
Train Epoch: 1 [130560/1281167 (41%)]	Loss: 6.7375	Acc: 0.55%
Train Epoch: 1 [131840/1281167 (41%)]	Loss: 6.7338	Acc: 0.56%
Train Epoch: 1 [133120/1281167 (42%)]	Loss: 6.7293	Acc: 0.56%
Train Epoch: 1 [134400/1281167 (42%)]	Loss: 6.7248	Acc: 0.57%
Train Epoch: 1 [135680/1281167 (42%)]	Loss: 6.7211	Acc: 0.58%
Train Epoch: 1 [136960/1281167 (43%)]	Loss: 6.7171	Acc: 0.59%
Train Epoch: 1 [138240/1281167 (43%)]	Loss: 6.7130	Acc: 0.60%
Train Epoch: 1 [139520/1281167 (44%)]	Loss: 6.7094	Acc: 0.60%
Train Epoch: 1 [140800/1281167 (44%)]	Loss: 6.7054	Acc: 0.61%
Train Epoch: 1 [142080/1281167 (44%)]	Loss: 6.7012	Acc: 0.61%
Train Epoch: 1 [143360/1281167 (45%)]	Loss: 6.6971	Acc: 0.62%
Train Epoch: 1 [144640/1281167 (45%)]	Loss: 6.6926	Acc: 0.64%
Train Epoch: 1 [145920/1281167 (46%)]	Loss: 6.6885	Acc: 0.65%
Train Epoch: 1 [147200/1281167 (46%)]	Loss: 6.6844	Acc: 0.66%
Train Epoch: 1 [148480/1281167 (46%)]	Loss: 6.6803	Acc: 0.67%
Train Epoch: 1 [149760/1281167 (47%)]	Loss: 6.6758	Acc: 0.68%
Train Epoch: 1 [151040/1281167 (47%)]	Loss: 6.6720	Acc: 0.68%
Train Epoch: 1 [152320/1281167 (48%)]	Loss: 6.6682	Acc: 0.69%
Train Epoch: 1 [153600/1281167 (48%)]	Loss: 6.6644	Acc: 0.69%
Train Epoch: 1 [154880/1281167 (48%)]	Loss: 6.6606	Acc: 0.70%
Train Epoch: 1 [156160/1281167 (49%)]	Loss: 6.6565	Acc: 0.70%
Train Epoch: 1 [157440/1281167 (49%)]	Loss: 6.6522	Acc: 0.72%
Train Epoch: 1 [158720/1281167 (50%)]	Loss: 6.6484	Acc: 0.72%
Train Epoch: 1 [160000/1281167 (50%)]	Loss: 6.6445	Acc: 0.73%
Train Epoch: 1 [161280/1281167 (50%)]	Loss: 6.6400	Acc: 0.74%
Train Epoch: 1 [162560/1281167 (51%)]	Loss: 6.6357	Acc: 0.74%
Train Epoch: 1 [163840/1281167 (51%)]	Loss: 6.6316	Acc: 0.76%
Train Epoch: 1 [165120/1281167 (52%)]	Loss: 6.6284	Acc: 0.76%
Train Epoch: 1 [166400/1281167 (52%)]	Loss: 6.6247	Acc: 0.77%
Train Epoch: 1 [167680/1281167 (52%)]	Loss: 6.6208	Acc: 0.79%
Train Epoch: 1 [168960/1281167 (53%)]	Loss: 6.6166	Acc: 0.80%
Train Epoch: 1 [170240/1281167 (53%)]	Loss: 6.6127	Acc: 0.81%
Train Epoch: 1 [171520/1281167 (54%)]	Loss: 6.6087	Acc: 0.81%
Train Epoch: 1 [172800/1281167 (54%)]	Loss: 6.6046	Acc: 0.82%
Train Epoch: 1 [174080/1281167 (54%)]	Loss: 6.6003	Acc: 0.82%
Train Epoch: 1 [175360/1281167 (55%)]	Loss: 6.5960	Acc: 0.83%
Train Epoch: 1 [176640/1281167 (55%)]	Loss: 6.5921	Acc: 0.84%
Train Epoch: 1 [177920/1281167 (56%)]	Loss: 6.5881	Acc: 0.85%
Train Epoch: 1 [179200/1281167 (56%)]	Loss: 6.5842	Acc: 0.86%
Train Epoch: 1 [180480/1281167 (56%)]	Loss: 6.5805	Acc: 0.87%
Train Epoch: 1 [181760/1281167 (57%)]	Loss: 6.5763	Acc: 0.89%
Train Epoch: 1 [183040/1281167 (57%)]	Loss: 6.5721	Acc: 0.90%
Train Epoch: 1 [184320/1281167 (58%)]	Loss: 6.5683	Acc: 0.91%
Train Epoch: 1 [185600/1281167 (58%)]	Loss: 6.5644	Acc: 0.93%
Train Epoch: 1 [186880/1281167 (58%)]	Loss: 6.5605	Acc: 0.94%
Train Epoch: 1 [188160/1281167 (59%)]	Loss: 6.5569	Acc: 0.94%
Train Epoch: 1 [189440/1281167 (59%)]	Loss: 6.5527	Acc: 0.95%
Train Epoch: 1 [190720/1281167 (60%)]	Loss: 6.5483	Acc: 0.96%
Train Epoch: 1 [192000/1281167 (60%)]	Loss: 6.5446	Acc: 0.97%
Train Epoch: 1 [193280/1281167 (60%)]	Loss: 6.5405	Acc: 0.98%
Train Epoch: 1 [194560/1281167 (61%)]	Loss: 6.5370	Acc: 0.99%
Train Epoch: 1 [195840/1281167 (61%)]	Loss: 6.5328	Acc: 1.00%
Train Epoch: 1 [197120/1281167 (62%)]	Loss: 6.5286	Acc: 1.02%
Train Epoch: 1 [198400/1281167 (62%)]	Loss: 6.5249	Acc: 1.03%
Train Epoch: 1 [199680/1281167 (62%)]	Loss: 6.5213	Acc: 1.03%
Train Epoch: 1 [200960/1281167 (63%)]	Loss: 6.5177	Acc: 1.04%
Train Epoch: 1 [202240/1281167 (63%)]	Loss: 6.5136	Acc: 1.06%
Train Epoch: 1 [203520/1281167 (64%)]	Loss: 6.5098	Acc: 1.07%
Train Epoch: 1 [204800/1281167 (64%)]	Loss: 6.5066	Acc: 1.08%
Train Epoch: 1 [206080/1281167 (64%)]	Loss: 6.5028	Acc: 1.09%
Train Epoch: 1 [207360/1281167 (65%)]	Loss: 6.4993	Acc: 1.10%
Train Epoch: 1 [208640/1281167 (65%)]	Loss: 6.4952	Acc: 1.12%
Train Epoch: 1 [209920/1281167 (66%)]	Loss: 6.4914	Acc: 1.14%
Train Epoch: 1 [211200/1281167 (66%)]	Loss: 6.4875	Acc: 1.15%
Train Epoch: 1 [212480/1281167 (66%)]	Loss: 6.4834	Acc: 1.17%
Train Epoch: 1 [213760/1281167 (67%)]	Loss: 6.4798	Acc: 1.18%
Train Epoch: 1 [215040/1281167 (67%)]	Loss: 6.4757	Acc: 1.19%
Train Epoch: 1 [216320/1281167 (68%)]	Loss: 6.4722	Acc: 1.21%
Train Epoch: 1 [217600/1281167 (68%)]	Loss: 6.4685	Acc: 1.22%
Train Epoch: 1 [218880/1281167 (68%)]	Loss: 6.4648	Acc: 1.23%
Train Epoch: 1 [220160/1281167 (69%)]	Loss: 6.4610	Acc: 1.25%
Train Epoch: 1 [221440/1281167 (69%)]	Loss: 6.4571	Acc: 1.27%
Train Epoch: 1 [222720/1281167 (70%)]	Loss: 6.4532	Acc: 1.28%
Train Epoch: 1 [224000/1281167 (70%)]	Loss: 6.4494	Acc: 1.29%
Train Epoch: 1 [225280/1281167 (70%)]	Loss: 6.4457	Acc: 1.30%
Train Epoch: 1 [226560/1281167 (71%)]	Loss: 6.4419	Acc: 1.31%
Train Epoch: 1 [227840/1281167 (71%)]	Loss: 6.4381	Acc: 1.33%
Train Epoch: 1 [229120/1281167 (72%)]	Loss: 6.4346	Acc: 1.34%
Train Epoch: 1 [230400/1281167 (72%)]	Loss: 6.4312	Acc: 1.35%
Train Epoch: 1 [231680/1281167 (72%)]	Loss: 6.4273	Acc: 1.36%
Train Epoch: 1 [232960/1281167 (73%)]	Loss: 6.4239	Acc: 1.37%
Train Epoch: 1 [234240/1281167 (73%)]	Loss: 6.4201	Acc: 1.38%
Train Epoch: 1 [235520/1281167 (74%)]	Loss: 6.4163	Acc: 1.39%
Train Epoch: 1 [236800/1281167 (74%)]	Loss: 6.4129	Acc: 1.41%
Train Epoch: 1 [238080/1281167 (74%)]	Loss: 6.4092	Acc: 1.41%
Train Epoch: 1 [239360/1281167 (75%)]	Loss: 6.4056	Acc: 1.43%
Train Epoch: 1 [240640/1281167 (75%)]	Loss: 6.4019	Acc: 1.44%
Train Epoch: 1 [241920/1281167 (76%)]	Loss: 6.3984	Acc: 1.46%
Train Epoch: 1 [243200/1281167 (76%)]	Loss: 6.3946	Acc: 1.47%
Train Epoch: 1 [244480/1281167 (76%)]	Loss: 6.3909	Acc: 1.49%
Train Epoch: 1 [245760/1281167 (77%)]	Loss: 6.3872	Acc: 1.50%
Train Epoch: 1 [247040/1281167 (77%)]	Loss: 6.3837	Acc: 1.52%
Train Epoch: 1 [248320/1281167 (78%)]	Loss: 6.3801	Acc: 1.53%
Train Epoch: 1 [249600/1281167 (78%)]	Loss: 6.3767	Acc: 1.54%
Train Epoch: 1 [250880/1281167 (78%)]	Loss: 6.3730	Acc: 1.55%
Train Epoch: 1 [252160/1281167 (79%)]	Loss: 6.3693	Acc: 1.56%
Train Epoch: 1 [253440/1281167 (79%)]	Loss: 6.3656	Acc: 1.57%
Train Epoch: 1 [254720/1281167 (80%)]	Loss: 6.3617	Acc: 1.59%
Train Epoch: 1 [256000/1281167 (80%)]	Loss: 6.3577	Acc: 1.61%
Train Epoch: 1 [257280/1281167 (80%)]	Loss: 6.3538	Acc: 1.62%
Train Epoch: 1 [258560/1281167 (81%)]	Loss: 6.3501	Acc: 1.64%
Train Epoch: 1 [259840/1281167 (81%)]	Loss: 6.3469	Acc: 1.64%
Train Epoch: 1 [261120/1281167 (82%)]	Loss: 6.3433	Acc: 1.66%
Train Epoch: 1 [262400/1281167 (82%)]	Loss: 6.3397	Acc: 1.68%
Train Epoch: 1 [263680/1281167 (82%)]	Loss: 6.3364	Acc: 1.69%
Train Epoch: 1 [264960/1281167 (83%)]	Loss: 6.3326	Acc: 1.70%
Train Epoch: 1 [266240/1281167 (83%)]	Loss: 6.3293	Acc: 1.71%
Train Epoch: 1 [267520/1281167 (83%)]	Loss: 6.3253	Acc: 1.73%
Train Epoch: 1 [268800/1281167 (84%)]	Loss: 6.3216	Acc: 1.74%
Train Epoch: 1 [270080/1281167 (84%)]	Loss: 6.3184	Acc: 1.76%
Train Epoch: 1 [271360/1281167 (85%)]	Loss: 6.3147	Acc: 1.77%
Train Epoch: 1 [272640/1281167 (85%)]	Loss: 6.3108	Acc: 1.79%
Train Epoch: 1 [273920/1281167 (85%)]	Loss: 6.3074	Acc: 1.80%
Train Epoch: 1 [275200/1281167 (86%)]	Loss: 6.3036	Acc: 1.82%
Train Epoch: 1 [276480/1281167 (86%)]	Loss: 6.3002	Acc: 1.84%
Train Epoch: 1 [277760/1281167 (87%)]	Loss: 6.2969	Acc: 1.85%
Train Epoch: 1 [279040/1281167 (87%)]	Loss: 6.2932	Acc: 1.87%
Train Epoch: 1 [280320/1281167 (87%)]	Loss: 6.2897	Acc: 1.89%
Train Epoch: 1 [281600/1281167 (88%)]	Loss: 6.2857	Acc: 1.90%
Train Epoch: 1 [282880/1281167 (88%)]	Loss: 6.2821	Acc: 1.92%
Train Epoch: 1 [284160/1281167 (89%)]	Loss: 6.2785	Acc: 1.93%
Train Epoch: 1 [285440/1281167 (89%)]	Loss: 6.2750	Acc: 1.94%
Train Epoch: 1 [286720/1281167 (89%)]	Loss: 6.2710	Acc: 1.96%
Train Epoch: 1 [288000/1281167 (90%)]	Loss: 6.2679	Acc: 1.97%
Train Epoch: 1 [289280/1281167 (90%)]	Loss: 6.2646	Acc: 1.99%
Train Epoch: 1 [290560/1281167 (91%)]	Loss: 6.2611	Acc: 2.01%
Train Epoch: 1 [291840/1281167 (91%)]	Loss: 6.2575	Acc: 2.02%
Train Epoch: 1 [293120/1281167 (91%)]	Loss: 6.2539	Acc: 2.04%
Train Epoch: 1 [294400/1281167 (92%)]	Loss: 6.2500	Acc: 2.05%
Train Epoch: 1 [295680/1281167 (92%)]	Loss: 6.2463	Acc: 2.07%
Train Epoch: 1 [296960/1281167 (93%)]	Loss: 6.2426	Acc: 2.09%
Train Epoch: 1 [298240/1281167 (93%)]	Loss: 6.2389	Acc: 2.10%
Train Epoch: 1 [299520/1281167 (93%)]	Loss: 6.2353	Acc: 2.12%
Train Epoch: 1 [300800/1281167 (94%)]	Loss: 6.2320	Acc: 2.14%
Train Epoch: 1 [302080/1281167 (94%)]	Loss: 6.2283	Acc: 2.16%
Train Epoch: 1 [303360/1281167 (95%)]	Loss: 6.2244	Acc: 2.17%
Train Epoch: 1 [304640/1281167 (95%)]	Loss: 6.2214	Acc: 2.18%
Train Epoch: 1 [305920/1281167 (95%)]	Loss: 6.2175	Acc: 2.20%
Train Epoch: 1 [307200/1281167 (96%)]	Loss: 6.2141	Acc: 2.22%
Train Epoch: 1 [308480/1281167 (96%)]	Loss: 6.2107	Acc: 2.23%
Train Epoch: 1 [309760/1281167 (97%)]	Loss: 6.2073	Acc: 2.25%
Train Epoch: 1 [311040/1281167 (97%)]	Loss: 6.2038	Acc: 2.27%
Train Epoch: 1 [312320/1281167 (97%)]	Loss: 6.2002	Acc: 2.28%
Train Epoch: 1 [313600/1281167 (98%)]	Loss: 6.1967	Acc: 2.30%
Train Epoch: 1 [314880/1281167 (98%)]	Loss: 6.1932	Acc: 2.31%
Train Epoch: 1 [316160/1281167 (99%)]	Loss: 6.1898	Acc: 2.33%
Train Epoch: 1 [317440/1281167 (99%)]	Loss: 6.1863	Acc: 2.34%
Train Epoch: 1 [318720/1281167 (99%)]	Loss: 6.1831	Acc: 2.36%
Train Epoch: 1 [320000/1281167 (100%)]	Loss: 6.1795	Acc: 2.38%
Train Epoch: 1	Loss: 6.1790	Acc: 2.39%	Time: 422.28s
Validation Epoch: 1	Loss: 1.2809	Acc: 1.96%	Time: 38.87s
保存最佳模型, 精度: 1.96%

--- Epoch 2/3 ---
Train Epoch: 2 [0/1281167 (0%)]	Loss: 5.4298	Acc: 5.47%
Train Epoch: 2 [1280/1281167 (0%)]	Loss: 5.2535	Acc: 6.89%
Train Epoch: 2 [2560/1281167 (1%)]	Loss: 5.2583	Acc: 6.62%
Train Epoch: 2 [3840/1281167 (1%)]	Loss: 5.2698	Acc: 6.65%
Train Epoch: 2 [5120/1281167 (2%)]	Loss: 5.2889	Acc: 6.90%
Train Epoch: 2 [6400/1281167 (2%)]	Loss: 5.2715	Acc: 6.86%
Train Epoch: 2 [7680/1281167 (2%)]	Loss: 5.2803	Acc: 6.61%
Train Epoch: 2 [8960/1281167 (3%)]	Loss: 5.2808	Acc: 6.55%
Train Epoch: 2 [10240/1281167 (3%)]	Loss: 5.2803	Acc: 6.61%
Train Epoch: 2 [11520/1281167 (4%)]	Loss: 5.2769	Acc: 6.57%
Train Epoch: 2 [12800/1281167 (4%)]	Loss: 5.2838	Acc: 6.55%
Train Epoch: 2 [14080/1281167 (4%)]	Loss: 5.2829	Acc: 6.58%
Train Epoch: 2 [15360/1281167 (5%)]	Loss: 5.2793	Acc: 6.60%
Train Epoch: 2 [16640/1281167 (5%)]	Loss: 5.2814	Acc: 6.61%
Train Epoch: 2 [17920/1281167 (6%)]	Loss: 5.2815	Acc: 6.61%
Train Epoch: 2 [19200/1281167 (6%)]	Loss: 5.2806	Acc: 6.57%
Train Epoch: 2 [20480/1281167 (6%)]	Loss: 5.2836	Acc: 6.60%
Train Epoch: 2 [21760/1281167 (7%)]	Loss: 5.2817	Acc: 6.61%
Train Epoch: 2 [23040/1281167 (7%)]	Loss: 5.2768	Acc: 6.70%
Train Epoch: 2 [24320/1281167 (8%)]	Loss: 5.2744	Acc: 6.70%
Train Epoch: 2 [25600/1281167 (8%)]	Loss: 5.2723	Acc: 6.72%
Train Epoch: 2 [26880/1281167 (8%)]	Loss: 5.2656	Acc: 6.78%
Train Epoch: 2 [28160/1281167 (9%)]	Loss: 5.2639	Acc: 6.81%
Train Epoch: 2 [29440/1281167 (9%)]	Loss: 5.2604	Acc: 6.85%
Train Epoch: 2 [30720/1281167 (10%)]	Loss: 5.2592	Acc: 6.86%
Train Epoch: 2 [32000/1281167 (10%)]	Loss: 5.2553	Acc: 6.96%
Train Epoch: 2 [33280/1281167 (10%)]	Loss: 5.2532	Acc: 7.00%
Train Epoch: 2 [34560/1281167 (11%)]	Loss: 5.2510	Acc: 7.03%
Train Epoch: 2 [35840/1281167 (11%)]	Loss: 5.2462	Acc: 7.07%
Train Epoch: 2 [37120/1281167 (12%)]	Loss: 5.2452	Acc: 7.04%
Train Epoch: 2 [38400/1281167 (12%)]	Loss: 5.2430	Acc: 7.05%
Train Epoch: 2 [39680/1281167 (12%)]	Loss: 5.2402	Acc: 7.08%
Train Epoch: 2 [40960/1281167 (13%)]	Loss: 5.2393	Acc: 7.08%
Train Epoch: 2 [42240/1281167 (13%)]	Loss: 5.2375	Acc: 7.12%
Train Epoch: 2 [43520/1281167 (14%)]	Loss: 5.2353	Acc: 7.12%
Train Epoch: 2 [44800/1281167 (14%)]	Loss: 5.2320	Acc: 7.16%
Train Epoch: 2 [46080/1281167 (14%)]	Loss: 5.2307	Acc: 7.18%
Train Epoch: 2 [47360/1281167 (15%)]	Loss: 5.2293	Acc: 7.20%
Train Epoch: 2 [48640/1281167 (15%)]	Loss: 5.2304	Acc: 7.22%
Train Epoch: 2 [49920/1281167 (16%)]	Loss: 5.2275	Acc: 7.24%
Train Epoch: 2 [51200/1281167 (16%)]	Loss: 5.2268	Acc: 7.24%
Train Epoch: 2 [52480/1281167 (16%)]	Loss: 5.2249	Acc: 7.27%
Train Epoch: 2 [53760/1281167 (17%)]	Loss: 5.2216	Acc: 7.30%
Train Epoch: 2 [55040/1281167 (17%)]	Loss: 5.2187	Acc: 7.34%
Train Epoch: 2 [56320/1281167 (18%)]	Loss: 5.2148	Acc: 7.34%
Train Epoch: 2 [57600/1281167 (18%)]	Loss: 5.2126	Acc: 7.35%
Train Epoch: 2 [58880/1281167 (18%)]	Loss: 5.2093	Acc: 7.39%
Train Epoch: 2 [60160/1281167 (19%)]	Loss: 5.2069	Acc: 7.42%
Train Epoch: 2 [61440/1281167 (19%)]	Loss: 5.2035	Acc: 7.45%
Train Epoch: 2 [62720/1281167 (20%)]	Loss: 5.2000	Acc: 7.50%
Train Epoch: 2 [64000/1281167 (20%)]	Loss: 5.1962	Acc: 7.54%
Train Epoch: 2 [65280/1281167 (20%)]	Loss: 5.1959	Acc: 7.54%
Train Epoch: 2 [66560/1281167 (21%)]	Loss: 5.1925	Acc: 7.57%
Train Epoch: 2 [67840/1281167 (21%)]	Loss: 5.1876	Acc: 7.61%
Train Epoch: 2 [69120/1281167 (22%)]	Loss: 5.1853	Acc: 7.62%
Train Epoch: 2 [70400/1281167 (22%)]	Loss: 5.1822	Acc: 7.64%
Train Epoch: 2 [71680/1281167 (22%)]	Loss: 5.1789	Acc: 7.66%
Train Epoch: 2 [72960/1281167 (23%)]	Loss: 5.1754	Acc: 7.70%
Train Epoch: 2 [74240/1281167 (23%)]	Loss: 5.1725	Acc: 7.71%
Train Epoch: 2 [75520/1281167 (24%)]	Loss: 5.1692	Acc: 7.73%
Train Epoch: 2 [76800/1281167 (24%)]	Loss: 5.1687	Acc: 7.74%
Train Epoch: 2 [78080/1281167 (24%)]	Loss: 5.1663	Acc: 7.76%
Train Epoch: 2 [79360/1281167 (25%)]	Loss: 5.1659	Acc: 7.78%
Train Epoch: 2 [80640/1281167 (25%)]	Loss: 5.1626	Acc: 7.81%
Train Epoch: 2 [81920/1281167 (26%)]	Loss: 5.1615	Acc: 7.82%
Train Epoch: 2 [83200/1281167 (26%)]	Loss: 5.1578	Acc: 7.84%
Train Epoch: 2 [84480/1281167 (26%)]	Loss: 5.1556	Acc: 7.87%
Train Epoch: 2 [85760/1281167 (27%)]	Loss: 5.1540	Acc: 7.88%
Train Epoch: 2 [87040/1281167 (27%)]	Loss: 5.1509	Acc: 7.91%
Train Epoch: 2 [88320/1281167 (28%)]	Loss: 5.1500	Acc: 7.93%
Train Epoch: 2 [89600/1281167 (28%)]	Loss: 5.1484	Acc: 7.94%
Train Epoch: 2 [90880/1281167 (28%)]	Loss: 5.1471	Acc: 7.94%
Train Epoch: 2 [92160/1281167 (29%)]	Loss: 5.1452	Acc: 7.97%
Train Epoch: 2 [93440/1281167 (29%)]	Loss: 5.1439	Acc: 8.00%
Train Epoch: 2 [94720/1281167 (30%)]	Loss: 5.1419	Acc: 8.01%
Train Epoch: 2 [96000/1281167 (30%)]	Loss: 5.1409	Acc: 8.02%
Train Epoch: 2 [97280/1281167 (30%)]	Loss: 5.1383	Acc: 8.06%
Train Epoch: 2 [98560/1281167 (31%)]	Loss: 5.1352	Acc: 8.07%
Train Epoch: 2 [99840/1281167 (31%)]	Loss: 5.1336	Acc: 8.09%
Train Epoch: 2 [101120/1281167 (32%)]	Loss: 5.1309	Acc: 8.12%
Train Epoch: 2 [102400/1281167 (32%)]	Loss: 5.1294	Acc: 8.13%
Train Epoch: 2 [103680/1281167 (32%)]	Loss: 5.1275	Acc: 8.14%
Train Epoch: 2 [104960/1281167 (33%)]	Loss: 5.1252	Acc: 8.17%
Train Epoch: 2 [106240/1281167 (33%)]	Loss: 5.1232	Acc: 8.19%
Train Epoch: 2 [107520/1281167 (34%)]	Loss: 5.1208	Acc: 8.20%
Train Epoch: 2 [108800/1281167 (34%)]	Loss: 5.1195	Acc: 8.21%
Train Epoch: 2 [110080/1281167 (34%)]	Loss: 5.1172	Acc: 8.23%
Train Epoch: 2 [111360/1281167 (35%)]	Loss: 5.1143	Acc: 8.23%
Train Epoch: 2 [112640/1281167 (35%)]	Loss: 5.1118	Acc: 8.26%
Train Epoch: 2 [113920/1281167 (36%)]	Loss: 5.1105	Acc: 8.27%
Train Epoch: 2 [115200/1281167 (36%)]	Loss: 5.1082	Acc: 8.29%
Train Epoch: 2 [116480/1281167 (36%)]	Loss: 5.1071	Acc: 8.31%
Train Epoch: 2 [117760/1281167 (37%)]	Loss: 5.1045	Acc: 8.33%
Train Epoch: 2 [119040/1281167 (37%)]	Loss: 5.1030	Acc: 8.35%
Train Epoch: 2 [120320/1281167 (38%)]	Loss: 5.1011	Acc: 8.36%
Train Epoch: 2 [121600/1281167 (38%)]	Loss: 5.0994	Acc: 8.38%
Train Epoch: 2 [122880/1281167 (38%)]	Loss: 5.0977	Acc: 8.40%
Train Epoch: 2 [124160/1281167 (39%)]	Loss: 5.0953	Acc: 8.43%
Train Epoch: 2 [125440/1281167 (39%)]	Loss: 5.0939	Acc: 8.44%
Train Epoch: 2 [126720/1281167 (40%)]	Loss: 5.0914	Acc: 8.46%
Train Epoch: 2 [128000/1281167 (40%)]	Loss: 5.0892	Acc: 8.48%
Train Epoch: 2 [129280/1281167 (40%)]	Loss: 5.0858	Acc: 8.52%
Train Epoch: 2 [130560/1281167 (41%)]	Loss: 5.0841	Acc: 8.54%
Train Epoch: 2 [131840/1281167 (41%)]	Loss: 5.0823	Acc: 8.55%
Train Epoch: 2 [133120/1281167 (42%)]	Loss: 5.0807	Acc: 8.57%
Train Epoch: 2 [134400/1281167 (42%)]	Loss: 5.0780	Acc: 8.60%
Train Epoch: 2 [135680/1281167 (42%)]	Loss: 5.0751	Acc: 8.61%
Train Epoch: 2 [136960/1281167 (43%)]	Loss: 5.0722	Acc: 8.65%
Train Epoch: 2 [138240/1281167 (43%)]	Loss: 5.0700	Acc: 8.66%
Train Epoch: 2 [139520/1281167 (44%)]	Loss: 5.0675	Acc: 8.68%
Train Epoch: 2 [140800/1281167 (44%)]	Loss: 5.0649	Acc: 8.70%
Train Epoch: 2 [142080/1281167 (44%)]	Loss: 5.0628	Acc: 8.73%
Train Epoch: 2 [143360/1281167 (45%)]	Loss: 5.0607	Acc: 8.75%
Train Epoch: 2 [144640/1281167 (45%)]	Loss: 5.0581	Acc: 8.79%
Train Epoch: 2 [145920/1281167 (46%)]	Loss: 5.0560	Acc: 8.81%
Train Epoch: 2 [147200/1281167 (46%)]	Loss: 5.0534	Acc: 8.84%
Train Epoch: 2 [148480/1281167 (46%)]	Loss: 5.0514	Acc: 8.86%
Train Epoch: 2 [149760/1281167 (47%)]	Loss: 5.0497	Acc: 8.88%
Train Epoch: 2 [151040/1281167 (47%)]	Loss: 5.0483	Acc: 8.90%
Train Epoch: 2 [152320/1281167 (48%)]	Loss: 5.0458	Acc: 8.92%
Train Epoch: 2 [153600/1281167 (48%)]	Loss: 5.0449	Acc: 8.93%
Train Epoch: 2 [154880/1281167 (48%)]	Loss: 5.0431	Acc: 8.95%
Train Epoch: 2 [156160/1281167 (49%)]	Loss: 5.0408	Acc: 8.97%
Train Epoch: 2 [157440/1281167 (49%)]	Loss: 5.0388	Acc: 9.01%
Train Epoch: 2 [158720/1281167 (50%)]	Loss: 5.0366	Acc: 9.03%
Train Epoch: 2 [160000/1281167 (50%)]	Loss: 5.0350	Acc: 9.04%
Train Epoch: 2 [161280/1281167 (50%)]	Loss: 5.0327	Acc: 9.07%
Train Epoch: 2 [162560/1281167 (51%)]	Loss: 5.0312	Acc: 9.09%
Train Epoch: 2 [163840/1281167 (51%)]	Loss: 5.0298	Acc: 9.12%
Train Epoch: 2 [165120/1281167 (52%)]	Loss: 5.0275	Acc: 9.14%
Train Epoch: 2 [166400/1281167 (52%)]	Loss: 5.0254	Acc: 9.15%
Train Epoch: 2 [167680/1281167 (52%)]	Loss: 5.0224	Acc: 9.18%
Train Epoch: 2 [168960/1281167 (53%)]	Loss: 5.0200	Acc: 9.22%
Train Epoch: 2 [170240/1281167 (53%)]	Loss: 5.0178	Acc: 9.24%
Train Epoch: 2 [171520/1281167 (54%)]	Loss: 5.0158	Acc: 9.26%
Train Epoch: 2 [172800/1281167 (54%)]	Loss: 5.0142	Acc: 9.28%
Train Epoch: 2 [174080/1281167 (54%)]	Loss: 5.0121	Acc: 9.30%
Train Epoch: 2 [175360/1281167 (55%)]	Loss: 5.0091	Acc: 9.33%
Train Epoch: 2 [176640/1281167 (55%)]	Loss: 5.0071	Acc: 9.35%
Train Epoch: 2 [177920/1281167 (56%)]	Loss: 5.0052	Acc: 9.38%
Train Epoch: 2 [179200/1281167 (56%)]	Loss: 5.0036	Acc: 9.41%
Train Epoch: 2 [180480/1281167 (56%)]	Loss: 5.0017	Acc: 9.43%
Train Epoch: 2 [181760/1281167 (57%)]	Loss: 5.0002	Acc: 9.44%
Train Epoch: 2 [183040/1281167 (57%)]	Loss: 4.9978	Acc: 9.46%
Train Epoch: 2 [184320/1281167 (58%)]	Loss: 4.9957	Acc: 9.48%
Train Epoch: 2 [185600/1281167 (58%)]	Loss: 4.9933	Acc: 9.49%
Train Epoch: 2 [186880/1281167 (58%)]	Loss: 4.9916	Acc: 9.51%
Train Epoch: 2 [188160/1281167 (59%)]	Loss: 4.9894	Acc: 9.53%
Train Epoch: 2 [189440/1281167 (59%)]	Loss: 4.9870	Acc: 9.55%
Train Epoch: 2 [190720/1281167 (60%)]	Loss: 4.9849	Acc: 9.57%
Train Epoch: 2 [192000/1281167 (60%)]	Loss: 4.9831	Acc: 9.59%
Train Epoch: 2 [193280/1281167 (60%)]	Loss: 4.9809	Acc: 9.60%
Train Epoch: 2 [194560/1281167 (61%)]	Loss: 4.9788	Acc: 9.63%
Train Epoch: 2 [195840/1281167 (61%)]	Loss: 4.9772	Acc: 9.65%
Train Epoch: 2 [197120/1281167 (62%)]	Loss: 4.9750	Acc: 9.67%
Train Epoch: 2 [198400/1281167 (62%)]	Loss: 4.9724	Acc: 9.71%
Train Epoch: 2 [199680/1281167 (62%)]	Loss: 4.9701	Acc: 9.74%
Train Epoch: 2 [200960/1281167 (63%)]	Loss: 4.9690	Acc: 9.75%
Train Epoch: 2 [202240/1281167 (63%)]	Loss: 4.9671	Acc: 9.77%
Train Epoch: 2 [203520/1281167 (64%)]	Loss: 4.9651	Acc: 9.79%
Train Epoch: 2 [204800/1281167 (64%)]	Loss: 4.9630	Acc: 9.81%
Train Epoch: 2 [206080/1281167 (64%)]	Loss: 4.9604	Acc: 9.85%
Train Epoch: 2 [207360/1281167 (65%)]	Loss: 4.9580	Acc: 9.87%
Train Epoch: 2 [208640/1281167 (65%)]	Loss: 4.9561	Acc: 9.89%
Train Epoch: 2 [209920/1281167 (66%)]	Loss: 4.9535	Acc: 9.91%
Train Epoch: 2 [211200/1281167 (66%)]	Loss: 4.9511	Acc: 9.93%
Train Epoch: 2 [212480/1281167 (66%)]	Loss: 4.9490	Acc: 9.95%
Train Epoch: 2 [213760/1281167 (67%)]	Loss: 4.9469	Acc: 9.98%
Train Epoch: 2 [215040/1281167 (67%)]	Loss: 4.9452	Acc: 10.00%
Train Epoch: 2 [216320/1281167 (68%)]	Loss: 4.9426	Acc: 10.03%
Train Epoch: 2 [217600/1281167 (68%)]	Loss: 4.9407	Acc: 10.05%
Train Epoch: 2 [218880/1281167 (68%)]	Loss: 4.9389	Acc: 10.06%
Train Epoch: 2 [220160/1281167 (69%)]	Loss: 4.9365	Acc: 10.08%
Train Epoch: 2 [221440/1281167 (69%)]	Loss: 4.9341	Acc: 10.12%
Train Epoch: 2 [222720/1281167 (70%)]	Loss: 4.9322	Acc: 10.14%
Train Epoch: 2 [224000/1281167 (70%)]	Loss: 4.9299	Acc: 10.16%
Train Epoch: 2 [225280/1281167 (70%)]	Loss: 4.9280	Acc: 10.18%
Train Epoch: 2 [226560/1281167 (71%)]	Loss: 4.9261	Acc: 10.21%
Train Epoch: 2 [227840/1281167 (71%)]	Loss: 4.9245	Acc: 10.23%
Train Epoch: 2 [229120/1281167 (72%)]	Loss: 4.9231	Acc: 10.25%
Train Epoch: 2 [230400/1281167 (72%)]	Loss: 4.9208	Acc: 10.27%
Train Epoch: 2 [231680/1281167 (72%)]	Loss: 4.9191	Acc: 10.28%
Train Epoch: 2 [232960/1281167 (73%)]	Loss: 4.9177	Acc: 10.30%
Train Epoch: 2 [234240/1281167 (73%)]	Loss: 4.9158	Acc: 10.32%
Train Epoch: 2 [235520/1281167 (74%)]	Loss: 4.9142	Acc: 10.34%
Train Epoch: 2 [236800/1281167 (74%)]	Loss: 4.9121	Acc: 10.36%
Train Epoch: 2 [238080/1281167 (74%)]	Loss: 4.9100	Acc: 10.39%
Train Epoch: 2 [239360/1281167 (75%)]	Loss: 4.9078	Acc: 10.41%
Train Epoch: 2 [240640/1281167 (75%)]	Loss: 4.9062	Acc: 10.43%
Train Epoch: 2 [241920/1281167 (76%)]	Loss: 4.9040	Acc: 10.45%
Train Epoch: 2 [243200/1281167 (76%)]	Loss: 4.9023	Acc: 10.47%
Train Epoch: 2 [244480/1281167 (76%)]	Loss: 4.9003	Acc: 10.49%
Train Epoch: 2 [245760/1281167 (77%)]	Loss: 4.8986	Acc: 10.51%
Train Epoch: 2 [247040/1281167 (77%)]	Loss: 4.8967	Acc: 10.54%
Train Epoch: 2 [248320/1281167 (78%)]	Loss: 4.8950	Acc: 10.55%
Train Epoch: 2 [249600/1281167 (78%)]	Loss: 4.8930	Acc: 10.57%
Train Epoch: 2 [250880/1281167 (78%)]	Loss: 4.8913	Acc: 10.59%
Train Epoch: 2 [252160/1281167 (79%)]	Loss: 4.8895	Acc: 10.61%
Train Epoch: 2 [253440/1281167 (79%)]	Loss: 4.8879	Acc: 10.63%
Train Epoch: 2 [254720/1281167 (80%)]	Loss: 4.8860	Acc: 10.65%
Train Epoch: 2 [256000/1281167 (80%)]	Loss: 4.8837	Acc: 10.68%
Train Epoch: 2 [257280/1281167 (80%)]	Loss: 4.8819	Acc: 10.70%
Train Epoch: 2 [258560/1281167 (81%)]	Loss: 4.8793	Acc: 10.73%
Train Epoch: 2 [259840/1281167 (81%)]	Loss: 4.8775	Acc: 10.75%
Train Epoch: 2 [261120/1281167 (82%)]	Loss: 4.8755	Acc: 10.76%
Train Epoch: 2 [262400/1281167 (82%)]	Loss: 4.8733	Acc: 10.79%
Train Epoch: 2 [263680/1281167 (82%)]	Loss: 4.8708	Acc: 10.81%
Train Epoch: 2 [264960/1281167 (83%)]	Loss: 4.8689	Acc: 10.83%
Train Epoch: 2 [266240/1281167 (83%)]	Loss: 4.8672	Acc: 10.85%
Train Epoch: 2 [267520/1281167 (83%)]	Loss: 4.8653	Acc: 10.87%
Train Epoch: 2 [268800/1281167 (84%)]	Loss: 4.8634	Acc: 10.89%
Train Epoch: 2 [270080/1281167 (84%)]	Loss: 4.8615	Acc: 10.91%
Train Epoch: 2 [271360/1281167 (85%)]	Loss: 4.8594	Acc: 10.93%
Train Epoch: 2 [272640/1281167 (85%)]	Loss: 4.8573	Acc: 10.96%
Train Epoch: 2 [273920/1281167 (85%)]	Loss: 4.8555	Acc: 10.98%
Train Epoch: 2 [275200/1281167 (86%)]	Loss: 4.8536	Acc: 11.00%
Train Epoch: 2 [276480/1281167 (86%)]	Loss: 4.8515	Acc: 11.02%
Train Epoch: 2 [277760/1281167 (87%)]	Loss: 4.8495	Acc: 11.04%
Train Epoch: 2 [279040/1281167 (87%)]	Loss: 4.8479	Acc: 11.06%
Train Epoch: 2 [280320/1281167 (87%)]	Loss: 4.8460	Acc: 11.07%
Train Epoch: 2 [281600/1281167 (88%)]	Loss: 4.8446	Acc: 11.09%
Train Epoch: 2 [282880/1281167 (88%)]	Loss: 4.8424	Acc: 11.12%
Train Epoch: 2 [284160/1281167 (89%)]	Loss: 4.8408	Acc: 11.14%
Train Epoch: 2 [285440/1281167 (89%)]	Loss: 4.8392	Acc: 11.16%
Train Epoch: 2 [286720/1281167 (89%)]	Loss: 4.8370	Acc: 11.18%
Train Epoch: 2 [288000/1281167 (90%)]	Loss: 4.8348	Acc: 11.20%
Train Epoch: 2 [289280/1281167 (90%)]	Loss: 4.8329	Acc: 11.22%
Train Epoch: 2 [290560/1281167 (91%)]	Loss: 4.8311	Acc: 11.24%
Train Epoch: 2 [291840/1281167 (91%)]	Loss: 4.8293	Acc: 11.26%
Train Epoch: 2 [293120/1281167 (91%)]	Loss: 4.8275	Acc: 11.28%
Train Epoch: 2 [294400/1281167 (92%)]	Loss: 4.8259	Acc: 11.30%
Train Epoch: 2 [295680/1281167 (92%)]	Loss: 4.8239	Acc: 11.32%
Train Epoch: 2 [296960/1281167 (93%)]	Loss: 4.8218	Acc: 11.34%
Train Epoch: 2 [298240/1281167 (93%)]	Loss: 4.8199	Acc: 11.37%
Train Epoch: 2 [299520/1281167 (93%)]	Loss: 4.8178	Acc: 11.38%
Train Epoch: 2 [300800/1281167 (94%)]	Loss: 4.8158	Acc: 11.40%
Train Epoch: 2 [302080/1281167 (94%)]	Loss: 4.8139	Acc: 11.43%
Train Epoch: 2 [303360/1281167 (95%)]	Loss: 4.8121	Acc: 11.45%
Train Epoch: 2 [304640/1281167 (95%)]	Loss: 4.8101	Acc: 11.47%
Train Epoch: 2 [305920/1281167 (95%)]	Loss: 4.8084	Acc: 11.50%
Train Epoch: 2 [307200/1281167 (96%)]	Loss: 4.8066	Acc: 11.52%
Train Epoch: 2 [308480/1281167 (96%)]	Loss: 4.8049	Acc: 11.53%
Train Epoch: 2 [309760/1281167 (97%)]	Loss: 4.8030	Acc: 11.55%
Train Epoch: 2 [311040/1281167 (97%)]	Loss: 4.8010	Acc: 11.58%
Train Epoch: 2 [312320/1281167 (97%)]	Loss: 4.7992	Acc: 11.59%
Train Epoch: 2 [313600/1281167 (98%)]	Loss: 4.7975	Acc: 11.61%
Train Epoch: 2 [314880/1281167 (98%)]	Loss: 4.7953	Acc: 11.63%
Train Epoch: 2 [316160/1281167 (99%)]	Loss: 4.7929	Acc: 11.66%
Train Epoch: 2 [317440/1281167 (99%)]	Loss: 4.7912	Acc: 11.69%
Train Epoch: 2 [318720/1281167 (99%)]	Loss: 4.7895	Acc: 11.71%
Train Epoch: 2 [320000/1281167 (100%)]	Loss: 4.7877	Acc: 11.72%
Train Epoch: 2	Loss: 4.7875	Acc: 11.72%	Time: 393.56s
Validation Epoch: 2	Loss: 1.0293	Acc: 4.62%	Time: 43.79s
保存最佳模型, 精度: 4.62%

--- Epoch 3/3 ---
Train Epoch: 3 [0/1281167 (0%)]	Loss: 4.0987	Acc: 17.97%
Train Epoch: 3 [1280/1281167 (0%)]	Loss: 4.2458	Acc: 17.61%
Train Epoch: 3 [2560/1281167 (1%)]	Loss: 4.2941	Acc: 16.96%
Train Epoch: 3 [3840/1281167 (1%)]	Loss: 4.3029	Acc: 16.89%
Train Epoch: 3 [5120/1281167 (2%)]	Loss: 4.2799	Acc: 17.24%
Train Epoch: 3 [6400/1281167 (2%)]	Loss: 4.2827	Acc: 17.13%
Train Epoch: 3 [7680/1281167 (2%)]	Loss: 4.2861	Acc: 16.98%
Train Epoch: 3 [8960/1281167 (3%)]	Loss: 4.3013	Acc: 16.92%
Train Epoch: 3 [10240/1281167 (3%)]	Loss: 4.3044	Acc: 17.08%
Train Epoch: 3 [11520/1281167 (4%)]	Loss: 4.3078	Acc: 17.02%
Train Epoch: 3 [12800/1281167 (4%)]	Loss: 4.3096	Acc: 16.90%
Train Epoch: 3 [14080/1281167 (4%)]	Loss: 4.3019	Acc: 17.07%
Train Epoch: 3 [15360/1281167 (5%)]	Loss: 4.2880	Acc: 17.03%
Train Epoch: 3 [16640/1281167 (5%)]	Loss: 4.2923	Acc: 16.91%
Train Epoch: 3 [17920/1281167 (6%)]	Loss: 4.2930	Acc: 16.93%
Train Epoch: 3 [19200/1281167 (6%)]	Loss: 4.2905	Acc: 16.96%
Train Epoch: 3 [20480/1281167 (6%)]	Loss: 4.2938	Acc: 16.91%
Train Epoch: 3 [21760/1281167 (7%)]	Loss: 4.2983	Acc: 16.91%
Train Epoch: 3 [23040/1281167 (7%)]	Loss: 4.2993	Acc: 16.86%
Train Epoch: 3 [24320/1281167 (8%)]	Loss: 4.2947	Acc: 16.98%
Train Epoch: 3 [25600/1281167 (8%)]	Loss: 4.2905	Acc: 17.07%
Train Epoch: 3 [26880/1281167 (8%)]	Loss: 4.2911	Acc: 17.04%
Train Epoch: 3 [28160/1281167 (9%)]	Loss: 4.2906	Acc: 17.00%
Train Epoch: 3 [29440/1281167 (9%)]	Loss: 4.2882	Acc: 17.01%
Train Epoch: 3 [30720/1281167 (10%)]	Loss: 4.2896	Acc: 16.99%
Train Epoch: 3 [32000/1281167 (10%)]	Loss: 4.2893	Acc: 17.04%
Train Epoch: 3 [33280/1281167 (10%)]	Loss: 4.2887	Acc: 17.06%
Train Epoch: 3 [34560/1281167 (11%)]	Loss: 4.2875	Acc: 17.07%
Train Epoch: 3 [35840/1281167 (11%)]	Loss: 4.2865	Acc: 17.08%
Train Epoch: 3 [37120/1281167 (12%)]	Loss: 4.2834	Acc: 17.09%
Train Epoch: 3 [38400/1281167 (12%)]	Loss: 4.2814	Acc: 17.11%
Train Epoch: 3 [39680/1281167 (12%)]	Loss: 4.2806	Acc: 17.19%
Train Epoch: 3 [40960/1281167 (13%)]	Loss: 4.2785	Acc: 17.20%
Train Epoch: 3 [42240/1281167 (13%)]	Loss: 4.2774	Acc: 17.23%
Train Epoch: 3 [43520/1281167 (14%)]	Loss: 4.2769	Acc: 17.28%
Train Epoch: 3 [44800/1281167 (14%)]	Loss: 4.2783	Acc: 17.26%
Train Epoch: 3 [46080/1281167 (14%)]	Loss: 4.2760	Acc: 17.31%
Train Epoch: 3 [47360/1281167 (15%)]	Loss: 4.2724	Acc: 17.37%
Train Epoch: 3 [48640/1281167 (15%)]	Loss: 4.2681	Acc: 17.40%
Train Epoch: 3 [49920/1281167 (16%)]	Loss: 4.2661	Acc: 17.42%
Train Epoch: 3 [51200/1281167 (16%)]	Loss: 4.2666	Acc: 17.41%
Train Epoch: 3 [52480/1281167 (16%)]	Loss: 4.2629	Acc: 17.49%
Train Epoch: 3 [53760/1281167 (17%)]	Loss: 4.2608	Acc: 17.49%
Train Epoch: 3 [55040/1281167 (17%)]	Loss: 4.2597	Acc: 17.52%
Train Epoch: 3 [56320/1281167 (18%)]	Loss: 4.2583	Acc: 17.53%
Train Epoch: 3 [57600/1281167 (18%)]	Loss: 4.2553	Acc: 17.52%
Train Epoch: 3 [58880/1281167 (18%)]	Loss: 4.2506	Acc: 17.59%
Train Epoch: 3 [60160/1281167 (19%)]	Loss: 4.2471	Acc: 17.64%
Train Epoch: 3 [61440/1281167 (19%)]	Loss: 4.2439	Acc: 17.68%
Train Epoch: 3 [62720/1281167 (20%)]	Loss: 4.2415	Acc: 17.70%
Train Epoch: 3 [64000/1281167 (20%)]	Loss: 4.2402	Acc: 17.74%
Train Epoch: 3 [65280/1281167 (20%)]	Loss: 4.2389	Acc: 17.75%
Train Epoch: 3 [66560/1281167 (21%)]	Loss: 4.2376	Acc: 17.78%
Train Epoch: 3 [67840/1281167 (21%)]	Loss: 4.2360	Acc: 17.81%
Train Epoch: 3 [69120/1281167 (22%)]	Loss: 4.2338	Acc: 17.82%
Train Epoch: 3 [70400/1281167 (22%)]	Loss: 4.2339	Acc: 17.84%
Train Epoch: 3 [71680/1281167 (22%)]	Loss: 4.2352	Acc: 17.84%
Train Epoch: 3 [72960/1281167 (23%)]	Loss: 4.2333	Acc: 17.86%
Train Epoch: 3 [74240/1281167 (23%)]	Loss: 4.2318	Acc: 17.88%
Train Epoch: 3 [75520/1281167 (24%)]	Loss: 4.2315	Acc: 17.90%
Train Epoch: 3 [76800/1281167 (24%)]	Loss: 4.2296	Acc: 17.91%
Train Epoch: 3 [78080/1281167 (24%)]	Loss: 4.2278	Acc: 17.93%
Train Epoch: 3 [79360/1281167 (25%)]	Loss: 4.2261	Acc: 17.92%
Train Epoch: 3 [80640/1281167 (25%)]	Loss: 4.2258	Acc: 17.93%
Train Epoch: 3 [81920/1281167 (26%)]	Loss: 4.2255	Acc: 17.93%
Train Epoch: 3 [83200/1281167 (26%)]	Loss: 4.2243	Acc: 17.94%
Train Epoch: 3 [84480/1281167 (26%)]	Loss: 4.2217	Acc: 17.97%
Train Epoch: 3 [85760/1281167 (27%)]	Loss: 4.2219	Acc: 17.97%
Train Epoch: 3 [87040/1281167 (27%)]	Loss: 4.2195	Acc: 18.02%
Train Epoch: 3 [88320/1281167 (28%)]	Loss: 4.2188	Acc: 18.03%
Train Epoch: 3 [89600/1281167 (28%)]	Loss: 4.2174	Acc: 18.05%
Train Epoch: 3 [90880/1281167 (28%)]	Loss: 4.2173	Acc: 18.05%
Train Epoch: 3 [92160/1281167 (29%)]	Loss: 4.2155	Acc: 18.08%
Train Epoch: 3 [93440/1281167 (29%)]	Loss: 4.2145	Acc: 18.10%
Train Epoch: 3 [94720/1281167 (30%)]	Loss: 4.2135	Acc: 18.12%
Train Epoch: 3 [96000/1281167 (30%)]	Loss: 4.2125	Acc: 18.15%
Train Epoch: 3 [97280/1281167 (30%)]	Loss: 4.2114	Acc: 18.18%
Train Epoch: 3 [98560/1281167 (31%)]	Loss: 4.2104	Acc: 18.20%
Train Epoch: 3 [99840/1281167 (31%)]	Loss: 4.2084	Acc: 18.24%
Train Epoch: 3 [101120/1281167 (32%)]	Loss: 4.2064	Acc: 18.27%
Train Epoch: 3 [102400/1281167 (32%)]	Loss: 4.2033	Acc: 18.31%
Train Epoch: 3 [103680/1281167 (32%)]	Loss: 4.2024	Acc: 18.32%
Train Epoch: 3 [104960/1281167 (33%)]	Loss: 4.2032	Acc: 18.31%
Train Epoch: 3 [106240/1281167 (33%)]	Loss: 4.2019	Acc: 18.33%
Train Epoch: 3 [107520/1281167 (34%)]	Loss: 4.1994	Acc: 18.37%
Train Epoch: 3 [108800/1281167 (34%)]	Loss: 4.1978	Acc: 18.39%
Train Epoch: 3 [110080/1281167 (34%)]	Loss: 4.1949	Acc: 18.42%
Train Epoch: 3 [111360/1281167 (35%)]	Loss: 4.1934	Acc: 18.43%
Train Epoch: 3 [112640/1281167 (35%)]	Loss: 4.1917	Acc: 18.45%
Train Epoch: 3 [113920/1281167 (36%)]	Loss: 4.1908	Acc: 18.46%
Train Epoch: 3 [115200/1281167 (36%)]	Loss: 4.1889	Acc: 18.48%
Train Epoch: 3 [116480/1281167 (36%)]	Loss: 4.1883	Acc: 18.49%
Train Epoch: 3 [117760/1281167 (37%)]	Loss: 4.1881	Acc: 18.51%
Train Epoch: 3 [119040/1281167 (37%)]	Loss: 4.1879	Acc: 18.51%
Train Epoch: 3 [120320/1281167 (38%)]	Loss: 4.1859	Acc: 18.54%
Train Epoch: 3 [121600/1281167 (38%)]	Loss: 4.1849	Acc: 18.55%
Train Epoch: 3 [122880/1281167 (38%)]	Loss: 4.1831	Acc: 18.57%
Train Epoch: 3 [124160/1281167 (39%)]	Loss: 4.1822	Acc: 18.58%
Train Epoch: 3 [125440/1281167 (39%)]	Loss: 4.1816	Acc: 18.59%
Train Epoch: 3 [126720/1281167 (40%)]	Loss: 4.1806	Acc: 18.60%
Train Epoch: 3 [128000/1281167 (40%)]	Loss: 4.1788	Acc: 18.63%
Train Epoch: 3 [129280/1281167 (40%)]	Loss: 4.1771	Acc: 18.66%
Train Epoch: 3 [130560/1281167 (41%)]	Loss: 4.1756	Acc: 18.69%
Train Epoch: 3 [131840/1281167 (41%)]	Loss: 4.1751	Acc: 18.70%
Train Epoch: 3 [133120/1281167 (42%)]	Loss: 4.1737	Acc: 18.70%
Train Epoch: 3 [134400/1281167 (42%)]	Loss: 4.1722	Acc: 18.72%
Train Epoch: 3 [135680/1281167 (42%)]	Loss: 4.1704	Acc: 18.75%
Train Epoch: 3 [136960/1281167 (43%)]	Loss: 4.1686	Acc: 18.76%
Train Epoch: 3 [138240/1281167 (43%)]	Loss: 4.1674	Acc: 18.77%
Train Epoch: 3 [139520/1281167 (44%)]	Loss: 4.1661	Acc: 18.79%
Train Epoch: 3 [140800/1281167 (44%)]	Loss: 4.1657	Acc: 18.80%
Train Epoch: 3 [142080/1281167 (44%)]	Loss: 4.1642	Acc: 18.83%
Train Epoch: 3 [143360/1281167 (45%)]	Loss: 4.1622	Acc: 18.85%
Train Epoch: 3 [144640/1281167 (45%)]	Loss: 4.1604	Acc: 18.88%
Train Epoch: 3 [145920/1281167 (46%)]	Loss: 4.1592	Acc: 18.89%
Train Epoch: 3 [147200/1281167 (46%)]	Loss: 4.1578	Acc: 18.92%
Train Epoch: 3 [148480/1281167 (46%)]	Loss: 4.1569	Acc: 18.94%
Train Epoch: 3 [149760/1281167 (47%)]	Loss: 4.1556	Acc: 18.96%
Train Epoch: 3 [151040/1281167 (47%)]	Loss: 4.1541	Acc: 18.98%
Train Epoch: 3 [152320/1281167 (48%)]	Loss: 4.1532	Acc: 19.00%
Train Epoch: 3 [153600/1281167 (48%)]	Loss: 4.1518	Acc: 19.01%
Train Epoch: 3 [154880/1281167 (48%)]	Loss: 4.1496	Acc: 19.03%
Train Epoch: 3 [156160/1281167 (49%)]	Loss: 4.1491	Acc: 19.04%
Train Epoch: 3 [157440/1281167 (49%)]	Loss: 4.1480	Acc: 19.05%
Train Epoch: 3 [158720/1281167 (50%)]	Loss: 4.1471	Acc: 19.06%
Train Epoch: 3 [160000/1281167 (50%)]	Loss: 4.1450	Acc: 19.09%
Train Epoch: 3 [161280/1281167 (50%)]	Loss: 4.1438	Acc: 19.11%
Train Epoch: 3 [162560/1281167 (51%)]	Loss: 4.1424	Acc: 19.12%
Train Epoch: 3 [163840/1281167 (51%)]	Loss: 4.1406	Acc: 19.15%
Train Epoch: 3 [165120/1281167 (52%)]	Loss: 4.1397	Acc: 19.16%
Train Epoch: 3 [166400/1281167 (52%)]	Loss: 4.1376	Acc: 19.18%
Train Epoch: 3 [167680/1281167 (52%)]	Loss: 4.1362	Acc: 19.20%
Train Epoch: 3 [168960/1281167 (53%)]	Loss: 4.1356	Acc: 19.20%
Train Epoch: 3 [170240/1281167 (53%)]	Loss: 4.1345	Acc: 19.22%
Train Epoch: 3 [171520/1281167 (54%)]	Loss: 4.1330	Acc: 19.23%
Train Epoch: 3 [172800/1281167 (54%)]	Loss: 4.1315	Acc: 19.26%
Train Epoch: 3 [174080/1281167 (54%)]	Loss: 4.1298	Acc: 19.28%
Train Epoch: 3 [175360/1281167 (55%)]	Loss: 4.1287	Acc: 19.28%
Train Epoch: 3 [176640/1281167 (55%)]	Loss: 4.1278	Acc: 19.28%
Train Epoch: 3 [177920/1281167 (56%)]	Loss: 4.1269	Acc: 19.30%
Train Epoch: 3 [179200/1281167 (56%)]	Loss: 4.1258	Acc: 19.32%
Train Epoch: 3 [180480/1281167 (56%)]	Loss: 4.1253	Acc: 19.34%
Train Epoch: 3 [181760/1281167 (57%)]	Loss: 4.1240	Acc: 19.35%
Train Epoch: 3 [183040/1281167 (57%)]	Loss: 4.1229	Acc: 19.36%
Train Epoch: 3 [184320/1281167 (58%)]	Loss: 4.1217	Acc: 19.38%
Train Epoch: 3 [185600/1281167 (58%)]	Loss: 4.1208	Acc: 19.39%
Train Epoch: 3 [186880/1281167 (58%)]	Loss: 4.1199	Acc: 19.41%
Train Epoch: 3 [188160/1281167 (59%)]	Loss: 4.1183	Acc: 19.43%
Train Epoch: 3 [189440/1281167 (59%)]	Loss: 4.1174	Acc: 19.44%
Train Epoch: 3 [190720/1281167 (60%)]	Loss: 4.1162	Acc: 19.46%
Train Epoch: 3 [192000/1281167 (60%)]	Loss: 4.1148	Acc: 19.48%
Train Epoch: 3 [193280/1281167 (60%)]	Loss: 4.1135	Acc: 19.50%
Train Epoch: 3 [194560/1281167 (61%)]	Loss: 4.1120	Acc: 19.53%
Train Epoch: 3 [195840/1281167 (61%)]	Loss: 4.1103	Acc: 19.55%
Train Epoch: 3 [197120/1281167 (62%)]	Loss: 4.1090	Acc: 19.55%
Train Epoch: 3 [198400/1281167 (62%)]	Loss: 4.1074	Acc: 19.58%
Train Epoch: 3 [199680/1281167 (62%)]	Loss: 4.1061	Acc: 19.60%
Train Epoch: 3 [200960/1281167 (63%)]	Loss: 4.1051	Acc: 19.62%
Train Epoch: 3 [202240/1281167 (63%)]	Loss: 4.1030	Acc: 19.64%
Train Epoch: 3 [203520/1281167 (64%)]	Loss: 4.1009	Acc: 19.67%
Train Epoch: 3 [204800/1281167 (64%)]	Loss: 4.0996	Acc: 19.68%
Train Epoch: 3 [206080/1281167 (64%)]	Loss: 4.0986	Acc: 19.70%
Train Epoch: 3 [207360/1281167 (65%)]	Loss: 4.0977	Acc: 19.72%
Train Epoch: 3 [208640/1281167 (65%)]	Loss: 4.0963	Acc: 19.74%
Train Epoch: 3 [209920/1281167 (66%)]	Loss: 4.0947	Acc: 19.76%
Train Epoch: 3 [211200/1281167 (66%)]	Loss: 4.0924	Acc: 19.78%
Train Epoch: 3 [212480/1281167 (66%)]	Loss: 4.0912	Acc: 19.80%
Train Epoch: 3 [213760/1281167 (67%)]	Loss: 4.0900	Acc: 19.82%
Train Epoch: 3 [215040/1281167 (67%)]	Loss: 4.0890	Acc: 19.83%
Train Epoch: 3 [216320/1281167 (68%)]	Loss: 4.0882	Acc: 19.85%
Train Epoch: 3 [217600/1281167 (68%)]	Loss: 4.0869	Acc: 19.87%
Train Epoch: 3 [218880/1281167 (68%)]	Loss: 4.0853	Acc: 19.88%
Train Epoch: 3 [220160/1281167 (69%)]	Loss: 4.0838	Acc: 19.90%
Train Epoch: 3 [221440/1281167 (69%)]	Loss: 4.0821	Acc: 19.92%
Train Epoch: 3 [222720/1281167 (70%)]	Loss: 4.0804	Acc: 19.95%
Train Epoch: 3 [224000/1281167 (70%)]	Loss: 4.0799	Acc: 19.96%
Train Epoch: 3 [225280/1281167 (70%)]	Loss: 4.0788	Acc: 19.97%
Train Epoch: 3 [226560/1281167 (71%)]	Loss: 4.0777	Acc: 19.99%
Train Epoch: 3 [227840/1281167 (71%)]	Loss: 4.0763	Acc: 20.00%
Train Epoch: 3 [229120/1281167 (72%)]	Loss: 4.0752	Acc: 20.02%
Train Epoch: 3 [230400/1281167 (72%)]	Loss: 4.0746	Acc: 20.04%
Train Epoch: 3 [231680/1281167 (72%)]	Loss: 4.0737	Acc: 20.04%
Train Epoch: 3 [232960/1281167 (73%)]	Loss: 4.0724	Acc: 20.07%
Train Epoch: 3 [234240/1281167 (73%)]	Loss: 4.0715	Acc: 20.08%
Train Epoch: 3 [235520/1281167 (74%)]	Loss: 4.0695	Acc: 20.11%
Train Epoch: 3 [236800/1281167 (74%)]	Loss: 4.0683	Acc: 20.13%
Train Epoch: 3 [238080/1281167 (74%)]	Loss: 4.0675	Acc: 20.14%
Train Epoch: 3 [239360/1281167 (75%)]	Loss: 4.0667	Acc: 20.15%
Train Epoch: 3 [240640/1281167 (75%)]	Loss: 4.0658	Acc: 20.17%
Train Epoch: 3 [241920/1281167 (76%)]	Loss: 4.0648	Acc: 20.20%
Train Epoch: 3 [243200/1281167 (76%)]	Loss: 4.0633	Acc: 20.22%
Train Epoch: 3 [244480/1281167 (76%)]	Loss: 4.0617	Acc: 20.24%
Train Epoch: 3 [245760/1281167 (77%)]	Loss: 4.0612	Acc: 20.24%
Train Epoch: 3 [247040/1281167 (77%)]	Loss: 4.0596	Acc: 20.26%
Train Epoch: 3 [248320/1281167 (78%)]	Loss: 4.0586	Acc: 20.28%
Train Epoch: 3 [249600/1281167 (78%)]	Loss: 4.0578	Acc: 20.29%
Train Epoch: 3 [250880/1281167 (78%)]	Loss: 4.0568	Acc: 20.31%
Train Epoch: 3 [252160/1281167 (79%)]	Loss: 4.0558	Acc: 20.33%
Train Epoch: 3 [253440/1281167 (79%)]	Loss: 4.0549	Acc: 20.34%
Train Epoch: 3 [254720/1281167 (80%)]	Loss: 4.0535	Acc: 20.37%
Train Epoch: 3 [256000/1281167 (80%)]	Loss: 4.0518	Acc: 20.39%
Train Epoch: 3 [257280/1281167 (80%)]	Loss: 4.0504	Acc: 20.41%
Train Epoch: 3 [258560/1281167 (81%)]	Loss: 4.0491	Acc: 20.43%
Train Epoch: 3 [259840/1281167 (81%)]	Loss: 4.0477	Acc: 20.45%
Train Epoch: 3 [261120/1281167 (82%)]	Loss: 4.0465	Acc: 20.46%
Train Epoch: 3 [262400/1281167 (82%)]	Loss: 4.0456	Acc: 20.48%
Train Epoch: 3 [263680/1281167 (82%)]	Loss: 4.0440	Acc: 20.51%
Train Epoch: 3 [264960/1281167 (83%)]	Loss: 4.0432	Acc: 20.52%
Train Epoch: 3 [266240/1281167 (83%)]	Loss: 4.0420	Acc: 20.55%
Train Epoch: 3 [267520/1281167 (83%)]	Loss: 4.0409	Acc: 20.57%
Train Epoch: 3 [268800/1281167 (84%)]	Loss: 4.0391	Acc: 20.58%
Train Epoch: 3 [270080/1281167 (84%)]	Loss: 4.0378	Acc: 20.61%
Train Epoch: 3 [271360/1281167 (85%)]	Loss: 4.0362	Acc: 20.63%
Train Epoch: 3 [272640/1281167 (85%)]	Loss: 4.0350	Acc: 20.64%
Train Epoch: 3 [273920/1281167 (85%)]	Loss: 4.0338	Acc: 20.67%
Train Epoch: 3 [275200/1281167 (86%)]	Loss: 4.0331	Acc: 20.67%
Train Epoch: 3 [276480/1281167 (86%)]	Loss: 4.0313	Acc: 20.70%
Train Epoch: 3 [277760/1281167 (87%)]	Loss: 4.0301	Acc: 20.71%
Train Epoch: 3 [279040/1281167 (87%)]	Loss: 4.0289	Acc: 20.73%
Train Epoch: 3 [280320/1281167 (87%)]	Loss: 4.0283	Acc: 20.74%
Train Epoch: 3 [281600/1281167 (88%)]	Loss: 4.0270	Acc: 20.76%
Train Epoch: 3 [282880/1281167 (88%)]	Loss: 4.0258	Acc: 20.77%
Train Epoch: 3 [284160/1281167 (89%)]	Loss: 4.0249	Acc: 20.79%
Train Epoch: 3 [285440/1281167 (89%)]	Loss: 4.0240	Acc: 20.80%
Train Epoch: 3 [286720/1281167 (89%)]	Loss: 4.0231	Acc: 20.81%
Train Epoch: 3 [288000/1281167 (90%)]	Loss: 4.0218	Acc: 20.82%
Train Epoch: 3 [289280/1281167 (90%)]	Loss: 4.0205	Acc: 20.84%
Train Epoch: 3 [290560/1281167 (91%)]	Loss: 4.0190	Acc: 20.86%
Train Epoch: 3 [291840/1281167 (91%)]	Loss: 4.0179	Acc: 20.87%
Train Epoch: 3 [293120/1281167 (91%)]	Loss: 4.0168	Acc: 20.89%
Train Epoch: 3 [294400/1281167 (92%)]	Loss: 4.0151	Acc: 20.92%
Train Epoch: 3 [295680/1281167 (92%)]	Loss: 4.0138	Acc: 20.94%
Train Epoch: 3 [296960/1281167 (93%)]	Loss: 4.0123	Acc: 20.96%
Train Epoch: 3 [298240/1281167 (93%)]	Loss: 4.0116	Acc: 20.96%
Train Epoch: 3 [299520/1281167 (93%)]	Loss: 4.0108	Acc: 20.98%
Train Epoch: 3 [300800/1281167 (94%)]	Loss: 4.0097	Acc: 21.00%
Train Epoch: 3 [302080/1281167 (94%)]	Loss: 4.0086	Acc: 21.01%
Train Epoch: 3 [303360/1281167 (95%)]	Loss: 4.0075	Acc: 21.03%
Train Epoch: 3 [304640/1281167 (95%)]	Loss: 4.0065	Acc: 21.04%
Train Epoch: 3 [305920/1281167 (95%)]	Loss: 4.0057	Acc: 21.04%
Train Epoch: 3 [307200/1281167 (96%)]	Loss: 4.0048	Acc: 21.05%
Train Epoch: 3 [308480/1281167 (96%)]	Loss: 4.0035	Acc: 21.07%
Train Epoch: 3 [309760/1281167 (97%)]	Loss: 4.0017	Acc: 21.09%
Train Epoch: 3 [311040/1281167 (97%)]	Loss: 4.0007	Acc: 21.10%
Train Epoch: 3 [312320/1281167 (97%)]	Loss: 3.9994	Acc: 21.12%
Train Epoch: 3 [313600/1281167 (98%)]	Loss: 3.9980	Acc: 21.15%
Train Epoch: 3 [314880/1281167 (98%)]	Loss: 3.9968	Acc: 21.16%
Train Epoch: 3 [316160/1281167 (99%)]	Loss: 3.9954	Acc: 21.18%
Train Epoch: 3 [317440/1281167 (99%)]	Loss: 3.9944	Acc: 21.19%
Train Epoch: 3 [318720/1281167 (99%)]	Loss: 3.9934	Acc: 21.21%
Train Epoch: 3 [320000/1281167 (100%)]	Loss: 3.9926	Acc: 21.22%
Train Epoch: 3	Loss: 3.9927	Acc: 21.22%	Time: 407.67s
Validation Epoch: 3	Loss: 0.8571	Acc: 6.89%	Time: 40.73s
保存最佳模型, 精度: 6.89%

训练完成!
最佳验证准确率: 6.89%
平均每个epoch训练时间: 407.83秒
平均每个epoch验证时间: 41.13秒
